#! /usr/bin/vvp
:ivl_version "10.3 (stable)";
:ivl_delay_selection "TYPICAL";
:vpi_time_precision + 0;
:vpi_module "system";
:vpi_module "vhdl_sys";
:vpi_module "v2005_math";
:vpi_module "va_math";
S_0x55700cf3b160 .scope module, "time_divider_tb" "time_divider_tb" 2 1;
 .timescale 0 0;
v0x55700cf70990_0 .var/i "i", 31 0;
v0x55700cf70a70_0 .var "i_CLK", 0 0;
v0x55700cf70b30_0 .var "i_RST", 0 0;
v0x55700cf70c30_0 .net "o_CLK", 0 0, v0x55700cf70720_0;  1 drivers
S_0x55700cf5de80 .scope module, "divider" "time_divider" 2 6, 3 1 0, S_0x55700cf3b160;
 .timescale 0 0;
    .port_info 0 /INPUT 1 "i_CLK"
    .port_info 1 /INPUT 1 "i_RST"
    .port_info 2 /OUTPUT 1 "o_CLK"
P_0x55700cf5e050 .param/l "ratio" 0 3 2, +C4<00000000000000000000000000001010>;
v0x55700cf5e140_0 .var/i "c", 31 0;
v0x55700cf70590_0 .net "i_CLK", 0 0, v0x55700cf70a70_0;  1 drivers
v0x55700cf70650_0 .net "i_RST", 0 0, v0x55700cf70b30_0;  1 drivers
v0x55700cf70720_0 .var "o_CLK", 0 0;
v0x55700cf707e0_0 .var/i "target", 31 0;
E_0x55700cf5e670 .event posedge, v0x55700cf70590_0;
    .scope S_0x55700cf5de80;
T_0 ;
    %pushi/vec4 5, 0, 32;
    %store/vec4 v0x55700cf707e0_0, 0, 32;
    %end;
    .thread T_0;
    .scope S_0x55700cf5de80;
T_1 ;
    %pushi/vec4 0, 0, 1;
    %store/vec4 v0x55700cf70720_0, 0, 1;
    %pushi/vec4 0, 0, 32;
    %store/vec4 v0x55700cf5e140_0, 0, 32;
    %end;
    .thread T_1;
    .scope S_0x55700cf5de80;
T_2 ;
    %wait E_0x55700cf5e670;
    %load/vec4 v0x55700cf70650_0;
    %pad/u 32;
    %cmpi/e 1, 0, 32;
    %jmp/0xz  T_2.0, 4;
    %pushi/vec4 0, 0, 32;
    %store/vec4 v0x55700cf5e140_0, 0, 32;
    %pushi/vec4 0, 0, 1;
    %store/vec4 v0x55700cf70720_0, 0, 1;
    %jmp T_2.1;
T_2.0 ;
    %load/vec4 v0x55700cf5e140_0;
    %addi 1, 0, 32;
    %store/vec4 v0x55700cf5e140_0, 0, 32;
T_2.1 ;
    %load/vec4 v0x55700cf5e140_0;
    %load/vec4 v0x55700cf707e0_0;
    %cmp/e;
    %jmp/0xz  T_2.2, 4;
    %load/vec4 v0x55700cf70720_0;
    %inv;
    %store/vec4 v0x55700cf70720_0, 0, 1;
    %pushi/vec4 0, 0, 32;
    %store/vec4 v0x55700cf5e140_0, 0, 32;
T_2.2 ;
    %jmp T_2;
    .thread T_2;
    .scope S_0x55700cf3b160;
T_3 ;
    %vpi_call 2 8 "$dumpfile", "./build/wave.vcd" {0 0 0};
    %vpi_call 2 9 "$dumpvars", 32'sb00000000000000000000000000000000, S_0x55700cf3b160 {0 0 0};
    %delay 10000, 0;
    %vpi_call 2 10 "$finish" {0 0 0};
    %end;
    .thread T_3;
    .scope S_0x55700cf3b160;
T_4 ;
    %pushi/vec4 0, 0, 1;
    %assign/vec4 v0x55700cf70b30_0, 0;
    %pushi/vec4 0, 0, 1;
    %assign/vec4 v0x55700cf70a70_0, 0;
    %end;
    .thread T_4;
    .scope S_0x55700cf3b160;
T_5 ;
    %pushi/vec4 0, 0, 32;
    %store/vec4 v0x55700cf70990_0, 0, 32;
T_5.0 ;
    %load/vec4 v0x55700cf70990_0;
    %cmpi/s 100, 0, 32;
    %jmp/0xz T_5.1, 5;
    %delay 5, 0;
    %load/vec4 v0x55700cf70a70_0;
    %inv;
    %store/vec4 v0x55700cf70a70_0, 0, 1;
    %load/vec4 v0x55700cf70990_0;
    %addi 1, 0, 32;
    %store/vec4 v0x55700cf70990_0, 0, 32;
    %jmp T_5.0;
T_5.1 ;
    %end;
    .thread T_5;
# The file index is used to find the file name in the following table.
:file_names 4;
    "N/A";
    "<interactive>";
    "./src/time_divider_tb.v";
    "./src/time_divider.v";
