#! /usr/bin/vvp
:ivl_version "10.3 (stable)";
:ivl_delay_selection "TYPICAL";
:vpi_time_precision + 0;
:vpi_module "system";
:vpi_module "vhdl_sys";
:vpi_module "v2005_math";
:vpi_module "va_math";
S_0x5612126bdc70 .scope module, "kb_driver1_tb" "kb_driver1_tb" 2 1;
 .timescale 0 0;
v0x5612126e8600_0 .var/i "i", 31 0;
v0x5612126e8700_0 .var "i_data", 0 0;
v0x5612126e87c0_0 .var "i_rst_n", 0 0;
v0x5612126e88c0_0 .var "i_sclk", 0 0;
v0x5612126e8990_0 .net "o_done", 0 0, L_0x5612126ead50;  1 drivers
v0x5612126e8a30_0 .net "o_frame_data", 7 0, v0x5612126e83a0_0;  1 drivers
S_0x5612126c21b0 .scope module, "inst" "kb_driver1" 2 38, 3 1 0, S_0x5612126bdc70;
 .timescale 0 0;
    .port_info 0 /INPUT 1 "i_rst_n"
    .port_info 1 /INPUT 1 "i_data"
    .port_info 2 /INPUT 1 "i_sclk"
    .port_info 3 /OUTPUT 1 "o_done"
    .port_info 4 /OUTPUT 8 "o_frame_data"
L_0x7f63dba3d018 .functor BUFT 1, C4<1001>, C4<0>, C4<0>, C4<0>;
v0x5612126c4690_0 .net/2u *"_s0", 3 0, L_0x7f63dba3d018;  1 drivers
v0x5612126e7ce0_0 .net *"_s2", 0 0, L_0x5612126eaa40;  1 drivers
L_0x7f63dba3d060 .functor BUFT 1, C4<0001>, C4<0>, C4<0>, C4<0>;
v0x5612126e7da0_0 .net/2u *"_s4", 3 0, L_0x7f63dba3d060;  1 drivers
L_0x7f63dba3d0a8 .functor BUFT 1, C4<0000>, C4<0>, C4<0>, C4<0>;
v0x5612126e7e90_0 .net/2u *"_s6", 3 0, L_0x7f63dba3d0a8;  1 drivers
v0x5612126e7f70_0 .net *"_s8", 3 0, L_0x5612126eab90;  1 drivers
v0x5612126e80a0_0 .net "i_data", 0 0, v0x5612126e8700_0;  1 drivers
v0x5612126e8160_0 .net "i_rst_n", 0 0, v0x5612126e87c0_0;  1 drivers
v0x5612126e8220_0 .net "i_sclk", 0 0, v0x5612126e88c0_0;  1 drivers
v0x5612126e82e0_0 .net "o_done", 0 0, L_0x5612126ead50;  alias, 1 drivers
v0x5612126e83a0_0 .var "o_frame_data", 7 0;
v0x5612126e8480_0 .var "read_cnt", 3 0;
E_0x5612126ba500/0 .event edge, v0x5612126e8160_0;
E_0x5612126ba500/1 .event negedge, v0x5612126e8220_0;
E_0x5612126ba500 .event/or E_0x5612126ba500/0, E_0x5612126ba500/1;
L_0x5612126eaa40 .cmp/ge 4, v0x5612126e8480_0, L_0x7f63dba3d018;
L_0x5612126eab90 .functor MUXZ 4, L_0x7f63dba3d0a8, L_0x7f63dba3d060, L_0x5612126eaa40, C4<>;
L_0x5612126ead50 .part L_0x5612126eab90, 0, 1;
S_0x5612126bddf0 .scope module, "kb_test_top_tb1" "kb_test_top_tb1" 4 1;
 .timescale 0 0;
v0x5612126e9e10_0 .var/i "i", 31 0;
v0x5612126e9f10_0 .var "i_data", 0 0;
v0x5612126ea020_0 .var "i_rst_n", 0 0;
v0x5612126ea110_0 .var "i_sclk", 0 0;
v0x5612126ea200_0 .net "o_frame_data", 7 0, v0x5612126e9d40_0;  1 drivers
S_0x5612126e8b00 .scope module, "inst" "kb_test_top1" 4 9, 5 1 0, S_0x5612126bddf0;
 .timescale 0 0;
    .port_info 0 /INPUT 1 "i_rst_n"
    .port_info 1 /INPUT 1 "i_data"
    .port_info 2 /INPUT 1 "i_sclk"
    .port_info 3 /OUTPUT 8 "o_frame_data"
v0x5612126e9920_0 .net "data_out", 7 0, v0x5612126e96c0_0;  1 drivers
v0x5612126e9a00_0 .net "done", 0 0, L_0x5612126eb160;  1 drivers
v0x5612126e9ad0_0 .net "i_data", 0 0, v0x5612126e9f10_0;  1 drivers
v0x5612126e9bd0_0 .net "i_rst_n", 0 0, v0x5612126ea020_0;  1 drivers
v0x5612126e9ca0_0 .net "i_sclk", 0 0, v0x5612126ea110_0;  1 drivers
v0x5612126e9d40_0 .var "o_frame_data", 7 0;
E_0x5612126ba910/0 .event negedge, v0x5612126e9480_0;
E_0x5612126ba910/1 .event posedge, v0x5612126e9600_0;
E_0x5612126ba910 .event/or E_0x5612126ba910/0, E_0x5612126ba910/1;
S_0x5612126e8d20 .scope module, "kbdriver" "kb_driver1" 5 22, 3 1 0, S_0x5612126e8b00;
 .timescale 0 0;
    .port_info 0 /INPUT 1 "i_rst_n"
    .port_info 1 /INPUT 1 "i_data"
    .port_info 2 /INPUT 1 "i_sclk"
    .port_info 3 /OUTPUT 1 "o_done"
    .port_info 4 /OUTPUT 8 "o_frame_data"
L_0x7f63dba3d0f0 .functor BUFT 1, C4<1001>, C4<0>, C4<0>, C4<0>;
v0x5612126e8f40_0 .net/2u *"_s0", 3 0, L_0x7f63dba3d0f0;  1 drivers
v0x5612126e9000_0 .net *"_s2", 0 0, L_0x5612126eae90;  1 drivers
L_0x7f63dba3d138 .functor BUFT 1, C4<0001>, C4<0>, C4<0>, C4<0>;
v0x5612126e90c0_0 .net/2u *"_s4", 3 0, L_0x7f63dba3d138;  1 drivers
L_0x7f63dba3d180 .functor BUFT 1, C4<0000>, C4<0>, C4<0>, C4<0>;
v0x5612126e91b0_0 .net/2u *"_s6", 3 0, L_0x7f63dba3d180;  1 drivers
v0x5612126e9290_0 .net *"_s8", 3 0, L_0x5612126eafd0;  1 drivers
v0x5612126e93c0_0 .net "i_data", 0 0, v0x5612126e9f10_0;  alias, 1 drivers
v0x5612126e9480_0 .net "i_rst_n", 0 0, v0x5612126ea020_0;  alias, 1 drivers
v0x5612126e9540_0 .net "i_sclk", 0 0, v0x5612126ea110_0;  alias, 1 drivers
v0x5612126e9600_0 .net "o_done", 0 0, L_0x5612126eb160;  alias, 1 drivers
v0x5612126e96c0_0 .var "o_frame_data", 7 0;
v0x5612126e97a0_0 .var "read_cnt", 3 0;
E_0x5612126bac00/0 .event edge, v0x5612126e9480_0;
E_0x5612126bac00/1 .event negedge, v0x5612126e9540_0;
E_0x5612126bac00 .event/or E_0x5612126bac00/0, E_0x5612126bac00/1;
L_0x5612126eae90 .cmp/ge 4, v0x5612126e97a0_0, L_0x7f63dba3d0f0;
L_0x5612126eafd0 .functor MUXZ 4, L_0x7f63dba3d180, L_0x7f63dba3d138, L_0x5612126eae90, C4<>;
L_0x5612126eb160 .part L_0x5612126eafd0, 0, 1;
S_0x5612126c1f40 .scope module, "time_divider" "time_divider" 6 1;
 .timescale 0 0;
    .port_info 0 /INPUT 1 "i_clk"
    .port_info 1 /INPUT 1 "rst_n"
    .port_info 2 /OUTPUT 1 "o_clk"
P_0x5612126c20c0 .param/l "ratio" 0 6 3, +C4<00000000000000000000000000000010>;
v0x5612126ea310_0 .net *"_s0", 0 0, L_0x5612126eb2a0;  1 drivers
L_0x7f63dba3d1c8 .functor BUFT 1, C4<1>, C4<0>, C4<0>, C4<0>;
v0x5612126ea3d0_0 .net/2u *"_s2", 0 0, L_0x7f63dba3d1c8;  1 drivers
L_0x7f63dba3d210 .functor BUFT 1, C4<0>, C4<0>, C4<0>, C4<0>;
v0x5612126ea4b0_0 .net/2u *"_s4", 0 0, L_0x7f63dba3d210;  1 drivers
v0x5612126ea570_0 .var "count", 31 0;
o0x7f63dba86828 .functor BUFZ 1, C4<z>; HiZ drive
v0x5612126ea650_0 .net "i_clk", 0 0, o0x7f63dba86828;  0 drivers
v0x5612126ea760_0 .var/i "lim", 31 0;
v0x5612126ea840_0 .net "o_clk", 0 0, L_0x5612126eb340;  1 drivers
o0x7f63dba868b8 .functor BUFZ 1, C4<z>; HiZ drive
v0x5612126ea900_0 .net "rst_n", 0 0, o0x7f63dba868b8;  0 drivers
E_0x561212683970/0 .event negedge, v0x5612126ea900_0;
E_0x561212683970/1 .event posedge, v0x5612126ea650_0;
E_0x561212683970 .event/or E_0x561212683970/0, E_0x561212683970/1;
L_0x5612126eb2a0 .cmp/ge 32, v0x5612126ea570_0, v0x5612126ea760_0;
L_0x5612126eb340 .functor MUXZ 1, L_0x7f63dba3d210, L_0x7f63dba3d1c8, L_0x5612126eb2a0, C4<>;
    .scope S_0x5612126c21b0;
T_0 ;
    %wait E_0x5612126ba500;
    %load/vec4 v0x5612126e8160_0;
    %nor/r;
    %flag_set/vec4 8;
    %jmp/0xz  T_0.0, 8;
    %pushi/vec4 0, 0, 4;
    %assign/vec4 v0x5612126e8480_0, 0;
    %pushi/vec4 0, 0, 8;
    %assign/vec4 v0x5612126e83a0_0, 0;
    %jmp T_0.1;
T_0.0 ;
    %load/vec4 v0x5612126e8480_0;
    %cmpi/e 0, 0, 4;
    %jmp/0xz  T_0.2, 4;
    %load/vec4 v0x5612126e80a0_0;
    %pad/u 32;
    %cmpi/e 0, 0, 32;
    %jmp/0xz  T_0.4, 4;
    %load/vec4 v0x5612126e8480_0;
    %addi 1, 0, 4;
    %assign/vec4 v0x5612126e8480_0, 0;
T_0.4 ;
    %jmp T_0.3;
T_0.2 ;
    %pushi/vec4 1, 0, 4;
    %load/vec4 v0x5612126e8480_0;
    %cmp/u;
    %flag_get/vec4 4;
    %flag_get/vec4 5;
    %or;
    %load/vec4 v0x5612126e8480_0;
    %cmpi/u 8, 0, 4;
    %flag_get/vec4 4;
    %flag_get/vec4 5;
    %or;
    %and;
    %flag_set/vec4 8;
    %jmp/0xz  T_0.6, 8;
    %load/vec4 v0x5612126e80a0_0;
    %load/vec4 v0x5612126e8480_0;
    %subi 1, 0, 4;
    %ix/vec4 4;
    %store/vec4 v0x5612126e83a0_0, 4, 1;
    %load/vec4 v0x5612126e8480_0;
    %addi 1, 0, 4;
    %assign/vec4 v0x5612126e8480_0, 0;
    %jmp T_0.7;
T_0.6 ;
    %pushi/vec4 0, 0, 4;
    %assign/vec4 v0x5612126e8480_0, 0;
T_0.7 ;
T_0.3 ;
T_0.1 ;
    %jmp T_0;
    .thread T_0;
    .scope S_0x5612126bdc70;
T_1 ;
    %pushi/vec4 1, 0, 1;
    %store/vec4 v0x5612126e88c0_0, 0, 1;
    %pushi/vec4 0, 0, 1;
    %store/vec4 v0x5612126e8700_0, 0, 1;
    %pushi/vec4 1, 0, 1;
    %store/vec4 v0x5612126e87c0_0, 0, 1;
    %delay 5, 0;
    %pushi/vec4 0, 0, 1;
    %store/vec4 v0x5612126e87c0_0, 0, 1;
    %delay 5, 0;
    %pushi/vec4 1, 0, 1;
    %store/vec4 v0x5612126e87c0_0, 0, 1;
    %end;
    .thread T_1;
    .scope S_0x5612126bdc70;
T_2 ;
    %pushi/vec4 0, 0, 32;
    %store/vec4 v0x5612126e8600_0, 0, 32;
T_2.0 ;
    %load/vec4 v0x5612126e8600_0;
    %cmpi/s 100, 0, 32;
    %jmp/0xz T_2.1, 5;
    %delay 5, 0;
    %pushi/vec4 0, 0, 1;
    %store/vec4 v0x5612126e88c0_0, 0, 1;
    %delay 5, 0;
    %pushi/vec4 1, 0, 1;
    %store/vec4 v0x5612126e88c0_0, 0, 1;
    %pushi/vec4 20, 0, 32;
    %load/vec4 v0x5612126e8600_0;
    %cmp/s;
    %flag_get/vec4 4;
    %flag_get/vec4 5;
    %or;
    %load/vec4 v0x5612126e8600_0;
    %cmpi/s 23, 0, 32;
    %flag_get/vec4 4;
    %flag_get/vec4 5;
    %or;
    %and;
    %flag_set/vec4 8;
    %jmp/0xz  T_2.2, 8;
    %pushi/vec4 1, 0, 1;
    %store/vec4 v0x5612126e8700_0, 0, 1;
    %jmp T_2.3;
T_2.2 ;
    %pushi/vec4 25, 0, 32;
    %load/vec4 v0x5612126e8600_0;
    %cmp/s;
    %flag_get/vec4 4;
    %flag_get/vec4 5;
    %or;
    %load/vec4 v0x5612126e8600_0;
    %cmpi/s 27, 0, 32;
    %flag_get/vec4 4;
    %flag_get/vec4 5;
    %or;
    %and;
    %flag_set/vec4 8;
    %jmp/0xz  T_2.4, 8;
    %pushi/vec4 0, 0, 1;
    %store/vec4 v0x5612126e8700_0, 0, 1;
T_2.4 ;
T_2.3 ;
    %load/vec4 v0x5612126e8600_0;
    %addi 1, 0, 32;
    %store/vec4 v0x5612126e8600_0, 0, 32;
    %jmp T_2.0;
T_2.1 ;
    %end;
    .thread T_2;
    .scope S_0x5612126e8d20;
T_3 ;
    %wait E_0x5612126bac00;
    %load/vec4 v0x5612126e9480_0;
    %nor/r;
    %flag_set/vec4 8;
    %jmp/0xz  T_3.0, 8;
    %pushi/vec4 0, 0, 4;
    %assign/vec4 v0x5612126e97a0_0, 0;
    %pushi/vec4 0, 0, 8;
    %assign/vec4 v0x5612126e96c0_0, 0;
    %jmp T_3.1;
T_3.0 ;
    %load/vec4 v0x5612126e97a0_0;
    %cmpi/e 0, 0, 4;
    %jmp/0xz  T_3.2, 4;
    %load/vec4 v0x5612126e93c0_0;
    %pad/u 32;
    %cmpi/e 0, 0, 32;
    %jmp/0xz  T_3.4, 4;
    %load/vec4 v0x5612126e97a0_0;
    %addi 1, 0, 4;
    %assign/vec4 v0x5612126e97a0_0, 0;
T_3.4 ;
    %jmp T_3.3;
T_3.2 ;
    %pushi/vec4 1, 0, 4;
    %load/vec4 v0x5612126e97a0_0;
    %cmp/u;
    %flag_get/vec4 4;
    %flag_get/vec4 5;
    %or;
    %load/vec4 v0x5612126e97a0_0;
    %cmpi/u 8, 0, 4;
    %flag_get/vec4 4;
    %flag_get/vec4 5;
    %or;
    %and;
    %flag_set/vec4 8;
    %jmp/0xz  T_3.6, 8;
    %load/vec4 v0x5612126e93c0_0;
    %load/vec4 v0x5612126e97a0_0;
    %subi 1, 0, 4;
    %ix/vec4 4;
    %store/vec4 v0x5612126e96c0_0, 4, 1;
    %load/vec4 v0x5612126e97a0_0;
    %addi 1, 0, 4;
    %assign/vec4 v0x5612126e97a0_0, 0;
    %jmp T_3.7;
T_3.6 ;
    %pushi/vec4 0, 0, 4;
    %assign/vec4 v0x5612126e97a0_0, 0;
T_3.7 ;
T_3.3 ;
T_3.1 ;
    %jmp T_3;
    .thread T_3;
    .scope S_0x5612126e8b00;
T_4 ;
    %wait E_0x5612126ba910;
    %load/vec4 v0x5612126e9bd0_0;
    %nor/r;
    %flag_set/vec4 8;
    %jmp/0xz  T_4.0, 8;
    %pushi/vec4 0, 0, 8;
    %assign/vec4 v0x5612126e9d40_0, 0;
    %jmp T_4.1;
T_4.0 ;
    %load/vec4 v0x5612126e9920_0;
    %assign/vec4 v0x5612126e9d40_0, 0;
T_4.1 ;
    %jmp T_4;
    .thread T_4;
    .scope S_0x5612126bddf0;
T_5 ;
    %pushi/vec4 1, 0, 1;
    %store/vec4 v0x5612126ea110_0, 0, 1;
    %pushi/vec4 0, 0, 1;
    %store/vec4 v0x5612126e9f10_0, 0, 1;
    %pushi/vec4 1, 0, 1;
    %store/vec4 v0x5612126ea020_0, 0, 1;
    %delay 5, 0;
    %pushi/vec4 0, 0, 1;
    %store/vec4 v0x5612126ea020_0, 0, 1;
    %delay 5, 0;
    %pushi/vec4 1, 0, 1;
    %store/vec4 v0x5612126ea020_0, 0, 1;
    %end;
    .thread T_5;
    .scope S_0x5612126bddf0;
T_6 ;
    %pushi/vec4 0, 0, 32;
    %store/vec4 v0x5612126e9e10_0, 0, 32;
T_6.0 ;
    %load/vec4 v0x5612126e9e10_0;
    %cmpi/s 100, 0, 32;
    %jmp/0xz T_6.1, 5;
    %delay 5, 0;
    %pushi/vec4 0, 0, 1;
    %store/vec4 v0x5612126ea110_0, 0, 1;
    %delay 5, 0;
    %pushi/vec4 1, 0, 1;
    %store/vec4 v0x5612126ea110_0, 0, 1;
    %pushi/vec4 20, 0, 32;
    %load/vec4 v0x5612126e9e10_0;
    %cmp/s;
    %flag_get/vec4 4;
    %flag_get/vec4 5;
    %or;
    %load/vec4 v0x5612126e9e10_0;
    %cmpi/s 23, 0, 32;
    %flag_get/vec4 4;
    %flag_get/vec4 5;
    %or;
    %and;
    %flag_set/vec4 8;
    %jmp/0xz  T_6.2, 8;
    %pushi/vec4 1, 0, 1;
    %store/vec4 v0x5612126e9f10_0, 0, 1;
    %jmp T_6.3;
T_6.2 ;
    %pushi/vec4 25, 0, 32;
    %load/vec4 v0x5612126e9e10_0;
    %cmp/s;
    %flag_get/vec4 4;
    %flag_get/vec4 5;
    %or;
    %load/vec4 v0x5612126e9e10_0;
    %cmpi/s 27, 0, 32;
    %flag_get/vec4 4;
    %flag_get/vec4 5;
    %or;
    %and;
    %flag_set/vec4 8;
    %jmp/0xz  T_6.4, 8;
    %pushi/vec4 0, 0, 1;
    %store/vec4 v0x5612126e9f10_0, 0, 1;
T_6.4 ;
T_6.3 ;
    %load/vec4 v0x5612126e9e10_0;
    %addi 1, 0, 32;
    %store/vec4 v0x5612126e9e10_0, 0, 32;
    %jmp T_6.0;
T_6.1 ;
    %end;
    .thread T_6;
    .scope S_0x5612126bddf0;
T_7 ;
    %vpi_call 4 43 "$dumpfile", "./build/wave.vcd" {0 0 0};
    %vpi_call 4 44 "$dumpvars", 32'sb00000000000000000000000000000000, S_0x5612126bddf0 {0 0 0};
    %delay 10000, 0;
    %vpi_call 4 45 "$finish" {0 0 0};
    %end;
    .thread T_7;
    .scope S_0x5612126c1f40;
T_8 ;
    %pushi/vec4 1, 0, 32;
    %store/vec4 v0x5612126ea760_0, 0, 32;
    %end;
    .thread T_8;
    .scope S_0x5612126c1f40;
T_9 ;
    %wait E_0x561212683970;
    %load/vec4 v0x5612126ea900_0;
    %nor/r;
    %flag_set/vec4 8;
    %jmp/0xz  T_9.0, 8;
    %pushi/vec4 0, 0, 32;
    %assign/vec4 v0x5612126ea570_0, 0;
    %jmp T_9.1;
T_9.0 ;
    %load/vec4 v0x5612126ea570_0;
    %load/vec4 v0x5612126ea760_0;
    %cmp/u;
    %jmp/0xz  T_9.2, 5;
    %load/vec4 v0x5612126ea570_0;
    %addi 1, 0, 32;
    %assign/vec4 v0x5612126ea570_0, 0;
    %jmp T_9.3;
T_9.2 ;
    %pushi/vec4 0, 0, 32;
    %assign/vec4 v0x5612126ea570_0, 0;
T_9.3 ;
T_9.1 ;
    %jmp T_9;
    .thread T_9;
# The file index is used to find the file name in the following table.
:file_names 7;
    "N/A";
    "<interactive>";
    "./src/kb_driver_tb.v";
    "./src/kb_driver.v";
    "./src/test_top_tb.v";
    "./src/test_top.v";
    "./src/time_divider.v";
