#! /usr/bin/vvp
:ivl_version "10.3 (stable)";
:ivl_delay_selection "TYPICAL";
:vpi_time_precision + 0;
:vpi_module "system";
:vpi_module "vhdl_sys";
:vpi_module "v2005_math";
:vpi_module "va_math";
S_0x55637422c3f0 .scope module, "kb_controller" "kb_controller" 2 1;
 .timescale 0 0;
    .port_info 0 /INPUT 1 "i_rst_n"
    .port_info 1 /INPUT 1 "i_data"
    .port_info 2 /INPUT 1 "i_sclk"
    .port_info 3 /OUTPUT 8 "o_frame_data"
    .port_info 4 /OUTPUT 8 "o_last_data"
v0x5563742a9de0_0 .net "data_out", 7 0, v0x5563742a9b80_0;  1 drivers
v0x5563742a9ec0_0 .net "done", 0 0, L_0x5563742b6280;  1 drivers
o0x7fd9b6065108 .functor BUFZ 1, C4<z>; HiZ drive
v0x5563742a9f60_0 .net "i_data", 0 0, o0x7fd9b6065108;  0 drivers
o0x7fd9b6065138 .functor BUFZ 1, C4<z>; HiZ drive
v0x5563742aa030_0 .net "i_rst_n", 0 0, o0x7fd9b6065138;  0 drivers
o0x7fd9b6065168 .functor BUFZ 1, C4<z>; HiZ drive
v0x5563742aa100_0 .net "i_sclk", 0 0, o0x7fd9b6065168;  0 drivers
v0x5563742aa1a0_0 .var "o_frame_data", 7 0;
v0x5563742aa240_0 .var "o_last_data", 7 0;
E_0x5563742368e0/0 .event negedge, v0x556374285ce0_0;
E_0x5563742368e0/1 .event posedge, v0x5563742a9ac0_0;
E_0x5563742368e0 .event/or E_0x5563742368e0/0, E_0x5563742368e0/1;
S_0x55637426ecf0 .scope module, "kbdriver" "kb_driver" 2 24, 3 1 0, S_0x55637422c3f0;
 .timescale 0 0;
    .port_info 0 /INPUT 1 "i_rst_n"
    .port_info 1 /INPUT 1 "i_data"
    .port_info 2 /INPUT 1 "i_sclk"
    .port_info 3 /OUTPUT 1 "o_done"
    .port_info 4 /OUTPUT 8 "o_frame_data"
L_0x7fd9b601c018 .functor BUFT 1, C4<1001>, C4<0>, C4<0>, C4<0>;
v0x55637428dd90_0 .net/2u *"_s0", 3 0, L_0x7fd9b601c018;  1 drivers
v0x55637428e800_0 .net *"_s2", 0 0, L_0x5563742b5fa0;  1 drivers
L_0x7fd9b601c060 .functor BUFT 1, C4<0001>, C4<0>, C4<0>, C4<0>;
v0x55637428e8a0_0 .net/2u *"_s4", 3 0, L_0x7fd9b601c060;  1 drivers
L_0x7fd9b601c0a8 .functor BUFT 1, C4<0000>, C4<0>, C4<0>, C4<0>;
v0x556374280b00_0 .net/2u *"_s6", 3 0, L_0x7fd9b601c0a8;  1 drivers
v0x556374280c00_0 .net *"_s8", 3 0, L_0x5563742b60c0;  1 drivers
v0x556374285c10_0 .net "i_data", 0 0, o0x7fd9b6065108;  alias, 0 drivers
v0x556374285ce0_0 .net "i_rst_n", 0 0, o0x7fd9b6065138;  alias, 0 drivers
v0x5563742a9a00_0 .net "i_sclk", 0 0, o0x7fd9b6065168;  alias, 0 drivers
v0x5563742a9ac0_0 .net "o_done", 0 0, L_0x5563742b6280;  alias, 1 drivers
v0x5563742a9b80_0 .var "o_frame_data", 7 0;
v0x5563742a9c60_0 .var "read_cnt", 3 0;
E_0x556374236cf0 .event negedge, v0x556374285ce0_0, v0x5563742a9a00_0;
L_0x5563742b5fa0 .cmp/ge 4, v0x5563742a9c60_0, L_0x7fd9b601c018;
L_0x5563742b60c0 .functor MUXZ 4, L_0x7fd9b601c0a8, L_0x7fd9b601c060, L_0x5563742b5fa0, C4<>;
L_0x5563742b6280 .part L_0x5563742b60c0, 0, 1;
S_0x55637428cce0 .scope module, "top_tb" "top_tb" 4 1;
 .timescale 0 0;
v0x5563742b56b0_0 .var/i "i", 31 0;
v0x5563742b57b0_0 .var "i_clk", 0 0;
v0x5563742b5870_0 .var "i_ps2_data", 0 0;
v0x5563742b5910_0 .var "i_ps2_sclk", 0 0;
v0x5563742b59b0_0 .var "i_rst_n", 0 0;
v0x5563742b5aa0_0 .net "o_data", 12 0, v0x5563742accb0_0;  1 drivers
v0x5563742b5b40_0 .net "o_servo0", 0 0, L_0x5563742c6eb0;  1 drivers
v0x5563742b5be0_0 .net "vga_adv_clk", 0 0, L_0x556374238240;  1 drivers
L_0x7fd9b601c0f0 .functor BUFT 1, C4<1>, C4<0>, C4<0>, C4<0>;
v0x5563742b5c80_0 .net "vga_blank_n", 0 0, L_0x7fd9b601c0f0;  1 drivers
v0x5563742b5d20_0 .net "vga_hs", 0 0, v0x5563742b3d90_0;  1 drivers
v0x5563742b5dc0_0 .net "vga_rgb", 11 0, L_0x5563742c7cd0;  1 drivers
v0x5563742b5eb0_0 .net "vga_vs", 0 0, v0x5563742b3f10_0;  1 drivers
S_0x5563742aa370 .scope module, "inst" "top" 4 21, 5 1 0, S_0x55637428cce0;
 .timescale 0 0;
    .port_info 0 /INPUT 1 "i_rst_n"
    .port_info 1 /INPUT 1 "i_clk"
    .port_info 2 /OUTPUT 13 "o_data"
    .port_info 3 /INPUT 1 "i_ps2_data"
    .port_info 4 /INPUT 1 "i_ps2_sclk"
    .port_info 5 /OUTPUT 1 "o_servo0"
    .port_info 6 /OUTPUT 1 "vga_adv_clk"
    .port_info 7 /OUTPUT 1 "vga_blank_n"
    .port_info 8 /OUTPUT 1 "vga_sync_n"
    .port_info 9 /OUTPUT 1 "vga_hs"
    .port_info 10 /OUTPUT 1 "vga_vs"
    .port_info 11 /OUTPUT 12 "vga_rgb"
P_0x5563742aa560 .param/l "DIVIDE_DATA" 0 5 30, +C4<00000000000000000000000000000010>;
P_0x5563742aa5a0 .param/l "DUTY_CYCLE" 0 5 29, +C4<00000000000000000000000000110010>;
P_0x5563742aa5e0 .param/l "H_BACK" 0 5 35, C4<00000110000>;
P_0x5563742aa620 .param/l "H_DISP" 0 5 32, C4<01010000000>;
P_0x5563742aa660 .param/l "H_FRONT" 0 5 33, C4<00000010000>;
P_0x5563742aa6a0 .param/l "H_SYNC" 0 5 34, C4<00001100000>;
P_0x5563742aa6e0 .param/l "H_TOTAL" 0 5 36, C4<01100100000>;
P_0x5563742aa720 .param/l "MULTIPLY_DATA" 0 5 31, +C4<00000000000000000000000000000001>;
P_0x5563742aa760 .param/l "V_BACK" 0 5 40, C4<0000100001>;
P_0x5563742aa7a0 .param/l "V_DISP" 0 5 37, C4<0111100000>;
P_0x5563742aa7e0 .param/l "V_FRONT" 0 5 38, C4<0000001010>;
P_0x5563742aa820 .param/l "V_SYNC" 0 5 39, C4<0000000010>;
P_0x5563742aa860 .param/l "V_TOTAL" 0 5 41, C4<1000001101>;
L_0x556374238240 .functor NOT 1, v0x5563742ad590_0, C4<0>, C4<0>, C4<0>;
L_0x556374227430 .functor NOT 1, v0x5563742b59b0_0, C4<0>, C4<0>, C4<0>;
v0x5563742b4290_0 .net "clk_vga", 0 0, v0x5563742ad590_0;  1 drivers
v0x5563742b4350_0 .net "current_state", 4 0, v0x5563742ac8a0_0;  1 drivers
v0x5563742b4440_0 .net "i_clk", 0 0, v0x5563742b57b0_0;  1 drivers
v0x5563742b4510_0 .net "i_ps2_data", 0 0, v0x5563742b5870_0;  1 drivers
v0x5563742b45b0_0 .net "i_ps2_sclk", 0 0, v0x5563742b5910_0;  1 drivers
v0x5563742b46f0_0 .net "i_rst_n", 0 0, v0x5563742b59b0_0;  1 drivers
v0x5563742b4790_0 .net "kb_state", 9 0, v0x5563742af360_0;  1 drivers
v0x5563742b4880_0 .net "o_data", 12 0, v0x5563742accb0_0;  alias, 1 drivers
v0x5563742b4920_0 .net "o_servo0", 0 0, L_0x5563742c6eb0;  alias, 1 drivers
o0x7fd9b6065678 .functor BUFZ 1, C4<z>; HiZ drive
v0x5563742b49c0_0 .net "replaying", 0 0, o0x7fd9b6065678;  0 drivers
v0x5563742b4a60_0 .net "servo1", 12 0, v0x5563742acd90_0;  1 drivers
v0x5563742b4b00_0 .net "servo2", 12 0, v0x5563742ace70_0;  1 drivers
v0x5563742b4ba0_0 .net "servo3", 12 0, v0x5563742acf50_0;  1 drivers
v0x5563742b4c70_0 .net "tot_state", 4 0, v0x5563742ad030_0;  1 drivers
v0x5563742b4d40_0 .net "vga_adv_clk", 0 0, L_0x556374238240;  alias, 1 drivers
v0x5563742b4de0_0 .net "vga_blank_n", 0 0, L_0x7fd9b601c0f0;  alias, 1 drivers
v0x5563742b4e80_0 .net "vga_data", 11 0, v0x5563742b1d70_0;  1 drivers
v0x5563742b5050_0 .net "vga_hs", 0 0, v0x5563742b3d90_0;  alias, 1 drivers
v0x5563742b50f0_0 .net "vga_rgb", 11 0, L_0x5563742c7cd0;  alias, 1 drivers
L_0x7fd9b601c138 .functor BUFT 1, C4<0>, C4<0>, C4<0>, C4<0>;
v0x5563742b51c0_0 .net "vga_sync_n", 0 0, L_0x7fd9b601c138;  1 drivers
v0x5563742b5260_0 .net "vga_vs", 0 0, v0x5563742b3f10_0;  alias, 1 drivers
v0x5563742b5330_0 .net "vga_xpos", 9 0, L_0x5563742c7330;  1 drivers
v0x5563742b5420_0 .net "vga_ypos", 9 0, L_0x5563742c7870;  1 drivers
S_0x5563742aafc0 .scope module, "data_ctr_ist" "data_controller" 5 69, 6 1 0, S_0x5563742aa370;
 .timescale 0 0;
    .port_info 0 /INPUT 1 "i_clk"
    .port_info 1 /INPUT 1 "i_rst_n"
    .port_info 2 /INPUT 10 "i_keyboard_status"
    .port_info 3 /OUTPUT 13 "servo0"
    .port_info 4 /OUTPUT 13 "servo1"
    .port_info 5 /OUTPUT 13 "servo2"
    .port_info 6 /OUTPUT 13 "servo3"
    .port_info 7 /OUTPUT 1 "replaying"
    .port_info 8 /OUTPUT 5 "tot_state"
    .port_info 9 /OUTPUT 5 "current_state"
P_0x5563742ab1b0 .param/l "kb_a" 1 6 28, +C4<00000000000000000000000000000010>;
P_0x5563742ab1f0 .param/l "kb_d" 1 6 29, +C4<00000000000000000000000000000011>;
P_0x5563742ab230 .param/l "kb_enter" 1 6 35, +C4<00000000000000000000000000001001>;
P_0x5563742ab270 .param/l "kb_i" 1 6 30, +C4<00000000000000000000000000000100>;
P_0x5563742ab2b0 .param/l "kb_j" 1 6 32, +C4<00000000000000000000000000000110>;
P_0x5563742ab2f0 .param/l "kb_k" 1 6 31, +C4<00000000000000000000000000000101>;
P_0x5563742ab330 .param/l "kb_l" 1 6 33, +C4<00000000000000000000000000000111>;
P_0x5563742ab370 .param/l "kb_s" 1 6 27, +C4<00000000000000000000000000000001>;
P_0x5563742ab3b0 .param/l "kb_space" 1 6 34, +C4<00000000000000000000000000001000>;
P_0x5563742ab3f0 .param/l "kb_w" 1 6 26, +C4<00000000000000000000000000000000>;
P_0x5563742ab430 .param/l "servo_default" 1 6 21, +C4<00000000000000000000000010010110>;
P_0x5563742ab470 .param/l "servo_lower_limit" 1 6 24, +C4<00000000000000000000000000110010>;
P_0x5563742ab4b0 .param/l "servo_step" 1 6 22, +C4<00000000000000000000000000000101>;
P_0x5563742ab4f0 .param/l "servo_upper_limit" 1 6 23, +C4<00000000000000000000000011111010>;
P_0x5563742ab530 .param/l "state_replay" 1 6 19, +C4<00000000000000000000000000000001>;
P_0x5563742ab570 .param/l "state_update" 1 6 18, +C4<00000000000000000000000000000000>;
v0x5563742ac740_0 .net "controller_clk", 0 0, v0x5563742ac4f0_0;  1 drivers
v0x5563742ac7e0_0 .var "controller_state", 4 0;
v0x5563742ac8a0_0 .var "current_state", 4 0;
v0x5563742ac990_0 .net "i_clk", 0 0, v0x5563742b57b0_0;  alias, 1 drivers
v0x5563742aca60_0 .net "i_keyboard_status", 9 0, v0x5563742af360_0;  alias, 1 drivers
v0x5563742acb70_0 .net "i_rst_n", 0 0, v0x5563742b59b0_0;  alias, 1 drivers
v0x5563742acc10_0 .net "replaying", 0 0, o0x7fd9b6065678;  alias, 0 drivers
v0x5563742accb0_0 .var "servo0", 12 0;
v0x5563742acd90_0 .var "servo1", 12 0;
v0x5563742ace70_0 .var "servo2", 12 0;
v0x5563742acf50_0 .var "servo3", 12 0;
v0x5563742ad030_0 .var "tot_state", 4 0;
E_0x556374237120/0 .event negedge, v0x5563742ac5b0_0;
E_0x556374237120/1 .event posedge, v0x5563742ac4f0_0;
E_0x556374237120 .event/or E_0x556374237120/0, E_0x556374237120/1;
S_0x5563742abed0 .scope module, "time_generator" "time_divider" 6 41, 7 1 0, S_0x5563742aafc0;
 .timescale 0 0;
    .port_info 0 /INPUT 1 "i_clk"
    .port_info 1 /INPUT 1 "rst_n"
    .port_info 2 /OUTPUT 1 "o_clk"
P_0x5563742ac0c0 .param/l "ratio" 0 7 3, +C4<00000000100110001001011010000000>;
v0x5563742ac240_0 .var "count", 31 0;
v0x5563742ac340_0 .net "i_clk", 0 0, v0x5563742b57b0_0;  alias, 1 drivers
v0x5563742ac400_0 .var/i "lim", 31 0;
v0x5563742ac4f0_0 .var "o_clk", 0 0;
v0x5563742ac5b0_0 .net "rst_n", 0 0, v0x5563742b59b0_0;  alias, 1 drivers
E_0x556374237530/0 .event negedge, v0x5563742ac5b0_0;
E_0x556374237530/1 .event posedge, v0x5563742ac340_0;
E_0x556374237530 .event/or E_0x556374237530/0, E_0x556374237530/1;
S_0x5563742ad250 .scope module, "div_inst" "div" 5 117, 8 7 0, S_0x5563742aa370;
 .timescale 0 0;
    .port_info 0 /INPUT 1 "clk"
    .port_info 1 /INPUT 1 "rst"
    .port_info 2 /OUTPUT 1 "clk_out"
v0x5563742ad480_0 .net "clk", 0 0, v0x5563742b57b0_0;  alias, 1 drivers
v0x5563742ad590_0 .var "clk_out", 0 0;
v0x5563742ad650_0 .var "cnt", 31 0;
v0x5563742ad710_0 .net "rst", 0 0, L_0x556374227430;  1 drivers
E_0x556374237b40 .event posedge, v0x5563742ad710_0, v0x5563742ac340_0;
S_0x5563742ad850 .scope module, "kb_controller_inst" "kb_controller_advanced" 5 61, 9 1 0, S_0x5563742aa370;
 .timescale 0 0;
    .port_info 0 /INPUT 1 "i_rst_n"
    .port_info 1 /INPUT 1 "i_data"
    .port_info 2 /INPUT 1 "i_sclk"
    .port_info 3 /OUTPUT 10 "o_keyboard_status"
P_0x5563742ada50 .param/l "kb_code_A" 1 9 18, C4<00011100>;
P_0x5563742ada90 .param/l "kb_code_BREAK" 1 9 26, C4<11110000>;
P_0x5563742adad0 .param/l "kb_code_D" 1 9 19, C4<00100011>;
P_0x5563742adb10 .param/l "kb_code_ENTER" 1 9 25, C4<01011010>;
P_0x5563742adb50 .param/l "kb_code_I" 1 9 20, C4<01000011>;
P_0x5563742adb90 .param/l "kb_code_J" 1 9 22, C4<00111011>;
P_0x5563742adbd0 .param/l "kb_code_K" 1 9 21, C4<01000010>;
P_0x5563742adc10 .param/l "kb_code_L" 1 9 23, C4<01001011>;
P_0x5563742adc50 .param/l "kb_code_S" 1 9 17, C4<00011011>;
P_0x5563742adc90 .param/l "kb_code_SPACE" 1 9 24, C4<00101001>;
P_0x5563742adcd0 .param/l "kb_code_W" 1 9 16, C4<00011101>;
v0x5563742aefa0_0 .net "data_out", 7 0, v0x5563742aed40_0;  1 drivers
v0x5563742af080_0 .net "done", 0 0, L_0x5563742b6770;  1 drivers
v0x5563742af120_0 .net "i_data", 0 0, v0x5563742b5870_0;  alias, 1 drivers
v0x5563742af220_0 .net "i_rst_n", 0 0, v0x5563742b59b0_0;  alias, 1 drivers
v0x5563742af2c0_0 .net "i_sclk", 0 0, v0x5563742b5910_0;  alias, 1 drivers
v0x5563742af360_0 .var "o_keyboard_status", 9 0;
v0x5563742af430_0 .var "release_flag", 0 0;
E_0x556374290040/0 .event negedge, v0x5563742ac5b0_0;
E_0x556374290040/1 .event posedge, v0x5563742aebf0_0;
E_0x556374290040 .event/or E_0x556374290040/0, E_0x556374290040/1;
S_0x5563742ae220 .scope module, "kbdriver" "kb_driver" 9 38, 3 1 0, S_0x5563742ad850;
 .timescale 0 0;
    .port_info 0 /INPUT 1 "i_rst_n"
    .port_info 1 /INPUT 1 "i_data"
    .port_info 2 /INPUT 1 "i_sclk"
    .port_info 3 /OUTPUT 1 "o_done"
    .port_info 4 /OUTPUT 8 "o_frame_data"
L_0x7fd9b601c180 .functor BUFT 1, C4<1001>, C4<0>, C4<0>, C4<0>;
v0x5563742ae4c0_0 .net/2u *"_s0", 3 0, L_0x7fd9b601c180;  1 drivers
v0x5563742ae5c0_0 .net *"_s2", 0 0, L_0x5563742b64f0;  1 drivers
L_0x7fd9b601c1c8 .functor BUFT 1, C4<0001>, C4<0>, C4<0>, C4<0>;
v0x5563742ae680_0 .net/2u *"_s4", 3 0, L_0x7fd9b601c1c8;  1 drivers
L_0x7fd9b601c210 .functor BUFT 1, C4<0000>, C4<0>, C4<0>, C4<0>;
v0x5563742ae770_0 .net/2u *"_s6", 3 0, L_0x7fd9b601c210;  1 drivers
v0x5563742ae850_0 .net *"_s8", 3 0, L_0x5563742b65e0;  1 drivers
v0x5563742ae980_0 .net "i_data", 0 0, v0x5563742b5870_0;  alias, 1 drivers
v0x5563742aea40_0 .net "i_rst_n", 0 0, v0x5563742b59b0_0;  alias, 1 drivers
v0x5563742aeb30_0 .net "i_sclk", 0 0, v0x5563742b5910_0;  alias, 1 drivers
v0x5563742aebf0_0 .net "o_done", 0 0, L_0x5563742b6770;  alias, 1 drivers
v0x5563742aed40_0 .var "o_frame_data", 7 0;
v0x5563742aee20_0 .var "read_cnt", 3 0;
E_0x5563742ae440 .event negedge, v0x5563742ac5b0_0, v0x5563742aeb30_0;
L_0x5563742b64f0 .cmp/ge 4, v0x5563742aee20_0, L_0x7fd9b601c180;
L_0x5563742b65e0 .functor MUXZ 4, L_0x7fd9b601c210, L_0x7fd9b601c1c8, L_0x5563742b64f0, C4<>;
L_0x5563742b6770 .part L_0x5563742b65e0, 0, 1;
S_0x5563742af500 .scope module, "servo_driver0" "pwm_driver" 5 82, 10 1 0, S_0x5563742aa370;
 .timescale 0 0;
    .port_info 0 /INPUT 1 "i_clk"
    .port_info 1 /INPUT 1 "i_rst_n"
    .port_info 2 /INPUT 13 "data"
    .port_info 3 /OUTPUT 1 "o_signal"
L_0x556374238160 .functor AND 1, L_0x5563742c6a70, L_0x5563742c6b60, C4<1>, C4<1>;
v0x5563742affd0_0 .net *"_s0", 31 0, L_0x5563742b68b0;  1 drivers
v0x5563742b00b0_0 .net *"_s10", 0 0, L_0x556374238160;  1 drivers
L_0x7fd9b601c2e8 .functor BUFT 1, C4<01>, C4<0>, C4<0>, C4<0>;
v0x5563742b0170_0 .net/2s *"_s12", 1 0, L_0x7fd9b601c2e8;  1 drivers
L_0x7fd9b601c330 .functor BUFT 1, C4<00>, C4<0>, C4<0>, C4<0>;
v0x5563742b0230_0 .net/2s *"_s14", 1 0, L_0x7fd9b601c330;  1 drivers
v0x5563742b0310_0 .net *"_s16", 1 0, L_0x5563742c6cf0;  1 drivers
L_0x7fd9b601c258 .functor BUFT 1, C4<0000000000000000000>, C4<0>, C4<0>, C4<0>;
v0x5563742b03f0_0 .net *"_s3", 18 0, L_0x7fd9b601c258;  1 drivers
L_0x7fd9b601c2a0 .functor BUFT 1, C4<00000000000000000000000000000000>, C4<0>, C4<0>, C4<0>;
v0x5563742b04d0_0 .net/2u *"_s4", 31 0, L_0x7fd9b601c2a0;  1 drivers
v0x5563742b05b0_0 .net *"_s6", 0 0, L_0x5563742c6a70;  1 drivers
v0x5563742b0670_0 .net *"_s8", 0 0, L_0x5563742c6b60;  1 drivers
v0x5563742b07c0_0 .var "counter", 12 0;
v0x5563742b08a0_0 .net "data", 12 0, v0x5563742accb0_0;  alias, 1 drivers
v0x5563742b0960_0 .net "gen_clk", 0 0, v0x5563742afda0_0;  1 drivers
v0x5563742b0a30_0 .net "i_clk", 0 0, v0x5563742b57b0_0;  alias, 1 drivers
v0x5563742b0b60_0 .net "i_rst_n", 0 0, v0x5563742b59b0_0;  alias, 1 drivers
v0x5563742b0c00_0 .net "o_signal", 0 0, L_0x5563742c6eb0;  alias, 1 drivers
E_0x5563742af6d0/0 .event negedge, v0x5563742ac5b0_0;
E_0x5563742af6d0/1 .event posedge, v0x5563742afda0_0;
E_0x5563742af6d0 .event/or E_0x5563742af6d0/0, E_0x5563742af6d0/1;
L_0x5563742b68b0 .concat [ 13 19 0 0], v0x5563742b07c0_0, L_0x7fd9b601c258;
L_0x5563742c6a70 .cmp/ge 32, L_0x5563742b68b0, L_0x7fd9b601c2a0;
L_0x5563742c6b60 .cmp/ge 13, v0x5563742accb0_0, v0x5563742b07c0_0;
L_0x5563742c6cf0 .functor MUXZ 2, L_0x7fd9b601c330, L_0x7fd9b601c2e8, L_0x556374238160, C4<>;
L_0x5563742c6eb0 .part L_0x5563742c6cf0, 0, 1;
S_0x5563742af750 .scope module, "div_inst" "time_divider" 10 11, 7 1 0, S_0x5563742af500;
 .timescale 0 0;
    .port_info 0 /INPUT 1 "i_clk"
    .port_info 1 /INPUT 1 "rst_n"
    .port_info 2 /OUTPUT 1 "o_clk"
P_0x5563742af940 .param/l "ratio" 0 7 3, +C4<00000000000000000000001111101000>;
v0x5563742afb10_0 .var "count", 31 0;
v0x5563742afc10_0 .net "i_clk", 0 0, v0x5563742b57b0_0;  alias, 1 drivers
v0x5563742afcd0_0 .var/i "lim", 31 0;
v0x5563742afda0_0 .var "o_clk", 0 0;
v0x5563742afe60_0 .net "rst_n", 0 0, v0x5563742b59b0_0;  alias, 1 drivers
S_0x5563742b0d30 .scope module, "vga_display_inst" "vga_display" 5 96, 11 10 0, S_0x5563742aa370;
 .timescale 0 0;
    .port_info 0 /INPUT 1 "clk"
    .port_info 1 /INPUT 1 "rst_n"
    .port_info 2 /INPUT 10 "vga_xpos"
    .port_info 3 /INPUT 10 "vga_ypos"
    .port_info 4 /OUTPUT 12 "vga_data"
    .port_info 5 /INPUT 13 "i_servo_0"
P_0x5563742b0eb0 .param/l "BLACK" 1 11 31, C4<000000000000>;
P_0x5563742b0ef0 .param/l "BLUE" 1 11 29, C4<000000001111>;
P_0x5563742b0f30 .param/l "CYAN" 1 11 33, C4<101010101010>;
P_0x5563742b0f70 .param/l "GREEN" 1 11 28, C4<000011110000>;
P_0x5563742b0fb0 .param/l "H_DISP" 0 11 12, C4<01010000000>;
P_0x5563742b0ff0 .param/l "RED" 1 11 27, C4<111100000000>;
P_0x5563742b1030 .param/l "ROYAL" 1 11 34, C4<111111110000>;
P_0x5563742b1070 .param/l "V_DISP" 0 11 13, C4<0111100000>;
P_0x5563742b10b0 .param/l "WHITE" 1 11 30, C4<111111111111>;
P_0x5563742b10f0 .param/l "YELLOW" 1 11 32, C4<000011111111>;
P_0x5563742b1130 .param/l "block_size" 1 11 39, +C4<00000000000000000000000000010100>;
P_0x5563742b1170 .param/l "block_x_bias" 1 11 36, +C4<00000000000000000000000000110010>;
P_0x5563742b11b0 .param/l "block_x_ratio" 1 11 37, +C4<00000000000000000000000000000011>;
P_0x5563742b11f0 .param/l "block_y_0" 1 11 38, +C4<00000000000000000000000001100100>;
L_0x556374238070 .functor BUFZ 13, v0x5563742accb0_0, C4<0000000000000>, C4<0000000000000>, C4<0000000000000>;
v0x5563742b1a30_0 .net "clk", 0 0, v0x5563742ad590_0;  alias, 1 drivers
v0x5563742b1b20_0 .net "i_servo_0", 12 0, v0x5563742accb0_0;  alias, 1 drivers
v0x5563742b1c10_0 .net "rst_n", 0 0, v0x5563742b59b0_0;  alias, 1 drivers
v0x5563742b1cb0_0 .net "trs_block_x_0", 12 0, L_0x556374238070;  1 drivers
v0x5563742b1d70_0 .var "vga_data", 11 0;
v0x5563742b1ea0_0 .net "vga_xpos", 9 0, L_0x5563742c7330;  alias, 1 drivers
v0x5563742b1f80_0 .net "vga_ypos", 9 0, L_0x5563742c7870;  alias, 1 drivers
E_0x5563742b19b0/0 .event negedge, v0x5563742ac5b0_0;
E_0x5563742b19b0/1 .event posedge, v0x5563742ad590_0;
E_0x5563742b19b0 .event/or E_0x5563742b19b0/0, E_0x5563742b19b0/1;
S_0x5563742b2160 .scope module, "vga_driver_inst" "vga_driver" 5 132, 12 10 0, S_0x5563742aa370;
 .timescale 0 0;
    .port_info 0 /INPUT 1 "clk_vga"
    .port_info 1 /INPUT 1 "rst_n"
    .port_info 2 /INPUT 12 "vga_data"
    .port_info 3 /OUTPUT 12 "vga_rgb"
    .port_info 4 /OUTPUT 1 "vga_hs"
    .port_info 5 /OUTPUT 1 "vga_vs"
    .port_info 6 /OUTPUT 10 "vga_xpos"
    .port_info 7 /OUTPUT 10 "vga_ypos"
P_0x5563742b2330 .param/l "H_BACK" 0 12 17, C4<00000110000>;
P_0x5563742b2370 .param/l "H_DISP" 0 12 14, C4<01010000000>;
P_0x5563742b23b0 .param/l "H_FRONT" 0 12 15, C4<00000010000>;
P_0x5563742b23f0 .param/l "H_SYNC" 0 12 16, C4<00001100000>;
P_0x5563742b2430 .param/l "H_TOTAL" 0 12 18, C4<01100100000>;
P_0x5563742b2470 .param/l "V_BACK" 0 12 23, C4<0000100001>;
P_0x5563742b24b0 .param/l "V_DISP" 0 12 20, C4<0111100000>;
P_0x5563742b24f0 .param/l "V_FRONT" 0 12 21, C4<0000001010>;
P_0x5563742b2530 .param/l "V_SYNC" 0 12 22, C4<0000000010>;
P_0x5563742b2570 .param/l "V_TOTAL" 0 12 24, C4<1000001101>;
L_0x5563742c7220 .functor AND 1, L_0x5563742c7a00, L_0x5563742c7b40, C4<1>, C4<1>;
L_0x7fd9b601c378 .functor BUFT 1, C4<01010000000>, C4<0>, C4<0>, C4<0>;
v0x5563742b2b40_0 .net/2u *"_s0", 10 0, L_0x7fd9b601c378;  1 drivers
L_0x7fd9b601c408 .functor BUFT 1, C4<0000000000>, C4<0>, C4<0>, C4<0>;
v0x5563742b2c40_0 .net/2u *"_s10", 9 0, L_0x7fd9b601c408;  1 drivers
L_0x7fd9b601c450 .functor BUFT 1, C4<0111100000>, C4<0>, C4<0>, C4<0>;
v0x5563742b2d20_0 .net/2u *"_s14", 9 0, L_0x7fd9b601c450;  1 drivers
v0x5563742b2de0_0 .net *"_s16", 0 0, L_0x5563742c74f0;  1 drivers
L_0x7fd9b601c498 .functor BUFT 1, C4<0000000001>, C4<0>, C4<0>, C4<0>;
v0x5563742b2ea0_0 .net/2u *"_s18", 9 0, L_0x7fd9b601c498;  1 drivers
v0x5563742b2fd0_0 .net *"_s2", 0 0, L_0x5563742c6fa0;  1 drivers
v0x5563742b3090_0 .net *"_s20", 9 0, L_0x5563742c76f0;  1 drivers
L_0x7fd9b601c4e0 .functor BUFT 1, C4<0000000000>, C4<0>, C4<0>, C4<0>;
v0x5563742b3170_0 .net/2u *"_s22", 9 0, L_0x7fd9b601c4e0;  1 drivers
L_0x7fd9b601c528 .functor BUFT 1, C4<01010000000>, C4<0>, C4<0>, C4<0>;
v0x5563742b3250_0 .net/2u *"_s26", 10 0, L_0x7fd9b601c528;  1 drivers
v0x5563742b3330_0 .net *"_s28", 0 0, L_0x5563742c7a00;  1 drivers
L_0x7fd9b601c570 .functor BUFT 1, C4<0111100000>, C4<0>, C4<0>, C4<0>;
v0x5563742b33f0_0 .net/2u *"_s30", 9 0, L_0x7fd9b601c570;  1 drivers
v0x5563742b34d0_0 .net *"_s32", 0 0, L_0x5563742c7b40;  1 drivers
v0x5563742b3590_0 .net *"_s34", 0 0, L_0x5563742c7220;  1 drivers
L_0x7fd9b601c5b8 .functor BUFT 1, C4<000000000000>, C4<0>, C4<0>, C4<0>;
v0x5563742b3650_0 .net/2u *"_s36", 11 0, L_0x7fd9b601c5b8;  1 drivers
v0x5563742b3730_0 .net *"_s5", 9 0, L_0x5563742c7090;  1 drivers
L_0x7fd9b601c3c0 .functor BUFT 1, C4<0000000001>, C4<0>, C4<0>, C4<0>;
v0x5563742b3810_0 .net/2u *"_s6", 9 0, L_0x7fd9b601c3c0;  1 drivers
v0x5563742b38f0_0 .net *"_s8", 9 0, L_0x5563742c7180;  1 drivers
v0x5563742b39d0_0 .net "clk_vga", 0 0, v0x5563742ad590_0;  alias, 1 drivers
v0x5563742b3a70_0 .var "hcnt", 10 0;
v0x5563742b3b50_0 .net "rst_n", 0 0, v0x5563742b59b0_0;  alias, 1 drivers
v0x5563742b3bf0_0 .var "vcnt", 9 0;
v0x5563742b3cd0_0 .net "vga_data", 11 0, v0x5563742b1d70_0;  alias, 1 drivers
v0x5563742b3d90_0 .var "vga_hs", 0 0;
v0x5563742b3e30_0 .net "vga_rgb", 11 0, L_0x5563742c7cd0;  alias, 1 drivers
v0x5563742b3f10_0 .var "vga_vs", 0 0;
v0x5563742b3fd0_0 .net "vga_xpos", 9 0, L_0x5563742c7330;  alias, 1 drivers
v0x5563742b4090_0 .net "vga_ypos", 9 0, L_0x5563742c7870;  alias, 1 drivers
L_0x5563742c6fa0 .cmp/gt 11, L_0x7fd9b601c378, v0x5563742b3a70_0;
L_0x5563742c7090 .part v0x5563742b3a70_0, 0, 10;
L_0x5563742c7180 .arith/sum 10, L_0x5563742c7090, L_0x7fd9b601c3c0;
L_0x5563742c7330 .functor MUXZ 10, L_0x7fd9b601c408, L_0x5563742c7180, L_0x5563742c6fa0, C4<>;
L_0x5563742c74f0 .cmp/gt 10, L_0x7fd9b601c450, v0x5563742b3bf0_0;
L_0x5563742c76f0 .arith/sum 10, v0x5563742b3bf0_0, L_0x7fd9b601c498;
L_0x5563742c7870 .functor MUXZ 10, L_0x7fd9b601c4e0, L_0x5563742c76f0, L_0x5563742c74f0, C4<>;
L_0x5563742c7a00 .cmp/gt 11, L_0x7fd9b601c528, v0x5563742b3a70_0;
L_0x5563742c7b40 .cmp/gt 10, L_0x7fd9b601c570, v0x5563742b3bf0_0;
L_0x5563742c7cd0 .functor MUXZ 12, L_0x7fd9b601c5b8, v0x5563742b1d70_0, L_0x5563742c7220, C4<>;
    .scope S_0x55637426ecf0;
T_0 ;
    %wait E_0x556374236cf0;
    %load/vec4 v0x556374285ce0_0;
    %nor/r;
    %flag_set/vec4 8;
    %jmp/0xz  T_0.0, 8;
    %pushi/vec4 0, 0, 4;
    %assign/vec4 v0x5563742a9c60_0, 0;
    %pushi/vec4 0, 0, 8;
    %assign/vec4 v0x5563742a9b80_0, 0;
    %jmp T_0.1;
T_0.0 ;
    %load/vec4 v0x5563742a9c60_0;
    %cmpi/e 0, 0, 4;
    %jmp/0xz  T_0.2, 4;
    %load/vec4 v0x556374285c10_0;
    %pad/u 32;
    %cmpi/e 0, 0, 32;
    %jmp/0xz  T_0.4, 4;
    %load/vec4 v0x5563742a9c60_0;
    %addi 1, 0, 4;
    %assign/vec4 v0x5563742a9c60_0, 0;
T_0.4 ;
    %jmp T_0.3;
T_0.2 ;
    %pushi/vec4 1, 0, 4;
    %load/vec4 v0x5563742a9c60_0;
    %cmp/u;
    %flag_get/vec4 4;
    %flag_get/vec4 5;
    %or;
    %load/vec4 v0x5563742a9c60_0;
    %cmpi/u 8, 0, 4;
    %flag_get/vec4 4;
    %flag_get/vec4 5;
    %or;
    %and;
    %flag_set/vec4 8;
    %jmp/0xz  T_0.6, 8;
    %load/vec4 v0x556374285c10_0;
    %load/vec4 v0x5563742a9c60_0;
    %subi 1, 0, 4;
    %ix/vec4 4;
    %store/vec4 v0x5563742a9b80_0, 4, 1;
    %load/vec4 v0x5563742a9c60_0;
    %addi 1, 0, 4;
    %assign/vec4 v0x5563742a9c60_0, 0;
    %jmp T_0.7;
T_0.6 ;
    %pushi/vec4 0, 0, 4;
    %assign/vec4 v0x5563742a9c60_0, 0;
T_0.7 ;
T_0.3 ;
T_0.1 ;
    %jmp T_0;
    .thread T_0;
    .scope S_0x55637422c3f0;
T_1 ;
    %wait E_0x5563742368e0;
    %load/vec4 v0x5563742aa030_0;
    %nor/r;
    %flag_set/vec4 8;
    %jmp/0xz  T_1.0, 8;
    %pushi/vec4 0, 0, 8;
    %assign/vec4 v0x5563742aa1a0_0, 0;
    %jmp T_1.1;
T_1.0 ;
    %load/vec4 v0x5563742aa1a0_0;
    %store/vec4 v0x5563742aa240_0, 0, 8;
    %load/vec4 v0x5563742a9de0_0;
    %store/vec4 v0x5563742aa1a0_0, 0, 8;
T_1.1 ;
    %jmp T_1;
    .thread T_1;
    .scope S_0x5563742ae220;
T_2 ;
    %wait E_0x5563742ae440;
    %load/vec4 v0x5563742aea40_0;
    %nor/r;
    %flag_set/vec4 8;
    %jmp/0xz  T_2.0, 8;
    %pushi/vec4 0, 0, 4;
    %assign/vec4 v0x5563742aee20_0, 0;
    %pushi/vec4 0, 0, 8;
    %assign/vec4 v0x5563742aed40_0, 0;
    %jmp T_2.1;
T_2.0 ;
    %load/vec4 v0x5563742aee20_0;
    %cmpi/e 0, 0, 4;
    %jmp/0xz  T_2.2, 4;
    %load/vec4 v0x5563742ae980_0;
    %pad/u 32;
    %cmpi/e 0, 0, 32;
    %jmp/0xz  T_2.4, 4;
    %load/vec4 v0x5563742aee20_0;
    %addi 1, 0, 4;
    %assign/vec4 v0x5563742aee20_0, 0;
T_2.4 ;
    %jmp T_2.3;
T_2.2 ;
    %pushi/vec4 1, 0, 4;
    %load/vec4 v0x5563742aee20_0;
    %cmp/u;
    %flag_get/vec4 4;
    %flag_get/vec4 5;
    %or;
    %load/vec4 v0x5563742aee20_0;
    %cmpi/u 8, 0, 4;
    %flag_get/vec4 4;
    %flag_get/vec4 5;
    %or;
    %and;
    %flag_set/vec4 8;
    %jmp/0xz  T_2.6, 8;
    %load/vec4 v0x5563742ae980_0;
    %load/vec4 v0x5563742aee20_0;
    %subi 1, 0, 4;
    %ix/vec4 4;
    %store/vec4 v0x5563742aed40_0, 4, 1;
    %load/vec4 v0x5563742aee20_0;
    %addi 1, 0, 4;
    %assign/vec4 v0x5563742aee20_0, 0;
    %jmp T_2.7;
T_2.6 ;
    %pushi/vec4 0, 0, 4;
    %assign/vec4 v0x5563742aee20_0, 0;
T_2.7 ;
T_2.3 ;
T_2.1 ;
    %jmp T_2;
    .thread T_2;
    .scope S_0x5563742ad850;
T_3 ;
    %pushi/vec4 0, 0, 10;
    %store/vec4 v0x5563742af360_0, 0, 10;
    %pushi/vec4 0, 0, 1;
    %store/vec4 v0x5563742af430_0, 0, 1;
    %end;
    .thread T_3;
    .scope S_0x5563742ad850;
T_4 ;
    %wait E_0x556374290040;
    %load/vec4 v0x5563742af220_0;
    %nor/r;
    %flag_set/vec4 8;
    %jmp/0xz  T_4.0, 8;
    %pushi/vec4 0, 0, 10;
    %assign/vec4 v0x5563742af360_0, 0;
    %pushi/vec4 0, 0, 1;
    %assign/vec4 v0x5563742af430_0, 0;
    %jmp T_4.1;
T_4.0 ;
    %load/vec4 v0x5563742af430_0;
    %nor/r;
    %flag_set/vec4 8;
    %jmp/0xz  T_4.2, 8;
    %load/vec4 v0x5563742aefa0_0;
    %dup/vec4;
    %pushi/vec4 29, 0, 8;
    %cmp/u;
    %jmp/1 T_4.4, 6;
    %dup/vec4;
    %pushi/vec4 27, 0, 8;
    %cmp/u;
    %jmp/1 T_4.5, 6;
    %dup/vec4;
    %pushi/vec4 28, 0, 8;
    %cmp/u;
    %jmp/1 T_4.6, 6;
    %dup/vec4;
    %pushi/vec4 35, 0, 8;
    %cmp/u;
    %jmp/1 T_4.7, 6;
    %dup/vec4;
    %pushi/vec4 67, 0, 8;
    %cmp/u;
    %jmp/1 T_4.8, 6;
    %dup/vec4;
    %pushi/vec4 66, 0, 8;
    %cmp/u;
    %jmp/1 T_4.9, 6;
    %dup/vec4;
    %pushi/vec4 59, 0, 8;
    %cmp/u;
    %jmp/1 T_4.10, 6;
    %dup/vec4;
    %pushi/vec4 75, 0, 8;
    %cmp/u;
    %jmp/1 T_4.11, 6;
    %dup/vec4;
    %pushi/vec4 41, 0, 8;
    %cmp/u;
    %jmp/1 T_4.12, 6;
    %dup/vec4;
    %pushi/vec4 90, 0, 8;
    %cmp/u;
    %jmp/1 T_4.13, 6;
    %dup/vec4;
    %pushi/vec4 240, 0, 8;
    %cmp/u;
    %jmp/1 T_4.14, 6;
    %jmp T_4.16;
T_4.4 ;
    %load/vec4 v0x5563742af360_0;
    %parti/s 1, 0, 2;
    %inv;
    %ix/load 4, 0, 0;
    %flag_set/imm 4, 0;
    %store/vec4 v0x5563742af360_0, 4, 1;
    %jmp T_4.16;
T_4.5 ;
    %load/vec4 v0x5563742af360_0;
    %parti/s 1, 1, 2;
    %inv;
    %ix/load 4, 1, 0;
    %flag_set/imm 4, 0;
    %store/vec4 v0x5563742af360_0, 4, 1;
    %jmp T_4.16;
T_4.6 ;
    %load/vec4 v0x5563742af360_0;
    %parti/s 1, 2, 3;
    %inv;
    %ix/load 4, 2, 0;
    %flag_set/imm 4, 0;
    %store/vec4 v0x5563742af360_0, 4, 1;
    %jmp T_4.16;
T_4.7 ;
    %load/vec4 v0x5563742af360_0;
    %parti/s 1, 3, 3;
    %inv;
    %ix/load 4, 3, 0;
    %flag_set/imm 4, 0;
    %store/vec4 v0x5563742af360_0, 4, 1;
    %jmp T_4.16;
T_4.8 ;
    %load/vec4 v0x5563742af360_0;
    %parti/s 1, 4, 4;
    %inv;
    %ix/load 4, 4, 0;
    %flag_set/imm 4, 0;
    %store/vec4 v0x5563742af360_0, 4, 1;
    %jmp T_4.16;
T_4.9 ;
    %load/vec4 v0x5563742af360_0;
    %parti/s 1, 5, 4;
    %inv;
    %ix/load 4, 5, 0;
    %flag_set/imm 4, 0;
    %store/vec4 v0x5563742af360_0, 4, 1;
    %jmp T_4.16;
T_4.10 ;
    %load/vec4 v0x5563742af360_0;
    %parti/s 1, 6, 4;
    %inv;
    %ix/load 4, 6, 0;
    %flag_set/imm 4, 0;
    %store/vec4 v0x5563742af360_0, 4, 1;
    %jmp T_4.16;
T_4.11 ;
    %load/vec4 v0x5563742af360_0;
    %parti/s 1, 7, 4;
    %inv;
    %ix/load 4, 7, 0;
    %flag_set/imm 4, 0;
    %store/vec4 v0x5563742af360_0, 4, 1;
    %jmp T_4.16;
T_4.12 ;
    %load/vec4 v0x5563742af360_0;
    %parti/s 1, 8, 5;
    %inv;
    %ix/load 4, 8, 0;
    %flag_set/imm 4, 0;
    %store/vec4 v0x5563742af360_0, 4, 1;
    %jmp T_4.16;
T_4.13 ;
    %load/vec4 v0x5563742af360_0;
    %parti/s 1, 9, 5;
    %inv;
    %ix/load 4, 9, 0;
    %flag_set/imm 4, 0;
    %store/vec4 v0x5563742af360_0, 4, 1;
    %jmp T_4.16;
T_4.14 ;
    %pushi/vec4 1, 0, 1;
    %assign/vec4 v0x5563742af430_0, 0;
    %jmp T_4.16;
T_4.16 ;
    %pop/vec4 1;
    %jmp T_4.3;
T_4.2 ;
    %pushi/vec4 0, 0, 1;
    %assign/vec4 v0x5563742af430_0, 0;
    %pushi/vec4 0, 0, 10;
    %assign/vec4 v0x5563742af360_0, 0;
T_4.3 ;
T_4.1 ;
    %jmp T_4;
    .thread T_4;
    .scope S_0x5563742abed0;
T_5 ;
    %pushi/vec4 0, 0, 1;
    %store/vec4 v0x5563742ac4f0_0, 0, 1;
    %pushi/vec4 5000000, 0, 32;
    %store/vec4 v0x5563742ac400_0, 0, 32;
    %end;
    .thread T_5;
    .scope S_0x5563742abed0;
T_6 ;
    %wait E_0x556374237530;
    %load/vec4 v0x5563742ac5b0_0;
    %nor/r;
    %flag_set/vec4 8;
    %jmp/0xz  T_6.0, 8;
    %pushi/vec4 0, 0, 32;
    %assign/vec4 v0x5563742ac240_0, 0;
    %jmp T_6.1;
T_6.0 ;
    %load/vec4 v0x5563742ac240_0;
    %load/vec4 v0x5563742ac400_0;
    %cmp/u;
    %jmp/0xz  T_6.2, 5;
    %load/vec4 v0x5563742ac240_0;
    %addi 1, 0, 32;
    %assign/vec4 v0x5563742ac240_0, 0;
    %jmp T_6.3;
T_6.2 ;
    %pushi/vec4 0, 0, 32;
    %assign/vec4 v0x5563742ac240_0, 0;
    %load/vec4 v0x5563742ac4f0_0;
    %inv;
    %assign/vec4 v0x5563742ac4f0_0, 0;
T_6.3 ;
T_6.1 ;
    %jmp T_6;
    .thread T_6;
    .scope S_0x5563742aafc0;
T_7 ;
    %wait E_0x556374237120;
    %load/vec4 v0x5563742acb70_0;
    %nor/r;
    %flag_set/vec4 8;
    %jmp/0xz  T_7.0, 8;
    %pushi/vec4 150, 0, 13;
    %assign/vec4 v0x5563742accb0_0, 0;
    %pushi/vec4 150, 0, 13;
    %assign/vec4 v0x5563742acd90_0, 0;
    %pushi/vec4 150, 0, 13;
    %assign/vec4 v0x5563742ace70_0, 0;
    %pushi/vec4 150, 0, 13;
    %assign/vec4 v0x5563742acf50_0, 0;
    %pushi/vec4 0, 0, 5;
    %assign/vec4 v0x5563742ad030_0, 0;
    %pushi/vec4 0, 0, 5;
    %assign/vec4 v0x5563742ac8a0_0, 0;
    %pushi/vec4 0, 0, 5;
    %assign/vec4 v0x5563742ac7e0_0, 0;
    %jmp T_7.1;
T_7.0 ;
    %load/vec4 v0x5563742aca60_0;
    %parti/s 1, 0, 2;
    %flag_set/vec4 8;
    %jmp/0xz  T_7.2, 8;
    %load/vec4 v0x5563742accb0_0;
    %pad/u 32;
    %addi 5, 0, 32;
    %pad/u 13;
    %store/vec4 v0x5563742accb0_0, 0, 13;
    %pushi/vec4 250, 0, 32;
    %load/vec4 v0x5563742accb0_0;
    %pad/u 32;
    %cmp/u;
    %jmp/0xz  T_7.4, 5;
    %pushi/vec4 250, 0, 13;
    %store/vec4 v0x5563742accb0_0, 0, 13;
T_7.4 ;
T_7.2 ;
    %load/vec4 v0x5563742aca60_0;
    %parti/s 1, 1, 2;
    %flag_set/vec4 8;
    %jmp/0xz  T_7.6, 8;
    %load/vec4 v0x5563742accb0_0;
    %pad/u 32;
    %subi 5, 0, 32;
    %pad/u 13;
    %store/vec4 v0x5563742accb0_0, 0, 13;
    %load/vec4 v0x5563742accb0_0;
    %pad/u 32;
    %cmpi/u 50, 0, 32;
    %jmp/0xz  T_7.8, 5;
    %pushi/vec4 50, 0, 13;
    %store/vec4 v0x5563742accb0_0, 0, 13;
T_7.8 ;
T_7.6 ;
T_7.1 ;
    %jmp T_7;
    .thread T_7;
    .scope S_0x5563742af750;
T_8 ;
    %pushi/vec4 0, 0, 1;
    %store/vec4 v0x5563742afda0_0, 0, 1;
    %pushi/vec4 500, 0, 32;
    %store/vec4 v0x5563742afcd0_0, 0, 32;
    %end;
    .thread T_8;
    .scope S_0x5563742af750;
T_9 ;
    %wait E_0x556374237530;
    %load/vec4 v0x5563742afe60_0;
    %nor/r;
    %flag_set/vec4 8;
    %jmp/0xz  T_9.0, 8;
    %pushi/vec4 0, 0, 32;
    %assign/vec4 v0x5563742afb10_0, 0;
    %jmp T_9.1;
T_9.0 ;
    %load/vec4 v0x5563742afb10_0;
    %load/vec4 v0x5563742afcd0_0;
    %cmp/u;
    %jmp/0xz  T_9.2, 5;
    %load/vec4 v0x5563742afb10_0;
    %addi 1, 0, 32;
    %assign/vec4 v0x5563742afb10_0, 0;
    %jmp T_9.3;
T_9.2 ;
    %pushi/vec4 0, 0, 32;
    %assign/vec4 v0x5563742afb10_0, 0;
    %load/vec4 v0x5563742afda0_0;
    %inv;
    %assign/vec4 v0x5563742afda0_0, 0;
T_9.3 ;
T_9.1 ;
    %jmp T_9;
    .thread T_9;
    .scope S_0x5563742af500;
T_10 ;
    %wait E_0x5563742af6d0;
    %load/vec4 v0x5563742b0b60_0;
    %nor/r;
    %flag_set/vec4 8;
    %jmp/0xz  T_10.0, 8;
    %pushi/vec4 0, 0, 13;
    %store/vec4 v0x5563742b07c0_0, 0, 13;
    %jmp T_10.1;
T_10.0 ;
    %load/vec4 v0x5563742b07c0_0;
    %pad/u 32;
    %cmpi/e 2000, 0, 32;
    %jmp/0xz  T_10.2, 4;
    %pushi/vec4 0, 0, 13;
    %store/vec4 v0x5563742b07c0_0, 0, 13;
    %jmp T_10.3;
T_10.2 ;
    %load/vec4 v0x5563742b07c0_0;
    %addi 1, 0, 13;
    %store/vec4 v0x5563742b07c0_0, 0, 13;
T_10.3 ;
T_10.1 ;
    %jmp T_10;
    .thread T_10;
    .scope S_0x5563742b0d30;
T_11 ;
    %wait E_0x5563742b19b0;
    %load/vec4 v0x5563742b1c10_0;
    %nor/r;
    %flag_set/vec4 8;
    %jmp/0xz  T_11.0, 8;
    %pushi/vec4 0, 0, 12;
    %assign/vec4 v0x5563742b1d70_0, 0;
    %jmp T_11.1;
T_11.0 ;
    %load/vec4 v0x5563742b1cb0_0;
    %load/vec4 v0x5563742b1ea0_0;
    %pad/u 13;
    %cmp/u;
    %flag_get/vec4 4;
    %flag_get/vec4 5;
    %or;
    %load/vec4 v0x5563742b1ea0_0;
    %pad/u 32;
    %load/vec4 v0x5563742b1cb0_0;
    %pad/u 32;
    %addi 20, 0, 32;
    %cmp/u;
    %flag_get/vec4 4;
    %flag_get/vec4 5;
    %or;
    %and;
    %pushi/vec4 100, 0, 32;
    %load/vec4 v0x5563742b1f80_0;
    %pad/u 32;
    %cmp/u;
    %flag_get/vec4 4;
    %flag_get/vec4 5;
    %or;
    %and;
    %load/vec4 v0x5563742b1f80_0;
    %pad/u 32;
    %cmpi/u 120, 0, 32;
    %flag_get/vec4 4;
    %flag_get/vec4 5;
    %or;
    %and;
    %flag_set/vec4 8;
    %jmp/0xz  T_11.2, 8;
    %pushi/vec4 3840, 0, 12;
    %assign/vec4 v0x5563742b1d70_0, 0;
    %jmp T_11.3;
T_11.2 ;
    %pushi/vec4 0, 0, 12;
    %assign/vec4 v0x5563742b1d70_0, 0;
T_11.3 ;
T_11.1 ;
    %jmp T_11;
    .thread T_11;
    .scope S_0x5563742ad250;
T_12 ;
    %wait E_0x556374237b40;
    %load/vec4 v0x5563742ad710_0;
    %flag_set/vec4 8;
    %jmp/0xz  T_12.0, 8;
    %pushi/vec4 0, 0, 32;
    %assign/vec4 v0x5563742ad650_0, 0;
    %jmp T_12.1;
T_12.0 ;
    %load/vec4 v0x5563742ad650_0;
    %addi 1073741824, 0, 32;
    %assign/vec4 v0x5563742ad650_0, 0;
T_12.1 ;
    %jmp T_12;
    .thread T_12;
    .scope S_0x5563742ad250;
T_13 ;
    %wait E_0x556374237b40;
    %load/vec4 v0x5563742ad710_0;
    %flag_set/vec4 8;
    %jmp/0xz  T_13.0, 8;
    %pushi/vec4 0, 0, 1;
    %assign/vec4 v0x5563742ad590_0, 0;
    %jmp T_13.1;
T_13.0 ;
    %load/vec4 v0x5563742ad650_0;
    %cmpi/u 2147483647, 0, 32;
    %jmp/0xz  T_13.2, 5;
    %pushi/vec4 0, 0, 1;
    %assign/vec4 v0x5563742ad590_0, 0;
    %jmp T_13.3;
T_13.2 ;
    %pushi/vec4 1, 0, 1;
    %assign/vec4 v0x5563742ad590_0, 0;
T_13.3 ;
T_13.1 ;
    %jmp T_13;
    .thread T_13;
    .scope S_0x5563742b2160;
T_14 ;
    %wait E_0x5563742b19b0;
    %load/vec4 v0x5563742b3b50_0;
    %nor/r;
    %flag_set/vec4 8;
    %jmp/0xz  T_14.0, 8;
    %pushi/vec4 0, 0, 11;
    %assign/vec4 v0x5563742b3a70_0, 0;
    %jmp T_14.1;
T_14.0 ;
    %load/vec4 v0x5563742b3a70_0;
    %cmpi/u 799, 0, 11;
    %jmp/0xz  T_14.2, 5;
    %load/vec4 v0x5563742b3a70_0;
    %addi 1, 0, 11;
    %assign/vec4 v0x5563742b3a70_0, 0;
    %jmp T_14.3;
T_14.2 ;
    %pushi/vec4 0, 0, 11;
    %assign/vec4 v0x5563742b3a70_0, 0;
T_14.3 ;
T_14.1 ;
    %jmp T_14;
    .thread T_14;
    .scope S_0x5563742b2160;
T_15 ;
    %wait E_0x5563742b19b0;
    %load/vec4 v0x5563742b3b50_0;
    %nor/r;
    %flag_set/vec4 8;
    %jmp/0xz  T_15.0, 8;
    %pushi/vec4 1, 0, 1;
    %assign/vec4 v0x5563742b3d90_0, 0;
    %jmp T_15.1;
T_15.0 ;
    %pushi/vec4 655, 0, 11;
    %load/vec4 v0x5563742b3a70_0;
    %cmp/u;
    %flag_get/vec4 4;
    %flag_get/vec4 5;
    %or;
    %load/vec4 v0x5563742b3a70_0;
    %cmpi/u 751, 0, 11;
    %flag_get/vec4 5;
    %and;
    %flag_set/vec4 8;
    %jmp/0xz  T_15.2, 8;
    %pushi/vec4 0, 0, 1;
    %assign/vec4 v0x5563742b3d90_0, 0;
    %jmp T_15.3;
T_15.2 ;
    %pushi/vec4 1, 0, 1;
    %assign/vec4 v0x5563742b3d90_0, 0;
T_15.3 ;
T_15.1 ;
    %jmp T_15;
    .thread T_15;
    .scope S_0x5563742b2160;
T_16 ;
    %wait E_0x5563742b19b0;
    %load/vec4 v0x5563742b3b50_0;
    %nor/r;
    %flag_set/vec4 8;
    %jmp/0xz  T_16.0, 8;
    %pushi/vec4 0, 0, 10;
    %assign/vec4 v0x5563742b3bf0_0, 0;
    %jmp T_16.1;
T_16.0 ;
    %load/vec4 v0x5563742b3a70_0;
    %pad/u 32;
    %cmpi/e 639, 0, 32;
    %jmp/0xz  T_16.2, 4;
    %load/vec4 v0x5563742b3bf0_0;
    %cmpi/u 524, 0, 10;
    %jmp/0xz  T_16.4, 5;
    %load/vec4 v0x5563742b3bf0_0;
    %addi 1, 0, 10;
    %assign/vec4 v0x5563742b3bf0_0, 0;
    %jmp T_16.5;
T_16.4 ;
    %pushi/vec4 0, 0, 10;
    %assign/vec4 v0x5563742b3bf0_0, 0;
T_16.5 ;
    %jmp T_16.3;
T_16.2 ;
    %load/vec4 v0x5563742b3bf0_0;
    %assign/vec4 v0x5563742b3bf0_0, 0;
T_16.3 ;
T_16.1 ;
    %jmp T_16;
    .thread T_16;
    .scope S_0x5563742b2160;
T_17 ;
    %wait E_0x5563742b19b0;
    %load/vec4 v0x5563742b3b50_0;
    %nor/r;
    %flag_set/vec4 8;
    %jmp/0xz  T_17.0, 8;
    %pushi/vec4 1, 0, 1;
    %assign/vec4 v0x5563742b3f10_0, 0;
    %jmp T_17.1;
T_17.0 ;
    %pushi/vec4 489, 0, 10;
    %load/vec4 v0x5563742b3bf0_0;
    %cmp/u;
    %flag_get/vec4 4;
    %flag_get/vec4 5;
    %or;
    %load/vec4 v0x5563742b3bf0_0;
    %cmpi/u 491, 0, 10;
    %flag_get/vec4 5;
    %and;
    %flag_set/vec4 8;
    %jmp/0xz  T_17.2, 8;
    %pushi/vec4 0, 0, 1;
    %assign/vec4 v0x5563742b3f10_0, 0;
    %jmp T_17.3;
T_17.2 ;
    %pushi/vec4 1, 0, 1;
    %assign/vec4 v0x5563742b3f10_0, 0;
T_17.3 ;
T_17.1 ;
    %jmp T_17;
    .thread T_17;
    .scope S_0x55637428cce0;
T_18 ;
    %pushi/vec4 1, 0, 1;
    %store/vec4 v0x5563742b59b0_0, 0, 1;
    %delay 5, 0;
    %pushi/vec4 0, 0, 1;
    %store/vec4 v0x5563742b57b0_0, 0, 1;
    %delay 5, 0;
    %pushi/vec4 0, 0, 1;
    %store/vec4 v0x5563742b59b0_0, 0, 1;
    %delay 5, 0;
    %pushi/vec4 1, 0, 1;
    %store/vec4 v0x5563742b59b0_0, 0, 1;
    %end;
    .thread T_18;
    .scope S_0x55637428cce0;
T_19 ;
    %pushi/vec4 0, 0, 32;
    %store/vec4 v0x5563742b56b0_0, 0, 32;
T_19.0 ;
    %load/vec4 v0x5563742b56b0_0;
    %cmpi/s 10000, 0, 32;
    %jmp/0xz T_19.1, 5;
    %delay 5, 0;
    %pushi/vec4 1, 0, 1;
    %store/vec4 v0x5563742b57b0_0, 0, 1;
    %delay 5, 0;
    %pushi/vec4 0, 0, 1;
    %store/vec4 v0x5563742b57b0_0, 0, 1;
    %load/vec4 v0x5563742b56b0_0;
    %addi 1, 0, 32;
    %store/vec4 v0x5563742b56b0_0, 0, 32;
    %jmp T_19.0;
T_19.1 ;
    %end;
    .thread T_19;
    .scope S_0x55637428cce0;
T_20 ;
    %vpi_call 4 53 "$dumpfile", "./build/wave2.vcd" {0 0 0};
    %vpi_call 4 54 "$dumpvars", 32'sb00000000000000000000000000000000, S_0x55637428cce0 {0 0 0};
    %delay 100000, 0;
    %vpi_call 4 55 "$finish" {0 0 0};
    %end;
    .thread T_20;
# The file index is used to find the file name in the following table.
:file_names 13;
    "N/A";
    "<interactive>";
    "./src/kb_controller.v";
    "./src/kb_driver.v";
    "./src/top_tb.v";
    "./src/top.v";
    "./src/data_controller.v";
    "./src/time_divider.v";
    "./src/vga_time_divider.v";
    "./src/kb_controller_advanced.v";
    "./src/pwm_driver.v";
    "./src/vga_display.v";
    "./src/vga_driver.v";
