#! /usr/bin/vvp
:ivl_version "10.3 (stable)";
:ivl_delay_selection "TYPICAL";
:vpi_time_precision + 0;
:vpi_module "system";
:vpi_module "vhdl_sys";
:vpi_module "v2005_math";
:vpi_module "va_math";
S_0x560efc4b9800 .scope module, "counter_overflow_tb" "counter_overflow_tb" 2 1;
 .timescale 0 0;
P_0x560efc4b9980 .param/l "COUNTER_BITS" 0 2 2, +C4<00000000000000000000000000100000>;
v0x560efc4d03a0_0 .var/i "i", 31 0;
v0x560efc4d04a0_0 .var "i_CLK", 0 0;
v0x560efc4d0560_0 .var "i_LIM", 31 0;
v0x560efc4d0660_0 .var "i_RST", 0 0;
v0x560efc4d0730_0 .net "o_OVERFLOW", 0 0, v0x560efc4d0210_0;  1 drivers
S_0x560efc481060 .scope module, "cnt" "counter_overflow" 2 14, 3 2 0, S_0x560efc4b9800;
 .timescale 0 0;
    .port_info 0 /INPUT 1 "i_CLK"
    .port_info 1 /INPUT 32 "i_LIM"
    .port_info 2 /INPUT 1 "i_RST"
    .port_info 3 /OUTPUT 1 "o_OVERFLOW"
P_0x560efc481230 .param/l "COUNTER_BITS" 0 3 3, +C4<00000000000000000000000000100000>;
v0x560efc481350_0 .var "c", 31 0;
v0x560efc4cffa0_0 .net "i_CLK", 0 0, v0x560efc4d04a0_0;  1 drivers
v0x560efc4d0060_0 .net "i_LIM", 31 0, v0x560efc4d0560_0;  1 drivers
v0x560efc4d0150_0 .net "i_RST", 0 0, v0x560efc4d0660_0;  1 drivers
v0x560efc4d0210_0 .var "o_OVERFLOW", 0 0;
E_0x560efc4ba400 .event posedge, v0x560efc4cffa0_0;
E_0x560efc4b6cb0 .event posedge, v0x560efc4d0150_0;
    .scope S_0x560efc481060;
T_0 ;
    %pushi/vec4 0, 0, 32;
    %assign/vec4 v0x560efc481350_0, 0;
    %pushi/vec4 0, 0, 1;
    %assign/vec4 v0x560efc4d0210_0, 0;
    %end;
    .thread T_0;
    .scope S_0x560efc481060;
T_1 ;
    %wait E_0x560efc4b6cb0;
    %pushi/vec4 0, 0, 32;
    %assign/vec4 v0x560efc481350_0, 0;
    %pushi/vec4 0, 0, 1;
    %assign/vec4 v0x560efc4d0210_0, 0;
    %jmp T_1;
    .thread T_1;
    .scope S_0x560efc481060;
T_2 ;
    %wait E_0x560efc4ba400;
    %load/vec4 v0x560efc4d0210_0;
    %pad/u 32;
    %cmpi/e 0, 0, 32;
    %jmp/0xz  T_2.0, 4;
    %load/vec4 v0x560efc481350_0;
    %addi 1, 0, 32;
    %store/vec4 v0x560efc481350_0, 0, 32;
    %load/vec4 v0x560efc4d0060_0;
    %load/vec4 v0x560efc481350_0;
    %cmp/u;
    %jmp/0xz  T_2.2, 5;
    %pushi/vec4 1, 0, 1;
    %assign/vec4 v0x560efc4d0210_0, 0;
    %jmp T_2.3;
T_2.2 ;
    %pushi/vec4 0, 0, 1;
    %assign/vec4 v0x560efc4d0210_0, 0;
T_2.3 ;
    %jmp T_2.1;
T_2.0 ;
    %pushi/vec4 0, 4294967295, 32;
    %assign/vec4 v0x560efc481350_0, 0;
T_2.1 ;
    %jmp T_2;
    .thread T_2;
    .scope S_0x560efc4b9800;
T_3 ;
    %vpi_call 2 10 "$dumpfile", "./build/wave.vcd" {0 0 0};
    %vpi_call 2 11 "$dumpvars", 32'sb00000000000000000000000000000000, S_0x560efc4b9800 {0 0 0};
    %delay 10000, 0;
    %vpi_call 2 12 "$finish" {0 0 0};
    %end;
    .thread T_3;
    .scope S_0x560efc4b9800;
T_4 ;
    %pushi/vec4 0, 0, 1;
    %assign/vec4 v0x560efc4d0660_0, 0;
    %pushi/vec4 0, 0, 1;
    %assign/vec4 v0x560efc4d04a0_0, 0;
    %pushi/vec4 5, 0, 32;
    %store/vec4 v0x560efc4d0560_0, 0, 32;
    %end;
    .thread T_4;
    .scope S_0x560efc4b9800;
T_5 ;
    %pushi/vec4 0, 0, 32;
    %store/vec4 v0x560efc4d03a0_0, 0, 32;
T_5.0 ;
    %load/vec4 v0x560efc4d03a0_0;
    %cmpi/s 15, 0, 32;
    %jmp/0xz T_5.1, 5;
    %delay 5, 0;
    %load/vec4 v0x560efc4d04a0_0;
    %inv;
    %store/vec4 v0x560efc4d04a0_0, 0, 1;
    %load/vec4 v0x560efc4d03a0_0;
    %addi 1, 0, 32;
    %store/vec4 v0x560efc4d03a0_0, 0, 32;
    %jmp T_5.0;
T_5.1 ;
    %pushi/vec4 1, 0, 1;
    %store/vec4 v0x560efc4d0660_0, 0, 1;
    %delay 5, 0;
    %pushi/vec4 0, 0, 1;
    %store/vec4 v0x560efc4d0660_0, 0, 1;
    %pushi/vec4 0, 0, 32;
    %store/vec4 v0x560efc4d03a0_0, 0, 32;
T_5.2 ;
    %load/vec4 v0x560efc4d03a0_0;
    %cmpi/s 6, 0, 32;
    %jmp/0xz T_5.3, 5;
    %delay 5, 0;
    %load/vec4 v0x560efc4d04a0_0;
    %inv;
    %store/vec4 v0x560efc4d04a0_0, 0, 1;
    %load/vec4 v0x560efc4d03a0_0;
    %addi 1, 0, 32;
    %store/vec4 v0x560efc4d03a0_0, 0, 32;
    %jmp T_5.2;
T_5.3 ;
    %pushi/vec4 1, 0, 1;
    %store/vec4 v0x560efc4d0660_0, 0, 1;
    %delay 5, 0;
    %pushi/vec4 0, 0, 1;
    %store/vec4 v0x560efc4d0660_0, 0, 1;
    %pushi/vec4 0, 0, 32;
    %store/vec4 v0x560efc4d03a0_0, 0, 32;
T_5.4 ;
    %load/vec4 v0x560efc4d03a0_0;
    %cmpi/s 15, 0, 32;
    %jmp/0xz T_5.5, 5;
    %delay 5, 0;
    %load/vec4 v0x560efc4d04a0_0;
    %inv;
    %store/vec4 v0x560efc4d04a0_0, 0, 1;
    %load/vec4 v0x560efc4d03a0_0;
    %addi 1, 0, 32;
    %store/vec4 v0x560efc4d03a0_0, 0, 32;
    %jmp T_5.4;
T_5.5 ;
    %end;
    .thread T_5;
# The file index is used to find the file name in the following table.
:file_names 4;
    "N/A";
    "<interactive>";
    "./src/counter_overflow_tb.v";
    "./src/counter_overflow.v";
