
*** Running vivado
    with args -log kb_controller_advanced.vds -m64 -mode batch -messageDb vivado.pb -notrace -source kb_controller_advanced.tcl


****** Vivado v2016.2 (64-bit)
  **** SW Build 1577090 on Thu Jun  2 16:32:40 MDT 2016
  **** IP Build 1577682 on Fri Jun  3 12:00:54 MDT 2016
    ** Copyright 1986-2016 Xilinx, Inc. All Rights Reserved.

source kb_controller_advanced.tcl -notrace
Command: synth_design -top kb_controller_advanced -part xc7a100tcsg324-1
Starting synth_design
Attempting to get a license for feature 'Synthesis' and/or device 'xc7a100t'
INFO: [Common 17-349] Got license for feature 'Synthesis' and/or device 'xc7a100t'
INFO: Launching helper process for spawning children vivado processes
INFO: Helper process launched with PID 7660 
---------------------------------------------------------------------------------
Starting RTL Elaboration : Time (s): cpu = 00:00:06 ; elapsed = 00:00:13 . Memory (MB): peak = 304.539 ; gain = 97.844
---------------------------------------------------------------------------------
INFO: [Synth 8-638] synthesizing module 'kb_controller_advanced' [D:/wza/vivado_program_files/project_for_digital_logic/comprehensive/src/kb_controller_advanced.v:1]
	Parameter kb_code_W bound to: 8'b00011101 
	Parameter kb_code_S bound to: 8'b00011011 
	Parameter kb_code_A bound to: 8'b00011100 
	Parameter kb_code_D bound to: 8'b00100011 
	Parameter kb_code_I bound to: 8'b01000011 
	Parameter kb_code_K bound to: 8'b01000010 
	Parameter kb_code_J bound to: 8'b00111011 
	Parameter kb_code_L bound to: 8'b01001011 
	Parameter kb_code_SPACE bound to: 8'b00101001 
	Parameter kb_code_ENTER bound to: 8'b01011010 
	Parameter kb_code_BREAK bound to: 8'b11110000 
INFO: [Synth 8-638] synthesizing module 'kb_driver' [D:/wza/vivado_program_files/project_for_digital_logic/comprehensive/src/kb_driver.v:1]
INFO: [Synth 8-256] done synthesizing module 'kb_driver' (1#1) [D:/wza/vivado_program_files/project_for_digital_logic/comprehensive/src/kb_driver.v:1]
INFO: [Synth 8-256] done synthesizing module 'kb_controller_advanced' (2#1) [D:/wza/vivado_program_files/project_for_digital_logic/comprehensive/src/kb_controller_advanced.v:1]
---------------------------------------------------------------------------------
Finished RTL Elaboration : Time (s): cpu = 00:00:06 ; elapsed = 00:00:14 . Memory (MB): peak = 341.082 ; gain = 134.387
---------------------------------------------------------------------------------

Report Check Netlist: 
+------+------------------+-------+---------+-------+------------------+
|      |Item              |Errors |Warnings |Status |Description       |
+------+------------------+-------+---------+-------+------------------+
|1     |multi_driven_nets |      0|        0|Passed |Multi driven nets |
+------+------------------+-------+---------+-------+------------------+
---------------------------------------------------------------------------------
Finished RTL Optimization Phase 1 : Time (s): cpu = 00:00:07 ; elapsed = 00:00:15 . Memory (MB): peak = 341.082 ; gain = 134.387
---------------------------------------------------------------------------------
INFO: [Device 21-403] Loading part xc7a100tcsg324-1
INFO: [Project 1-570] Preparing netlist for logic optimization

Processing XDC Constraints
Initializing timing engine
Parsing XDC File [D:/wza/vivado_program_files/project_for_digital_logic/comprehensive/servo_bot/servo_bot.srcs/constrs_1/new/servo_bot.xdc]
Finished Parsing XDC File [D:/wza/vivado_program_files/project_for_digital_logic/comprehensive/servo_bot/servo_bot.srcs/constrs_1/new/servo_bot.xdc]
INFO: [Project 1-236] Implementation specific constraints were found while reading constraint file [D:/wza/vivado_program_files/project_for_digital_logic/comprehensive/servo_bot/servo_bot.srcs/constrs_1/new/servo_bot.xdc]. These constraints will be ignored for synthesis but will be used in implementation. Impacted constraints are listed in the file [.Xil/kb_controller_advanced_propImpl.xdc].
Resolution: To avoid this warning, move constraints listed in [.Xil/kb_controller_advanced_propImpl.xdc] to another XDC file and exclude this new file from synthesis with the used_in_synthesis property (File Properties dialog in GUI) and re-run elaboration/synthesis.
Completed Processing XDC Constraints

INFO: [Project 1-111] Unisim Transformation Summary:
No Unisim elements were transformed.

Constraint Validation Runtime : Time (s): cpu = 00:00:00 ; elapsed = 00:00:00.004 . Memory (MB): peak = 634.023 ; gain = 0.000
---------------------------------------------------------------------------------
Finished Constraint Validation : Time (s): cpu = 00:00:15 ; elapsed = 00:00:26 . Memory (MB): peak = 634.023 ; gain = 427.328
---------------------------------------------------------------------------------
---------------------------------------------------------------------------------
Start Loading Part and Timing Information
---------------------------------------------------------------------------------
Loading part: xc7a100tcsg324-1
---------------------------------------------------------------------------------
Finished Loading Part and Timing Information : Time (s): cpu = 00:00:15 ; elapsed = 00:00:26 . Memory (MB): peak = 634.023 ; gain = 427.328
---------------------------------------------------------------------------------
---------------------------------------------------------------------------------
Start Applying 'set_property' XDC Constraints
---------------------------------------------------------------------------------
---------------------------------------------------------------------------------
Finished applying 'set_property' XDC Constraints : Time (s): cpu = 00:00:15 ; elapsed = 00:00:26 . Memory (MB): peak = 634.023 ; gain = 427.328
---------------------------------------------------------------------------------
INFO: [Synth 8-5546] ROM "o_keyboard_status" won't be mapped to RAM because it is too sparse
INFO: [Synth 8-5546] ROM "release_flag" won't be mapped to RAM because it is too sparse
---------------------------------------------------------------------------------
Finished RTL Optimization Phase 2 : Time (s): cpu = 00:00:15 ; elapsed = 00:00:26 . Memory (MB): peak = 634.023 ; gain = 427.328
---------------------------------------------------------------------------------

Report RTL Partitions: 
+-+--------------+------------+----------+
| |RTL Partition |Replication |Instances |
+-+--------------+------------+----------+
+-+--------------+------------+----------+
---------------------------------------------------------------------------------
Start RTL Component Statistics 
---------------------------------------------------------------------------------
Detailed RTL Component Info : 
+---Adders : 
	   2 Input      4 Bit       Adders := 2     
+---Registers : 
	               10 Bit    Registers := 1     
	                1 Bit    Registers := 1     
+---Muxes : 
	  14 Input     10 Bit        Muxes := 1     
	   2 Input     10 Bit        Muxes := 2     
	   2 Input      8 Bit        Muxes := 3     
	   2 Input      4 Bit        Muxes := 2     
	   2 Input      1 Bit        Muxes := 1     
	  13 Input      1 Bit        Muxes := 1     
---------------------------------------------------------------------------------
Finished RTL Component Statistics 
---------------------------------------------------------------------------------
---------------------------------------------------------------------------------
Start RTL Hierarchical Component Statistics 
---------------------------------------------------------------------------------
Hierarchical RTL Component report 
Module kb_controller_advanced 
Detailed RTL Component Info : 
+---Registers : 
	               10 Bit    Registers := 1     
	                1 Bit    Registers := 1     
+---Muxes : 
	  14 Input     10 Bit        Muxes := 1     
	   2 Input     10 Bit        Muxes := 2     
	  13 Input      1 Bit        Muxes := 1     
Module kb_driver 
Detailed RTL Component Info : 
+---Adders : 
	   2 Input      4 Bit       Adders := 2     
+---Muxes : 
	   2 Input      8 Bit        Muxes := 3     
	   2 Input      4 Bit        Muxes := 2     
	   2 Input      1 Bit        Muxes := 1     
---------------------------------------------------------------------------------
Finished RTL Hierarchical Component Statistics
---------------------------------------------------------------------------------
---------------------------------------------------------------------------------
Start Part Resource Summary
---------------------------------------------------------------------------------
Part Resources:
DSPs: 240 (col length:80)
BRAMs: 270 (col length: RAMB18 80 RAMB36 40)
---------------------------------------------------------------------------------
Finished Part Resource Summary
---------------------------------------------------------------------------------
Start Parallel Synthesis Optimization  : Time (s): cpu = 00:00:15 ; elapsed = 00:00:27 . Memory (MB): peak = 634.023 ; gain = 427.328
---------------------------------------------------------------------------------
Start Cross Boundary Optimization
---------------------------------------------------------------------------------
---------------------------------------------------------------------------------
Finished Cross Boundary Optimization : Time (s): cpu = 00:00:15 ; elapsed = 00:00:27 . Memory (MB): peak = 634.023 ; gain = 427.328
---------------------------------------------------------------------------------
Finished Parallel Reinference  : Time (s): cpu = 00:00:15 ; elapsed = 00:00:27 . Memory (MB): peak = 634.023 ; gain = 427.328

Report RTL Partitions: 
+-+--------------+------------+----------+
| |RTL Partition |Replication |Instances |
+-+--------------+------------+----------+
+-+--------------+------------+----------+
---------------------------------------------------------------------------------
Start Area Optimization
---------------------------------------------------------------------------------
---------------------------------------------------------------------------------
Finished Area Optimization : Time (s): cpu = 00:00:16 ; elapsed = 00:00:27 . Memory (MB): peak = 634.023 ; gain = 427.328
---------------------------------------------------------------------------------
Finished Parallel Area Optimization  : Time (s): cpu = 00:00:16 ; elapsed = 00:00:27 . Memory (MB): peak = 634.023 ; gain = 427.328

Report RTL Partitions: 
+-+--------------+------------+----------+
| |RTL Partition |Replication |Instances |
+-+--------------+------------+----------+
+-+--------------+------------+----------+
---------------------------------------------------------------------------------
Start Timing Optimization
---------------------------------------------------------------------------------
---------------------------------------------------------------------------------
Start Applying XDC Timing Constraints
---------------------------------------------------------------------------------
---------------------------------------------------------------------------------
Finished Applying XDC Timing Constraints : Time (s): cpu = 00:00:26 ; elapsed = 00:00:38 . Memory (MB): peak = 634.023 ; gain = 427.328
---------------------------------------------------------------------------------
---------------------------------------------------------------------------------
Finished Timing Optimization : Time (s): cpu = 00:00:26 ; elapsed = 00:00:38 . Memory (MB): peak = 634.023 ; gain = 427.328
---------------------------------------------------------------------------------

Report RTL Partitions: 
+-+--------------+------------+----------+
| |RTL Partition |Replication |Instances |
+-+--------------+------------+----------+
+-+--------------+------------+----------+
---------------------------------------------------------------------------------
Start Technology Mapping
---------------------------------------------------------------------------------
---------------------------------------------------------------------------------
Finished Technology Mapping : Time (s): cpu = 00:00:26 ; elapsed = 00:00:38 . Memory (MB): peak = 634.023 ; gain = 427.328
---------------------------------------------------------------------------------
Finished Parallel Technology Mapping Optimization  : Time (s): cpu = 00:00:26 ; elapsed = 00:00:38 . Memory (MB): peak = 634.023 ; gain = 427.328

Report RTL Partitions: 
+-+--------------+------------+----------+
| |RTL Partition |Replication |Instances |
+-+--------------+------------+----------+
+-+--------------+------------+----------+
Finished Parallel Synthesis Optimization  : Time (s): cpu = 00:00:26 ; elapsed = 00:00:38 . Memory (MB): peak = 634.023 ; gain = 427.328
---------------------------------------------------------------------------------
Start IO Insertion
---------------------------------------------------------------------------------
---------------------------------------------------------------------------------
Start Flattening Before IO Insertion
---------------------------------------------------------------------------------
---------------------------------------------------------------------------------
Finished Flattening Before IO Insertion
---------------------------------------------------------------------------------
---------------------------------------------------------------------------------
Start Final Netlist Cleanup
---------------------------------------------------------------------------------
---------------------------------------------------------------------------------
Finished Final Netlist Cleanup
---------------------------------------------------------------------------------
---------------------------------------------------------------------------------
Finished IO Insertion : Time (s): cpu = 00:00:26 ; elapsed = 00:00:39 . Memory (MB): peak = 634.023 ; gain = 427.328
---------------------------------------------------------------------------------

Report Check Netlist: 
+------+------------------+-------+---------+-------+------------------+
|      |Item              |Errors |Warnings |Status |Description       |
+------+------------------+-------+---------+-------+------------------+
|1     |multi_driven_nets |      0|        0|Passed |Multi driven nets |
+------+------------------+-------+---------+-------+------------------+
---------------------------------------------------------------------------------
Start Renaming Generated Instances
---------------------------------------------------------------------------------
---------------------------------------------------------------------------------
Finished Renaming Generated Instances : Time (s): cpu = 00:00:26 ; elapsed = 00:00:39 . Memory (MB): peak = 634.023 ; gain = 427.328
---------------------------------------------------------------------------------

Report RTL Partitions: 
+-+--------------+------------+----------+
| |RTL Partition |Replication |Instances |
+-+--------------+------------+----------+
+-+--------------+------------+----------+
---------------------------------------------------------------------------------
Start Rebuilding User Hierarchy
---------------------------------------------------------------------------------
---------------------------------------------------------------------------------
Finished Rebuilding User Hierarchy : Time (s): cpu = 00:00:26 ; elapsed = 00:00:39 . Memory (MB): peak = 634.023 ; gain = 427.328
---------------------------------------------------------------------------------
---------------------------------------------------------------------------------
Start Renaming Generated Ports
---------------------------------------------------------------------------------
---------------------------------------------------------------------------------
Finished Renaming Generated Ports : Time (s): cpu = 00:00:26 ; elapsed = 00:00:39 . Memory (MB): peak = 634.023 ; gain = 427.328
---------------------------------------------------------------------------------
---------------------------------------------------------------------------------
Start Handling Custom Attributes
---------------------------------------------------------------------------------
---------------------------------------------------------------------------------
Finished Handling Custom Attributes : Time (s): cpu = 00:00:26 ; elapsed = 00:00:39 . Memory (MB): peak = 634.023 ; gain = 427.328
---------------------------------------------------------------------------------
---------------------------------------------------------------------------------
Start Renaming Generated Nets
---------------------------------------------------------------------------------
---------------------------------------------------------------------------------
Finished Renaming Generated Nets : Time (s): cpu = 00:00:26 ; elapsed = 00:00:39 . Memory (MB): peak = 634.023 ; gain = 427.328
---------------------------------------------------------------------------------
---------------------------------------------------------------------------------
Start Writing Synthesis Report
---------------------------------------------------------------------------------

Report BlackBoxes: 
+-+--------------+----------+
| |BlackBox name |Instances |
+-+--------------+----------+
+-+--------------+----------+

Report Cell Usage: 
+------+-----+------+
|      |Cell |Count |
+------+-----+------+
|1     |BUFG |     1|
|2     |LUT1 |     2|
|3     |LUT3 |     1|
|4     |LUT4 |     5|
|5     |LUT5 |     9|
|6     |LUT6 |    18|
|7     |FDCE |    23|
|8     |IBUF |     3|
|9     |OBUF |    10|
+------+-----+------+

Report Instance Areas: 
+------+-----------+----------+------+
|      |Instance   |Module    |Cells |
+------+-----------+----------+------+
|1     |top        |          |    72|
|2     |  kbdriver |kb_driver |    47|
+------+-----------+----------+------+
---------------------------------------------------------------------------------
Finished Writing Synthesis Report : Time (s): cpu = 00:00:26 ; elapsed = 00:00:39 . Memory (MB): peak = 634.023 ; gain = 427.328
---------------------------------------------------------------------------------
Synthesis finished with 0 errors, 0 critical warnings and 0 warnings.
Synthesis Optimization Runtime : Time (s): cpu = 00:00:14 ; elapsed = 00:00:22 . Memory (MB): peak = 634.023 ; gain = 113.766
Synthesis Optimization Complete : Time (s): cpu = 00:00:26 ; elapsed = 00:00:39 . Memory (MB): peak = 634.023 ; gain = 427.328
INFO: [Project 1-571] Translating synthesized netlist
INFO: [Netlist 29-17] Analyzing 3 Unisim elements for replacement
INFO: [Netlist 29-28] Unisim Transformation completed in 0 CPU seconds
INFO: [Project 1-570] Preparing netlist for logic optimization
INFO: [Opt 31-138] Pushed 1 inverter(s) to 12 load pin(s).
INFO: [Project 1-111] Unisim Transformation Summary:
No Unisim elements were transformed.

INFO: [Common 17-83] Releasing license: Synthesis
18 Infos, 0 Warnings, 0 Critical Warnings and 0 Errors encountered.
synth_design completed successfully
synth_design: Time (s): cpu = 00:00:25 ; elapsed = 00:00:31 . Memory (MB): peak = 634.023 ; gain = 409.938
report_utilization: Time (s): cpu = 00:00:00 ; elapsed = 00:00:00.014 . Memory (MB): peak = 634.023 ; gain = 0.000
INFO: [Common 17-206] Exiting Vivado at Wed Jan 05 21:09:01 2022...
