#! /usr/bin/vvp
:ivl_version "10.3 (stable)";
:ivl_delay_selection "TYPICAL";
:vpi_time_precision - 12;
:vpi_module "system";
:vpi_module "vhdl_sys";
:vpi_module "v2005_math";
:vpi_module "va_math";
S_0x558b8b9ea5b0 .scope module, "program_control_1_tb" "program_control_1_tb" 2 2;
 .timescale -12 -12;
v0x558b8ba0dc70_0 .var/i "i", 31 0;
v0x558b8ba0dd50_0 .var "i_CLK", 0 0;
v0x558b8ba0de60_0 .var "i_RST", 0 0;
v0x558b8ba0df30_0 .net "o_CTR", 0 0, v0x558b8ba0db50_0;  1 drivers
S_0x558b8b9ea730 .scope module, "pc1" "program_control_1" 2 12, 3 2 0, S_0x558b8b9ea5b0;
 .timescale 0 0;
    .port_info 0 /INPUT 1 "i_CLK"
    .port_info 1 /INPUT 1 "i_RST"
    .port_info 2 /OUTPUT 1 "o_CTR"
P_0x558b8b9dc320 .param/l "delay_time" 0 3 12, +C4<00000000000000000000000000000011>;
P_0x558b8b9dc360 .param/l "state_change" 0 3 11, C4<10>;
P_0x558b8b9dc3a0 .param/l "state_rst" 0 3 9, C4<00>;
P_0x558b8b9dc3e0 .param/l "state_wait" 0 3 10, C4<01>;
v0x558b8ba0d6c0_0 .net "c_overflow", 0 0, v0x558b8ba0cd20_0;  1 drivers
v0x558b8ba0d760_0 .net "clk_slow", 0 0, v0x558b8ba0d460_0;  1 drivers
v0x558b8ba0d850_0 .var "counter_reset", 0 0;
v0x558b8ba0d920_0 .var "current_state", 1 0;
v0x558b8ba0d9c0_0 .net "i_CLK", 0 0, v0x558b8ba0dd50_0;  1 drivers
v0x558b8ba0dab0_0 .net "i_RST", 0 0, v0x558b8ba0de60_0;  1 drivers
v0x558b8ba0db50_0 .var "o_CTR", 0 0;
E_0x558b8b9eaf60 .event edge, v0x558b8ba0dab0_0, v0x558b8ba0d920_0;
E_0x558b8b9e7cb0/0 .event negedge, v0x558b8ba0cab0_0;
E_0x558b8b9e7cb0/1 .event posedge, v0x558b8ba0dab0_0, v0x558b8ba0cab0_0;
E_0x558b8b9e7cb0 .event/or E_0x558b8b9e7cb0/0, E_0x558b8b9e7cb0/1;
S_0x558b8b9f1680 .scope module, "counter" "counter_overflow" 3 28, 4 2 0, S_0x558b8b9ea730;
 .timescale 0 0;
    .port_info 0 /INPUT 1 "i_CLK"
    .port_info 1 /INPUT 32 "i_LIM"
    .port_info 2 /INPUT 1 "i_RST"
    .port_info 3 /OUTPUT 1 "o_OVERFLOW"
P_0x558b8b9f1850 .param/l "COUNTER_BITS" 0 4 3, +C4<00000000000000000000000000100000>;
v0x558b8b9f4130_0 .var "c", 31 0;
v0x558b8ba0cab0_0 .net "i_CLK", 0 0, v0x558b8ba0d460_0;  alias, 1 drivers
L_0x7f917f205018 .functor BUFT 1, C4<00000000000000000000000000000011>, C4<0>, C4<0>, C4<0>;
v0x558b8ba0cb70_0 .net "i_LIM", 31 0, L_0x7f917f205018;  1 drivers
v0x558b8ba0cc60_0 .net "i_RST", 0 0, v0x558b8ba0d850_0;  1 drivers
v0x558b8ba0cd20_0 .var "o_OVERFLOW", 0 0;
E_0x558b8b9b2770 .event posedge, v0x558b8ba0cc60_0, v0x558b8ba0cab0_0;
S_0x558b8ba0ceb0 .scope module, "inst" "time_divider" 3 29, 5 1 0, S_0x558b8b9ea730;
 .timescale -12 -12;
    .port_info 0 /INPUT 1 "i_CLK"
    .port_info 1 /INPUT 1 "i_RST"
    .port_info 2 /OUTPUT 1 "o_CLK"
P_0x558b8ba0d0a0 .param/l "ratio" 0 5 2, +C4<00000000000000000000000000000010>;
v0x558b8ba0d1d0_0 .var/i "c", 31 0;
v0x558b8ba0d2d0_0 .net "i_CLK", 0 0, v0x558b8ba0dd50_0;  alias, 1 drivers
L_0x7f917f205060 .functor BUFT 1, C4<0>, C4<0>, C4<0>, C4<0>;
v0x558b8ba0d390_0 .net "i_RST", 0 0, L_0x7f917f205060;  1 drivers
v0x558b8ba0d460_0 .var "o_CLK", 0 0;
v0x558b8ba0d530_0 .var/i "target", 31 0;
E_0x558b8b9e74c0 .event posedge, v0x558b8ba0d2d0_0;
    .scope S_0x558b8b9f1680;
T_0 ;
    %pushi/vec4 0, 0, 32;
    %assign/vec4 v0x558b8b9f4130_0, 0;
    %pushi/vec4 0, 0, 1;
    %assign/vec4 v0x558b8ba0cd20_0, 0;
    %end;
    .thread T_0;
    .scope S_0x558b8b9f1680;
T_1 ;
    %wait E_0x558b8b9b2770;
    %load/vec4 v0x558b8ba0cc60_0;
    %pad/u 32;
    %cmpi/e 1, 0, 32;
    %jmp/0xz  T_1.0, 4;
    %pushi/vec4 0, 0, 32;
    %assign/vec4 v0x558b8b9f4130_0, 0;
    %pushi/vec4 0, 0, 1;
    %assign/vec4 v0x558b8ba0cd20_0, 0;
    %jmp T_1.1;
T_1.0 ;
    %load/vec4 v0x558b8ba0cd20_0;
    %pad/u 32;
    %cmpi/e 0, 0, 32;
    %jmp/0xz  T_1.2, 4;
    %load/vec4 v0x558b8b9f4130_0;
    %addi 1, 0, 32;
    %store/vec4 v0x558b8b9f4130_0, 0, 32;
    %load/vec4 v0x558b8ba0cb70_0;
    %load/vec4 v0x558b8b9f4130_0;
    %cmp/u;
    %jmp/0xz  T_1.4, 5;
    %pushi/vec4 1, 0, 1;
    %assign/vec4 v0x558b8ba0cd20_0, 0;
    %jmp T_1.5;
T_1.4 ;
    %pushi/vec4 0, 0, 1;
    %assign/vec4 v0x558b8ba0cd20_0, 0;
T_1.5 ;
T_1.2 ;
T_1.1 ;
    %jmp T_1;
    .thread T_1;
    .scope S_0x558b8ba0ceb0;
T_2 ;
    %pushi/vec4 1, 0, 32;
    %store/vec4 v0x558b8ba0d530_0, 0, 32;
    %end;
    .thread T_2;
    .scope S_0x558b8ba0ceb0;
T_3 ;
    %pushi/vec4 0, 0, 1;
    %store/vec4 v0x558b8ba0d460_0, 0, 1;
    %pushi/vec4 0, 0, 32;
    %store/vec4 v0x558b8ba0d1d0_0, 0, 32;
    %end;
    .thread T_3;
    .scope S_0x558b8ba0ceb0;
T_4 ;
    %wait E_0x558b8b9e74c0;
    %load/vec4 v0x558b8ba0d390_0;
    %pad/u 32;
    %cmpi/e 1, 0, 32;
    %jmp/0xz  T_4.0, 4;
    %pushi/vec4 0, 0, 32;
    %store/vec4 v0x558b8ba0d1d0_0, 0, 32;
    %pushi/vec4 0, 0, 1;
    %store/vec4 v0x558b8ba0d460_0, 0, 1;
    %jmp T_4.1;
T_4.0 ;
    %load/vec4 v0x558b8ba0d1d0_0;
    %addi 1, 0, 32;
    %store/vec4 v0x558b8ba0d1d0_0, 0, 32;
T_4.1 ;
    %load/vec4 v0x558b8ba0d1d0_0;
    %load/vec4 v0x558b8ba0d530_0;
    %cmp/e;
    %jmp/0xz  T_4.2, 4;
    %load/vec4 v0x558b8ba0d460_0;
    %inv;
    %store/vec4 v0x558b8ba0d460_0, 0, 1;
    %pushi/vec4 0, 0, 32;
    %store/vec4 v0x558b8ba0d1d0_0, 0, 32;
T_4.2 ;
    %jmp T_4;
    .thread T_4;
    .scope S_0x558b8b9ea730;
T_5 ;
    %pushi/vec4 0, 0, 1;
    %assign/vec4 v0x558b8ba0db50_0, 0;
    %pushi/vec4 0, 0, 2;
    %assign/vec4 v0x558b8ba0d920_0, 0;
    %pushi/vec4 0, 0, 1;
    %assign/vec4 v0x558b8ba0d850_0, 0;
    %end;
    .thread T_5;
    .scope S_0x558b8b9ea730;
T_6 ;
    %wait E_0x558b8b9e7cb0;
    %load/vec4 v0x558b8ba0dab0_0;
    %pad/u 32;
    %cmpi/e 1, 0, 32;
    %jmp/0xz  T_6.0, 4;
    %pushi/vec4 0, 0, 2;
    %assign/vec4 v0x558b8ba0d920_0, 0;
    %pushi/vec4 0, 0, 1;
    %assign/vec4 v0x558b8ba0d850_0, 0;
    %jmp T_6.1;
T_6.0 ;
    %load/vec4 v0x558b8ba0d760_0;
    %pad/u 32;
    %cmpi/e 1, 0, 32;
    %jmp/0xz  T_6.2, 4;
    %load/vec4 v0x558b8ba0d920_0;
    %dup/vec4;
    %pushi/vec4 0, 0, 2;
    %cmp/u;
    %jmp/1 T_6.4, 6;
    %dup/vec4;
    %pushi/vec4 1, 0, 2;
    %cmp/u;
    %jmp/1 T_6.5, 6;
    %dup/vec4;
    %pushi/vec4 2, 0, 2;
    %cmp/u;
    %jmp/1 T_6.6, 6;
    %pushi/vec4 0, 0, 2;
    %assign/vec4 v0x558b8ba0d920_0, 0;
    %jmp T_6.8;
T_6.4 ;
    %pushi/vec4 1, 0, 1;
    %assign/vec4 v0x558b8ba0d850_0, 0;
    %pushi/vec4 1, 0, 2;
    %assign/vec4 v0x558b8ba0d920_0, 0;
    %jmp T_6.8;
T_6.5 ;
    %load/vec4 v0x558b8ba0d6c0_0;
    %pad/u 32;
    %cmpi/e 1, 0, 32;
    %jmp/0xz  T_6.9, 4;
    %pushi/vec4 2, 0, 2;
    %assign/vec4 v0x558b8ba0d920_0, 0;
T_6.9 ;
    %jmp T_6.8;
T_6.6 ;
    %pushi/vec4 0, 0, 2;
    %assign/vec4 v0x558b8ba0d920_0, 0;
    %jmp T_6.8;
T_6.8 ;
    %pop/vec4 1;
    %jmp T_6.3;
T_6.2 ;
    %load/vec4 v0x558b8ba0d850_0;
    %pad/u 32;
    %cmpi/e 1, 0, 32;
    %jmp/0xz  T_6.11, 4;
    %pushi/vec4 0, 0, 1;
    %assign/vec4 v0x558b8ba0d850_0, 0;
T_6.11 ;
T_6.3 ;
T_6.1 ;
    %jmp T_6;
    .thread T_6;
    .scope S_0x558b8b9ea730;
T_7 ;
    %wait E_0x558b8b9eaf60;
    %load/vec4 v0x558b8ba0dab0_0;
    %pad/u 32;
    %cmpi/e 1, 0, 32;
    %jmp/0xz  T_7.0, 4;
    %pushi/vec4 0, 0, 1;
    %assign/vec4 v0x558b8ba0db50_0, 0;
    %jmp T_7.1;
T_7.0 ;
    %load/vec4 v0x558b8ba0d920_0;
    %dup/vec4;
    %pushi/vec4 2, 0, 2;
    %cmp/u;
    %jmp/1 T_7.2, 6;
    %jmp T_7.3;
T_7.2 ;
    %load/vec4 v0x558b8ba0db50_0;
    %inv;
    %assign/vec4 v0x558b8ba0db50_0, 0;
    %jmp T_7.3;
T_7.3 ;
    %pop/vec4 1;
T_7.1 ;
    %jmp T_7;
    .thread T_7, $push;
    .scope S_0x558b8b9ea5b0;
T_8 ;
    %pushi/vec4 0, 0, 1;
    %store/vec4 v0x558b8ba0dd50_0, 0, 1;
    %pushi/vec4 1, 0, 1;
    %store/vec4 v0x558b8ba0de60_0, 0, 1;
    %pushi/vec4 1, 0, 1;
    %store/vec4 v0x558b8ba0dd50_0, 0, 1;
    %pushi/vec4 0, 0, 1;
    %store/vec4 v0x558b8ba0dd50_0, 0, 1;
    %end;
    .thread T_8;
    .scope S_0x558b8b9ea5b0;
T_9 ;
    %delay 5, 0;
    %pushi/vec4 0, 0, 1;
    %store/vec4 v0x558b8ba0de60_0, 0, 1;
    %pushi/vec4 0, 0, 32;
    %store/vec4 v0x558b8ba0dc70_0, 0, 32;
T_9.0 ;
    %load/vec4 v0x558b8ba0dc70_0;
    %cmpi/s 10000, 0, 32;
    %jmp/0xz T_9.1, 5;
    %delay 5, 0;
    %load/vec4 v0x558b8ba0dd50_0;
    %inv;
    %store/vec4 v0x558b8ba0dd50_0, 0, 1;
    %load/vec4 v0x558b8ba0dc70_0;
    %addi 1, 0, 32;
    %store/vec4 v0x558b8ba0dc70_0, 0, 32;
    %jmp T_9.0;
T_9.1 ;
    %end;
    .thread T_9;
# The file index is used to find the file name in the following table.
:file_names 6;
    "N/A";
    "<interactive>";
    "./src/program_control_1_tb.v";
    "./src/program_control_1.v";
    "./src/counter_overflow.v";
    "./src/time_divider.v";
