Copyright 1986-2016 Xilinx, Inc. All Rights Reserved.
---------------------------------------------------------------------------------------------------
| Tool Version : Vivado v.2016.2 (win64) Build 1577090 Thu Jun  2 16:32:40 MDT 2016
| Date         : Wed Jan 05 21:09:39 2022
| Host         : DESKTOP-JNETMH0 running 64-bit major release  (build 9200)
| Command      : report_control_sets -verbose -file kb_controller_advanced_control_sets_placed.rpt
| Design       : kb_controller_advanced
| Device       : xc7a100t
---------------------------------------------------------------------------------------------------

Control Set Information

Table of Contents
-----------------
1. Summary
2. Flip-Flop Distribution
3. Detailed Control Set Information

1. Summary
----------

+----------------------------------------------------------+-------+
|                          Status                          | Count |
+----------------------------------------------------------+-------+
| Number of unique control sets                            |    10 |
| Unused register locations in slices containing registers |    65 |
+----------------------------------------------------------+-------+


2. Flip-Flop Distribution
-------------------------

+--------------+-----------------------+------------------------+-----------------+--------------+
| Clock Enable | Synchronous Set/Reset | Asynchronous Set/Reset | Total Registers | Total Slices |
+--------------+-----------------------+------------------------+-----------------+--------------+
| No           | No                    | No                     |               0 |            0 |
| No           | No                    | Yes                    |              11 |            4 |
| No           | Yes                   | No                     |               0 |            0 |
| Yes          | No                    | No                     |               0 |            0 |
| Yes          | No                    | Yes                    |              12 |            9 |
| Yes          | Yes                   | No                     |               0 |            0 |
+--------------+-----------------------+------------------------+-----------------+--------------+


3. Detailed Control Set Information
-----------------------------------

+-------------------+----------------------------------+--------------------------------+------------------+----------------+
|    Clock Signal   |           Enable Signal          |        Set/Reset Signal        | Slice Load Count | Bel Load Count |
+-------------------+----------------------------------+--------------------------------+------------------+----------------+
| ~i_sclk_IBUF_BUFG | kbdriver/o_frame_data[0]_i_1_n_0 | kbdriver/o_frame_data_reg[0]_0 |                1 |              1 |
| ~i_sclk_IBUF_BUFG | kbdriver/o_frame_data[1]_i_1_n_0 | kbdriver/o_frame_data_reg[0]_0 |                1 |              1 |
| ~i_sclk_IBUF_BUFG | kbdriver/o_frame_data[2]_i_1_n_0 | kbdriver/o_frame_data_reg[0]_0 |                1 |              1 |
| ~i_sclk_IBUF_BUFG | kbdriver/o_frame_data[3]_i_1_n_0 | kbdriver/o_frame_data_reg[0]_0 |                1 |              1 |
| ~i_sclk_IBUF_BUFG | kbdriver/o_frame_data[4]_i_1_n_0 | kbdriver/o_frame_data_reg[0]_0 |                1 |              1 |
| ~i_sclk_IBUF_BUFG | kbdriver/o_frame_data[5]_i_1_n_0 | kbdriver/o_frame_data_reg[0]_0 |                1 |              1 |
| ~i_sclk_IBUF_BUFG | kbdriver/o_frame_data[6]_i_1_n_0 | kbdriver/o_frame_data_reg[0]_0 |                1 |              1 |
| ~i_sclk_IBUF_BUFG | kbdriver/o_frame_data[7]_i_1_n_0 | kbdriver/o_frame_data_reg[0]_0 |                1 |              1 |
| ~i_sclk_IBUF_BUFG | kbdriver/read_cnt[3]_i_1_n_0     | kbdriver/o_frame_data_reg[0]_0 |                1 |              4 |
|  kbdriver/done    |                                  | kbdriver/o_frame_data_reg[0]_0 |                4 |             11 |
+-------------------+----------------------------------+--------------------------------+------------------+----------------+


