#! /usr/bin/vvp
:ivl_version "10.3 (stable)";
:ivl_delay_selection "TYPICAL";
:vpi_time_precision - 12;
:vpi_module "system";
:vpi_module "vhdl_sys";
:vpi_module "v2005_math";
:vpi_module "va_math";
S_0x5625b9680cd0 .scope module, "div_tb" "div_tb" 2 8;
 .timescale -9 -12;
v0x5625b96936d0_0 .var "clk", 0 0;
v0x5625b9693770_0 .net "clk_out", 0 0, v0x5625b965c2e0_0;  1 drivers
v0x5625b9693840_0 .var/i "i", 31 0;
v0x5625b9693910_0 .var "rst", 0 0;
S_0x5625b9680e50 .scope module, "inst" "div" 2 12, 3 8 0, S_0x5625b9680cd0;
 .timescale -9 -12;
    .port_info 0 /INPUT 1 "clk"
    .port_info 1 /INPUT 1 "rst"
    .port_info 2 /OUTPUT 1 "clk_out"
v0x5625b965c1e0_0 .net "clk", 0 0, v0x5625b96936d0_0;  1 drivers
v0x5625b965c2e0_0 .var "clk_out", 0 0;
v0x5625b96934d0_0 .var "cnt", 31 0;
v0x5625b9693590_0 .net "rst", 0 0, v0x5625b9693910_0;  1 drivers
E_0x5625b9681290 .event posedge, v0x5625b9693590_0, v0x5625b965c1e0_0;
    .scope S_0x5625b9680e50;
T_0 ;
    %wait E_0x5625b9681290;
    %load/vec4 v0x5625b9693590_0;
    %flag_set/vec4 8;
    %jmp/0xz  T_0.0, 8;
    %pushi/vec4 0, 0, 32;
    %assign/vec4 v0x5625b96934d0_0, 0;
    %jmp T_0.1;
T_0.0 ;
    %load/vec4 v0x5625b96934d0_0;
    %addi 2147483648, 0, 32;
    %assign/vec4 v0x5625b96934d0_0, 0;
T_0.1 ;
    %jmp T_0;
    .thread T_0;
    .scope S_0x5625b9680e50;
T_1 ;
    %wait E_0x5625b9681290;
    %load/vec4 v0x5625b9693590_0;
    %flag_set/vec4 8;
    %jmp/0xz  T_1.0, 8;
    %pushi/vec4 0, 0, 1;
    %assign/vec4 v0x5625b965c2e0_0, 0;
    %jmp T_1.1;
T_1.0 ;
    %load/vec4 v0x5625b96934d0_0;
    %cmpi/u 2147483647, 0, 32;
    %jmp/0xz  T_1.2, 5;
    %pushi/vec4 0, 0, 1;
    %assign/vec4 v0x5625b965c2e0_0, 0;
    %jmp T_1.3;
T_1.2 ;
    %pushi/vec4 1, 0, 1;
    %assign/vec4 v0x5625b965c2e0_0, 0;
T_1.3 ;
T_1.1 ;
    %jmp T_1;
    .thread T_1;
    .scope S_0x5625b9680cd0;
T_2 ;
    %pushi/vec4 0, 0, 1;
    %store/vec4 v0x5625b96936d0_0, 0, 1;
    %pushi/vec4 0, 0, 1;
    %store/vec4 v0x5625b9693910_0, 0, 1;
    %delay 5000, 0;
    %pushi/vec4 1, 0, 1;
    %store/vec4 v0x5625b9693910_0, 0, 1;
    %delay 5000, 0;
    %pushi/vec4 0, 0, 1;
    %store/vec4 v0x5625b9693910_0, 0, 1;
    %end;
    .thread T_2;
    .scope S_0x5625b9680cd0;
T_3 ;
    %pushi/vec4 0, 0, 32;
    %store/vec4 v0x5625b9693840_0, 0, 32;
T_3.0 ;
    %load/vec4 v0x5625b9693840_0;
    %cmpi/s 100, 0, 32;
    %jmp/0xz T_3.1, 5;
    %delay 5000, 0;
    %pushi/vec4 1, 0, 1;
    %store/vec4 v0x5625b96936d0_0, 0, 1;
    %delay 5000, 0;
    %pushi/vec4 0, 0, 1;
    %store/vec4 v0x5625b96936d0_0, 0, 1;
    %load/vec4 v0x5625b9693840_0;
    %addi 1, 0, 32;
    %store/vec4 v0x5625b9693840_0, 0, 32;
    %jmp T_3.0;
T_3.1 ;
    %end;
    .thread T_3;
    .scope S_0x5625b9680cd0;
T_4 ;
    %vpi_call 2 31 "$dumpfile", "./build/wave.vcd" {0 0 0};
    %vpi_call 2 32 "$dumpvars", 32'sb00000000000000000000000000000000, S_0x5625b9680cd0 {0 0 0};
    %delay 10000000, 0;
    %vpi_call 2 33 "$finish" {0 0 0};
    %end;
    .thread T_4;
# The file index is used to find the file name in the following table.
:file_names 4;
    "N/A";
    "<interactive>";
    "./src/time_divider_advanced_tb.v";
    "./src/time_divider_advanced.v";
