Vivado Simulator 2016.2
Copyright 1986-1999, 2001-2016 Xilinx, Inc. All Rights Reserved.
Running: F:/vivado/Vivado/2016.2/bin/unwrapped/win64.o/xelab.exe -wto c1ce403156014630bbc868f96409fd62 --debug typical --relax --mt 2 --maxdelay -L xil_defaultlib -L simprims_ver -L secureip --snapshot program_control_1_tb_time_impl -transport_int_delays -pulse_r 0 -pulse_int_r 0 xil_defaultlib.program_control_1_tb xil_defaultlib.glbl -log elaborate.log 
Using 2 slave threads.
Starting static elaboration
Completed static elaboration
Starting simulation data flow analysis
Completed simulation data flow analysis
INFO: [XSIM 43-3451] SDF backannotation process started with SDF file "program_control_1_tb_time_impl.sdf", for root module "program_control_1_tb/pc1".
INFO: [XSIM 43-3452] SDF backannotation was successful for SDF file "program_control_1_tb_time_impl.sdf", for root module "program_control_1_tb/pc1".
Time Resolution for simulation is 1ps
Compiling module simprims_ver.x_lut3_mux4
Compiling module simprims_ver.x_lut3_mux4_reduced_0
Compiling module simprims_ver.LUT3
Compiling module simprims_ver.ffsrce_fdce
Compiling module simprims_ver.FDCE(IS_C_INVERTED=1'b1)
Compiling module simprims_ver.latchsre_ldce
Compiling module simprims_ver.LDCE
Compiling module simprims_ver.ffsrce_fdpe
Compiling module simprims_ver.FDPE(IS_C_INVERTED=1'b1)
Compiling module simprims_ver.BUFG
Compiling module simprims_ver.IBUF
Compiling module simprims_ver.CARRY4
Compiling module simprims_ver.x_lut1_mux2
Compiling module simprims_ver.LUT1
Compiling module simprims_ver.LUT4
Compiling module simprims_ver.sffsrce_fdre
Compiling module simprims_ver.FDRE
Compiling module simprims_ver.LUT6
Compiling module simprims_ver.LUT5
Compiling module xil_defaultlib.time_divider
Compiling module simprims_ver.OBUF
Compiling module xil_defaultlib.program_control_1
Compiling module xil_defaultlib.program_control_1_tb
Compiling module xil_defaultlib.glbl
Built simulation snapshot program_control_1_tb_time_impl
