Unable to capture context for thread 20300 in process 2664, can not generate back trace
Unable to capture context for thread 19788 in process 2664, can not generate back trace
Unable to capture context for thread 7760 in process 2664, can not generate back trace
Exception at PC 0x00007FFED67BBB93
Printing stacktrace...

Exception at PC 0x00007FFF19CA4F69
Exception at PC 0x00007FFF19CA4F69
Exception at PC 0x00007FFF19CA4F69
Exception at PC 0x00007FFF19CA4F69
[0]  [0x00007FFED67BBB93]
[1]  [0x00007FFED67BBB93]
[2]  [0x00007FFED67BB4A1]
[3]  [0x00007FFED67BB459]
[4]  [0x00007FFED67A19FE]
[5]  [0x00007FFED67A0ED1]
[6]  [0x00007FFED67A0D76]
[7]  [0x00007FFED67479F6]
[8]  [0x00007FFED6737AFB]
[9]  [0x00007FFED685E90A]
[10]  [0x00007FFED6879F87]
[11]  [0x00007FFED687A05F]
[12] (BaseThreadInitThunk+0x14) [0x00007FFF1AF87034]
[13] (RtlUserThreadStart+0x21) [0x00007FFF1C302651]
Done
Exception at PC 0x00007FFF19CA4F69
Exception at PC 0x00007FFF19CA4F69
Exception at PC 0x00007FFF19CA4F69
Exception at PC 0x00007FFF19CA4F69
Exception at PC 0x00007FFF19CA4F69
Exception at PC 0x00007FFF19CA4F69
Exception at PC 0x00007FFF19CA4F69
Exception at PC 0x00007FFF19CA4F69
Exception at PC 0x00007FFF19CA4F69
Exception at PC 0x00007FFF19CA4F69
Exception at PC 0x00007FFF19CA4F69
Exception at PC 0x00007FFF19CA4F69
Exception at PC 0x00007FFF19CA4F69
Exception at PC 0x00007FFF19CA4F69
