#! /usr/bin/vvp
:ivl_version "10.3 (stable)";
:ivl_delay_selection "TYPICAL";
:vpi_time_precision + 0;
:vpi_module "system";
:vpi_module "vhdl_sys";
:vpi_module "v2005_math";
:vpi_module "va_math";
S_0x55922a22efe0 .scope module, "servo_driver_tb" "servo_driver_tb" 2 1;
 .timescale 0 0;
v0x55922a266cf0_0 .var/i "i", 31 0;
v0x55922a266df0_0 .var "i_clk", 0 0;
v0x55922a266eb0_0 .var "i_rst_n", 0 0;
v0x55922a267010_0 .net "io_SDA", 0 0, v0x55922a265690_0;  1 drivers
v0x55922a2670b0_0 .net "o_SCL", 0 0, v0x55922a265750_0;  1 drivers
S_0x55922a23adf0 .scope module, "servo_inst" "servo_driver" 2 8, 3 2 0, S_0x55922a22efe0;
 .timescale 0 0;
    .port_info 0 /INPUT 1 "i_clk"
    .port_info 1 /INPUT 1 "i_rst_n"
    .port_info 2 /OUTPUT 1 "io_SDA"
    .port_info 3 /OUTPUT 1 "o_SCL"
P_0x55922a244b70 .param/l "frequency_data" 1 3 28, C4<01111001>;
P_0x55922a244bb0 .param/l "frequency_reg_addr" 1 3 27, C4<11111110>;
P_0x55922a244bf0 .param/l "mode_reg_addr" 1 3 23, C4<00000000>;
P_0x55922a244c30 .param/l "mode_run_data" 1 3 25, C4<00000000>;
P_0x55922a244c70 .param/l "mode_sleep_data" 1 3 24, C4<00010000>;
P_0x55922a244cb0 .param/l "pwm0_off_h_addr" 1 3 38, C4<00001001>;
P_0x55922a244cf0 .param/l "pwm0_off_h_data" 1 3 32, C4<00000000>;
P_0x55922a244d30 .param/l "pwm0_off_l_addr" 1 3 37, C4<00001000>;
P_0x55922a244d70 .param/l "pwm0_off_l_data" 1 3 33, C4<11011000>;
P_0x55922a244db0 .param/l "pwm0_on_h_addr" 1 3 36, C4<00000111>;
P_0x55922a244df0 .param/l "pwm0_on_h_data" 1 3 30, C4<00000000>;
P_0x55922a244e30 .param/l "pwm0_on_l_addr" 1 3 35, C4<00000110>;
P_0x55922a244e70 .param/l "pwm0_on_l_data" 1 3 31, C4<00000000>;
P_0x55922a244eb0 .param/l "state_send_off_h" 1 3 18, +C4<00000000000000000000000000000110>;
P_0x55922a244ef0 .param/l "state_send_off_l" 1 3 19, +C4<00000000000000000000000000000111>;
P_0x55922a244f30 .param/l "state_send_on_h" 1 3 16, +C4<00000000000000000000000000000100>;
P_0x55922a244f70 .param/l "state_send_on_l" 1 3 17, +C4<00000000000000000000000000000101>;
P_0x55922a244fb0 .param/l "state_set_mode_run" 1 3 14, +C4<00000000000000000000000000000010>;
P_0x55922a244ff0 .param/l "state_set_mode_sleep" 1 3 12, +C4<00000000000000000000000000000000>;
P_0x55922a245030 .param/l "state_setf" 1 3 13, +C4<00000000000000000000000000000001>;
P_0x55922a245070 .param/l "state_update" 1 3 15, +C4<00000000000000000000000000000011>;
P_0x55922a2450b0 .param/l "state_wait" 1 3 20, +C4<00000000000000000000000000001000>;
v0x55922a266450_0 .net "complete", 0 0, L_0x55922a2257c0;  1 drivers
v0x55922a2664f0_0 .net "controller_clk", 0 0, v0x55922a266000_0;  1 drivers
v0x55922a2665c0_0 .var "current_state", 3 0;
v0x55922a266690_0 .var "gen_data", 7 0;
v0x55922a266760_0 .var "gen_register_addr", 7 0;
v0x55922a266850_0 .net "i_clk", 0 0, v0x55922a266df0_0;  1 drivers
v0x55922a2668f0_0 .net "i_rst_n", 0 0, v0x55922a266eb0_0;  1 drivers
v0x55922a266990_0 .net "io_SDA", 0 0, v0x55922a265690_0;  alias, 1 drivers
v0x55922a266a60_0 .var "next_state", 3 0;
v0x55922a266b00_0 .net "o_SCL", 0 0, v0x55922a265750_0;  alias, 1 drivers
v0x55922a266bd0_0 .var "start_flag", 0 0;
E_0x55922a225080/0 .event negedge, v0x55922a264c30_0;
E_0x55922a225080/1 .event posedge, v0x55922a265810_0, v0x55922a2199b0_0;
E_0x55922a225080 .event/or E_0x55922a225080/0, E_0x55922a225080/1;
S_0x55922a23af70 .scope module, "I2C_driver" "I2C_frame_output" 3 60, 4 3 0, S_0x55922a23adf0;
 .timescale 0 0;
    .port_info 0 /INPUT 1 "i_clk"
    .port_info 1 /INPUT 1 "i_rst_n"
    .port_info 2 /INPUT 8 "i_register_addr"
    .port_info 3 /INPUT 8 "i_data"
    .port_info 4 /INPUT 1 "i_start"
    .port_info 5 /OUTPUT 1 "o_complete"
    .port_info 6 /OUTPUT 1 "io_SDA"
    .port_info 7 /OUTPUT 1 "o_SCL"
P_0x55922a23e140 .param/l "slave_addr" 0 4 5, C4<0000000001000000>;
P_0x55922a23e180 .param/l "state_ack" 1 4 31, +C4<00000000000000000000000000000010>;
P_0x55922a23e1c0 .param/l "state_ack1" 1 4 25, +C4<00000000000000000000000000010100>;
P_0x55922a23e200 .param/l "state_ack2" 1 4 28, +C4<00000000000000000000000000001011>;
P_0x55922a23e240 .param/l "state_data_h" 1 4 29, +C4<00000000000000000000000000001010>;
P_0x55922a23e280 .param/l "state_data_l" 1 4 30, +C4<00000000000000000000000000000011>;
P_0x55922a23e2c0 .param/l "state_idle" 1 4 20, +C4<00000000000000000000000000011110>;
P_0x55922a23e300 .param/l "state_reg_adr_h" 1 4 26, +C4<00000000000000000000000000010011>;
P_0x55922a23e340 .param/l "state_reg_adr_l" 1 4 27, +C4<00000000000000000000000000001100>;
P_0x55922a23e380 .param/l "state_rw1" 1 4 24, +C4<00000000000000000000000000010101>;
P_0x55922a23e3c0 .param/l "state_slave_h" 1 4 22, +C4<00000000000000000000000000011100>;
P_0x55922a23e400 .param/l "state_slave_l" 1 4 23, +C4<00000000000000000000000000010110>;
P_0x55922a23e440 .param/l "state_start" 1 4 21, +C4<00000000000000000000000000011101>;
P_0x55922a23e480 .param/l "state_stop" 1 4 32, +C4<00000000000000000000000000000001>;
P_0x55922a23e4c0 .param/l "state_waitforstart" 1 4 33, +C4<00000000000000000000000000000000>;
L_0x55922a2257c0 .functor AND 1, L_0x55922a277280, v0x55922a2658d0_0, C4<1>, C4<1>;
v0x55922a264dc0_0 .net *"_s0", 31 0, L_0x55922a267150;  1 drivers
L_0x7eff033b8018 .functor BUFT 1, C4<00000000000000000000000000>, C4<0>, C4<0>, C4<0>;
v0x55922a264ea0_0 .net *"_s3", 25 0, L_0x7eff033b8018;  1 drivers
L_0x7eff033b8060 .functor BUFT 1, C4<00000000000000000000000000000001>, C4<0>, C4<0>, C4<0>;
v0x55922a264f80_0 .net/2u *"_s4", 31 0, L_0x7eff033b8060;  1 drivers
v0x55922a265040_0 .net *"_s6", 0 0, L_0x55922a277280;  1 drivers
v0x55922a265100_0 .net "controller_clk", 0 0, v0x55922a264b70_0;  1 drivers
v0x55922a2651f0_0 .var "current_state", 5 0;
v0x55922a2652b0_0 .net "i_clk", 0 0, v0x55922a266df0_0;  alias, 1 drivers
v0x55922a265380_0 .net "i_data", 7 0, v0x55922a266690_0;  1 drivers
v0x55922a265440_0 .net "i_register_addr", 7 0, v0x55922a266760_0;  1 drivers
v0x55922a265520_0 .net "i_rst_n", 0 0, v0x55922a266eb0_0;  alias, 1 drivers
v0x55922a2655f0_0 .net "i_start", 0 0, v0x55922a266bd0_0;  1 drivers
v0x55922a265690_0 .var "io_SDA", 0 0;
v0x55922a265750_0 .var "o_SCL", 0 0;
v0x55922a265810_0 .net "o_complete", 0 0, L_0x55922a2257c0;  alias, 1 drivers
v0x55922a2658d0_0 .var "rst_complete", 0 0;
E_0x55922a2252e0/0 .event negedge, v0x55922a264c30_0, v0x55922a264b70_0;
E_0x55922a2252e0/1 .event posedge, v0x55922a264b70_0;
E_0x55922a2252e0 .event/or E_0x55922a2252e0/0, E_0x55922a2252e0/1;
E_0x55922a224e20/0 .event negedge, v0x55922a2655f0_0, v0x55922a264c30_0;
E_0x55922a224e20/1 .event posedge, v0x55922a264b70_0;
E_0x55922a224e20 .event/or E_0x55922a224e20/0, E_0x55922a224e20/1;
L_0x55922a267150 .concat [ 6 26 0 0], v0x55922a2651f0_0, L_0x7eff033b8018;
L_0x55922a277280 .cmp/eq 32, L_0x55922a267150, L_0x7eff033b8060;
S_0x55922a1ef130 .scope module, "clk_generator" "time_divider" 4 50, 5 1 0, S_0x55922a23af70;
 .timescale 0 0;
    .port_info 0 /INPUT 1 "i_clk"
    .port_info 1 /INPUT 1 "rst_n"
    .port_info 2 /OUTPUT 1 "o_clk"
P_0x55922a1ef300 .param/l "ratio" 0 5 3, +C4<00000000000000011000011010100000>;
v0x55922a2198b0_0 .var "count", 31 0;
v0x55922a2199b0_0 .net "i_clk", 0 0, v0x55922a266df0_0;  alias, 1 drivers
v0x55922a264a80_0 .var/i "lim", 31 0;
v0x55922a264b70_0 .var "o_clk", 0 0;
v0x55922a264c30_0 .net "rst_n", 0 0, v0x55922a266eb0_0;  alias, 1 drivers
E_0x55922a226380/0 .event negedge, v0x55922a264c30_0;
E_0x55922a226380/1 .event posedge, v0x55922a2199b0_0;
E_0x55922a226380 .event/or E_0x55922a226380/0, E_0x55922a226380/1;
S_0x55922a265a90 .scope module, "controller_clk_generator" "time_divider" 3 53, 5 1 0, S_0x55922a23adf0;
 .timescale 0 0;
    .port_info 0 /INPUT 1 "i_clk"
    .port_info 1 /INPUT 1 "rst_n"
    .port_info 2 /OUTPUT 1 "o_clk"
P_0x55922a265c30 .param/l "ratio" 0 5 3, +C4<00000000000011110100001001000000>;
v0x55922a265d50_0 .var "count", 31 0;
v0x55922a265e50_0 .net "i_clk", 0 0, v0x55922a266df0_0;  alias, 1 drivers
v0x55922a265f60_0 .var/i "lim", 31 0;
v0x55922a266000_0 .var "o_clk", 0 0;
v0x55922a2660c0_0 .net "rst_n", 0 0, v0x55922a266eb0_0;  alias, 1 drivers
S_0x55922a266280 .scope task, "send_byte" "send_byte" 3 143, 3 143 0, S_0x55922a23adf0;
 .timescale 0 0;
TD_servo_driver_tb.servo_inst.send_byte ;
    %pushi/vec4 1, 0, 1;
    %store/vec4 v0x55922a266bd0_0, 0, 1;
    %pushi/vec4 8, 0, 4;
    %store/vec4 v0x55922a2665c0_0, 0, 4;
    %end;
    .scope S_0x55922a265a90;
T_1 ;
    %pushi/vec4 0, 0, 1;
    %store/vec4 v0x55922a266000_0, 0, 1;
    %pushi/vec4 500000, 0, 32;
    %store/vec4 v0x55922a265f60_0, 0, 32;
    %end;
    .thread T_1;
    .scope S_0x55922a265a90;
T_2 ;
    %wait E_0x55922a226380;
    %load/vec4 v0x55922a2660c0_0;
    %nor/r;
    %flag_set/vec4 8;
    %jmp/0xz  T_2.0, 8;
    %pushi/vec4 0, 0, 32;
    %assign/vec4 v0x55922a265d50_0, 0;
    %jmp T_2.1;
T_2.0 ;
    %load/vec4 v0x55922a265d50_0;
    %load/vec4 v0x55922a265f60_0;
    %cmp/u;
    %jmp/0xz  T_2.2, 5;
    %load/vec4 v0x55922a265d50_0;
    %addi 1, 0, 32;
    %assign/vec4 v0x55922a265d50_0, 0;
    %jmp T_2.3;
T_2.2 ;
    %pushi/vec4 0, 0, 32;
    %assign/vec4 v0x55922a265d50_0, 0;
    %load/vec4 v0x55922a266000_0;
    %inv;
    %assign/vec4 v0x55922a266000_0, 0;
T_2.3 ;
T_2.1 ;
    %jmp T_2;
    .thread T_2;
    .scope S_0x55922a1ef130;
T_3 ;
    %pushi/vec4 0, 0, 1;
    %store/vec4 v0x55922a264b70_0, 0, 1;
    %pushi/vec4 50000, 0, 32;
    %store/vec4 v0x55922a264a80_0, 0, 32;
    %end;
    .thread T_3;
    .scope S_0x55922a1ef130;
T_4 ;
    %wait E_0x55922a226380;
    %load/vec4 v0x55922a264c30_0;
    %nor/r;
    %flag_set/vec4 8;
    %jmp/0xz  T_4.0, 8;
    %pushi/vec4 0, 0, 32;
    %assign/vec4 v0x55922a2198b0_0, 0;
    %jmp T_4.1;
T_4.0 ;
    %load/vec4 v0x55922a2198b0_0;
    %load/vec4 v0x55922a264a80_0;
    %cmp/u;
    %jmp/0xz  T_4.2, 5;
    %load/vec4 v0x55922a2198b0_0;
    %addi 1, 0, 32;
    %assign/vec4 v0x55922a2198b0_0, 0;
    %jmp T_4.3;
T_4.2 ;
    %pushi/vec4 0, 0, 32;
    %assign/vec4 v0x55922a2198b0_0, 0;
    %load/vec4 v0x55922a264b70_0;
    %inv;
    %assign/vec4 v0x55922a264b70_0, 0;
T_4.3 ;
T_4.1 ;
    %jmp T_4;
    .thread T_4;
    .scope S_0x55922a23af70;
T_5 ;
    %wait E_0x55922a224e20;
    %load/vec4 v0x55922a265520_0;
    %nor/r;
    %flag_set/vec4 8;
    %jmp/0xz  T_5.0, 8;
    %pushi/vec4 0, 0, 6;
    %assign/vec4 v0x55922a2651f0_0, 0;
    %jmp T_5.1;
T_5.0 ;
    %load/vec4 v0x55922a2651f0_0;
    %pad/u 32;
    %cmpi/e 1, 0, 32;
    %jmp/0xz  T_5.2, 4;
    %load/vec4 v0x55922a2655f0_0;
    %nor/r;
    %flag_set/vec4 8;
    %jmp/0xz  T_5.4, 8;
    %pushi/vec4 0, 0, 6;
    %store/vec4 v0x55922a2651f0_0, 0, 6;
T_5.4 ;
    %jmp T_5.3;
T_5.2 ;
    %load/vec4 v0x55922a2651f0_0;
    %pad/u 32;
    %cmpi/e 0, 0, 32;
    %jmp/0xz  T_5.6, 4;
    %load/vec4 v0x55922a2655f0_0;
    %flag_set/vec4 8;
    %jmp/0xz  T_5.8, 8;
    %pushi/vec4 29, 0, 6;
    %store/vec4 v0x55922a2651f0_0, 0, 6;
T_5.8 ;
    %jmp T_5.7;
T_5.6 ;
    %load/vec4 v0x55922a2651f0_0;
    %subi 1, 0, 6;
    %store/vec4 v0x55922a2651f0_0, 0, 6;
T_5.7 ;
T_5.3 ;
T_5.1 ;
    %jmp T_5;
    .thread T_5;
    .scope S_0x55922a23af70;
T_6 ;
    %wait E_0x55922a2252e0;
    %load/vec4 v0x55922a265520_0;
    %nor/r;
    %flag_set/vec4 8;
    %jmp/0xz  T_6.0, 8;
    %pushi/vec4 1, 0, 1;
    %assign/vec4 v0x55922a265690_0, 0;
    %pushi/vec4 1, 0, 1;
    %assign/vec4 v0x55922a265750_0, 0;
    %jmp T_6.1;
T_6.0 ;
    %load/vec4 v0x55922a265100_0;
    %flag_set/vec4 8;
    %jmp/0xz  T_6.2, 8;
    %load/vec4 v0x55922a2651f0_0;
    %pad/u 32;
    %cmpi/e 29, 0, 32;
    %jmp/0xz  T_6.4, 4;
    %pushi/vec4 0, 0, 1;
    %assign/vec4 v0x55922a265690_0, 0;
    %pushi/vec4 0, 0, 1;
    %assign/vec4 v0x55922a2658d0_0, 0;
    %jmp T_6.5;
T_6.4 ;
    %pushi/vec4 28, 0, 32;
    %load/vec4 v0x55922a2651f0_0;
    %pad/u 32;
    %cmp/u;
    %flag_get/vec4 4;
    %flag_get/vec4 5;
    %or;
    %load/vec4 v0x55922a2651f0_0;
    %pad/u 32;
    %cmpi/u 22, 0, 32;
    %flag_get/vec4 4;
    %flag_get/vec4 5;
    %or;
    %and;
    %flag_set/vec4 8;
    %jmp/0xz  T_6.6, 8;
    %load/vec4 v0x55922a265690_0;
    %pushi/vec4 64, 0, 16;
    %load/vec4 v0x55922a2651f0_0;
    %pad/u 32;
    %subi 22, 0, 32;
    %part/u 1;
    %cmp/u;
    %flag_get/vec4 4;
    %flag_get/vec4 5;
    %or;
    %assign/vec4 v0x55922a265690_0, 0;
    %jmp T_6.7;
T_6.6 ;
    %load/vec4 v0x55922a2651f0_0;
    %pad/u 32;
    %cmpi/e 20, 0, 32;
    %flag_mov 8, 4;
    %load/vec4 v0x55922a2651f0_0;
    %pad/u 32;
    %cmpi/e 11, 0, 32;
    %flag_or 4, 8;
    %jmp/0xz  T_6.8, 4;
    %pushi/vec4 0, 1, 1;
    %assign/vec4 v0x55922a265690_0, 0;
    %jmp T_6.9;
T_6.8 ;
    %load/vec4 v0x55922a2651f0_0;
    %pad/u 32;
    %cmpi/e 21, 0, 32;
    %jmp/0xz  T_6.10, 4;
    %pushi/vec4 0, 0, 1;
    %assign/vec4 v0x55922a265690_0, 0;
    %jmp T_6.11;
T_6.10 ;
    %load/vec4 v0x55922a2651f0_0;
    %pad/u 32;
    %cmpi/u 19, 0, 32;
    %flag_get/vec4 4;
    %flag_get/vec4 5;
    %or;
    %pushi/vec4 12, 0, 32;
    %load/vec4 v0x55922a2651f0_0;
    %pad/u 32;
    %cmp/u;
    %flag_get/vec4 4;
    %flag_get/vec4 5;
    %or;
    %and;
    %flag_set/vec4 8;
    %jmp/0xz  T_6.12, 8;
    %load/vec4 v0x55922a265440_0;
    %load/vec4 v0x55922a2651f0_0;
    %pad/u 32;
    %subi 12, 0, 32;
    %part/u 1;
    %assign/vec4 v0x55922a265690_0, 0;
    %jmp T_6.13;
T_6.12 ;
    %load/vec4 v0x55922a2651f0_0;
    %pad/u 32;
    %cmpi/u 10, 0, 32;
    %flag_get/vec4 4;
    %flag_get/vec4 5;
    %or;
    %pushi/vec4 3, 0, 32;
    %load/vec4 v0x55922a2651f0_0;
    %pad/u 32;
    %cmp/u;
    %flag_get/vec4 4;
    %flag_get/vec4 5;
    %or;
    %and;
    %flag_set/vec4 8;
    %jmp/0xz  T_6.14, 8;
    %load/vec4 v0x55922a265380_0;
    %load/vec4 v0x55922a2651f0_0;
    %pad/u 32;
    %subi 3, 0, 32;
    %part/u 1;
    %assign/vec4 v0x55922a265690_0, 0;
    %jmp T_6.15;
T_6.14 ;
    %load/vec4 v0x55922a2651f0_0;
    %pad/u 32;
    %cmpi/e 1, 0, 32;
    %flag_mov 8, 4;
    %load/vec4 v0x55922a2651f0_0;
    %pad/u 32;
    %cmpi/e 30, 0, 32;
    %flag_or 4, 8;
    %jmp/0xz  T_6.16, 4;
    %pushi/vec4 1, 0, 1;
    %assign/vec4 v0x55922a265690_0, 0;
    %pushi/vec4 1, 0, 1;
    %assign/vec4 v0x55922a2658d0_0, 0;
T_6.16 ;
T_6.15 ;
T_6.13 ;
T_6.11 ;
T_6.9 ;
T_6.7 ;
T_6.5 ;
    %pushi/vec4 0, 0, 1;
    %store/vec4 v0x55922a265750_0, 0, 1;
    %jmp T_6.3;
T_6.2 ;
    %pushi/vec4 1, 0, 1;
    %store/vec4 v0x55922a265750_0, 0, 1;
T_6.3 ;
T_6.1 ;
    %jmp T_6;
    .thread T_6;
    .scope S_0x55922a23adf0;
T_7 ;
    %wait E_0x55922a225080;
    %load/vec4 v0x55922a2668f0_0;
    %nor/r;
    %flag_set/vec4 8;
    %jmp/0xz  T_7.0, 8;
    %pushi/vec4 0, 0, 4;
    %store/vec4 v0x55922a2665c0_0, 0, 4;
    %pushi/vec4 0, 0, 1;
    %store/vec4 v0x55922a266bd0_0, 0, 1;
    %jmp T_7.1;
T_7.0 ;
    %load/vec4 v0x55922a2665c0_0;
    %dup/vec4;
    %pushi/vec4 0, 0, 4;
    %cmp/u;
    %jmp/1 T_7.2, 6;
    %dup/vec4;
    %pushi/vec4 1, 0, 4;
    %cmp/u;
    %jmp/1 T_7.3, 6;
    %dup/vec4;
    %pushi/vec4 2, 0, 4;
    %cmp/u;
    %jmp/1 T_7.4, 6;
    %dup/vec4;
    %pushi/vec4 3, 0, 4;
    %cmp/u;
    %jmp/1 T_7.5, 6;
    %dup/vec4;
    %pushi/vec4 4, 0, 4;
    %cmp/u;
    %jmp/1 T_7.6, 6;
    %dup/vec4;
    %pushi/vec4 5, 0, 4;
    %cmp/u;
    %jmp/1 T_7.7, 6;
    %dup/vec4;
    %pushi/vec4 6, 0, 4;
    %cmp/u;
    %jmp/1 T_7.8, 6;
    %dup/vec4;
    %pushi/vec4 7, 0, 4;
    %cmp/u;
    %jmp/1 T_7.9, 6;
    %dup/vec4;
    %pushi/vec4 8, 0, 4;
    %cmp/u;
    %jmp/1 T_7.10, 6;
    %jmp T_7.12;
T_7.2 ;
    %pushi/vec4 16, 0, 8;
    %store/vec4 v0x55922a266690_0, 0, 8;
    %pushi/vec4 0, 0, 8;
    %store/vec4 v0x55922a266760_0, 0, 8;
    %vpi_call 3 83 "$display", "gen_data:%h gen_register:%h", v0x55922a266690_0, v0x55922a266760_0 {0 0 0};
    %pushi/vec4 1, 0, 4;
    %store/vec4 v0x55922a266a60_0, 0, 4;
    %fork TD_servo_driver_tb.servo_inst.send_byte, S_0x55922a266280;
    %join;
    %jmp T_7.12;
T_7.3 ;
    %pushi/vec4 121, 0, 8;
    %store/vec4 v0x55922a266690_0, 0, 8;
    %pushi/vec4 254, 0, 8;
    %store/vec4 v0x55922a266760_0, 0, 8;
    %vpi_call 3 90 "$display", "gen_data:%h gen_register:%h", v0x55922a266690_0, v0x55922a266760_0 {0 0 0};
    %pushi/vec4 2, 0, 4;
    %store/vec4 v0x55922a266a60_0, 0, 4;
    %fork TD_servo_driver_tb.servo_inst.send_byte, S_0x55922a266280;
    %join;
    %jmp T_7.12;
T_7.4 ;
    %pushi/vec4 0, 0, 8;
    %store/vec4 v0x55922a266690_0, 0, 8;
    %pushi/vec4 0, 0, 8;
    %store/vec4 v0x55922a266760_0, 0, 8;
    %vpi_call 3 97 "$display", "gen_data:%h gen_register:%h", v0x55922a266690_0, v0x55922a266760_0 {0 0 0};
    %pushi/vec4 3, 0, 4;
    %store/vec4 v0x55922a266a60_0, 0, 4;
    %fork TD_servo_driver_tb.servo_inst.send_byte, S_0x55922a266280;
    %join;
    %jmp T_7.12;
T_7.5 ;
    %pushi/vec4 4, 0, 4;
    %store/vec4 v0x55922a2665c0_0, 0, 4;
    %jmp T_7.12;
T_7.6 ;
    %pushi/vec4 0, 0, 8;
    %store/vec4 v0x55922a266690_0, 0, 8;
    %pushi/vec4 7, 0, 8;
    %store/vec4 v0x55922a266760_0, 0, 8;
    %vpi_call 3 107 "$display", "gen_data:%h gen_register:%h", v0x55922a266690_0, v0x55922a266760_0 {0 0 0};
    %pushi/vec4 5, 0, 4;
    %store/vec4 v0x55922a266a60_0, 0, 4;
    %fork TD_servo_driver_tb.servo_inst.send_byte, S_0x55922a266280;
    %join;
    %jmp T_7.12;
T_7.7 ;
    %pushi/vec4 0, 0, 8;
    %store/vec4 v0x55922a266690_0, 0, 8;
    %pushi/vec4 6, 0, 8;
    %store/vec4 v0x55922a266760_0, 0, 8;
    %vpi_call 3 114 "$display", "gen_data:%h gen_register:%h", v0x55922a266690_0, v0x55922a266760_0 {0 0 0};
    %pushi/vec4 6, 0, 4;
    %store/vec4 v0x55922a266a60_0, 0, 4;
    %fork TD_servo_driver_tb.servo_inst.send_byte, S_0x55922a266280;
    %join;
    %jmp T_7.12;
T_7.8 ;
    %pushi/vec4 0, 0, 8;
    %store/vec4 v0x55922a266690_0, 0, 8;
    %pushi/vec4 9, 0, 8;
    %store/vec4 v0x55922a266760_0, 0, 8;
    %vpi_call 3 121 "$display", "gen_data:%h gen_register:%h", v0x55922a266690_0, v0x55922a266760_0 {0 0 0};
    %pushi/vec4 7, 0, 4;
    %store/vec4 v0x55922a266a60_0, 0, 4;
    %fork TD_servo_driver_tb.servo_inst.send_byte, S_0x55922a266280;
    %join;
    %jmp T_7.12;
T_7.9 ;
    %pushi/vec4 216, 0, 8;
    %store/vec4 v0x55922a266690_0, 0, 8;
    %pushi/vec4 8, 0, 8;
    %store/vec4 v0x55922a266760_0, 0, 8;
    %vpi_call 3 128 "$display", "gen_data:%h gen_register:%h", v0x55922a266690_0, v0x55922a266760_0 {0 0 0};
    %pushi/vec4 3, 0, 4;
    %store/vec4 v0x55922a266a60_0, 0, 4;
    %fork TD_servo_driver_tb.servo_inst.send_byte, S_0x55922a266280;
    %join;
    %jmp T_7.12;
T_7.10 ;
    %load/vec4 v0x55922a266450_0;
    %flag_set/vec4 8;
    %jmp/0xz  T_7.13, 8;
    %pushi/vec4 0, 0, 1;
    %store/vec4 v0x55922a266bd0_0, 0, 1;
    %load/vec4 v0x55922a266a60_0;
    %store/vec4 v0x55922a2665c0_0, 0, 4;
T_7.13 ;
    %jmp T_7.12;
T_7.12 ;
    %pop/vec4 1;
T_7.1 ;
    %jmp T_7;
    .thread T_7;
    .scope S_0x55922a22efe0;
T_8 ;
    %pushi/vec4 1, 0, 1;
    %store/vec4 v0x55922a266eb0_0, 0, 1;
    %pushi/vec4 0, 0, 1;
    %store/vec4 v0x55922a266df0_0, 0, 1;
    %delay 5, 0;
    %pushi/vec4 0, 0, 1;
    %store/vec4 v0x55922a266eb0_0, 0, 1;
    %delay 5, 0;
    %pushi/vec4 1, 0, 1;
    %store/vec4 v0x55922a266eb0_0, 0, 1;
    %pushi/vec4 0, 0, 32;
    %store/vec4 v0x55922a266cf0_0, 0, 32;
T_8.0 ;
    %load/vec4 v0x55922a266cf0_0;
    %cmpi/s 20000, 0, 32;
    %jmp/0xz T_8.1, 5;
    %delay 5, 0;
    %pushi/vec4 0, 0, 1;
    %store/vec4 v0x55922a266df0_0, 0, 1;
    %delay 5, 0;
    %pushi/vec4 1, 0, 1;
    %store/vec4 v0x55922a266df0_0, 0, 1;
    %load/vec4 v0x55922a266cf0_0;
    %addi 1, 0, 32;
    %store/vec4 v0x55922a266cf0_0, 0, 32;
    %jmp T_8.0;
T_8.1 ;
    %end;
    .thread T_8;
    .scope S_0x55922a22efe0;
T_9 ;
    %vpi_call 2 31 "$dumpfile", "./build/wave.vcd" {0 0 0};
    %vpi_call 2 32 "$dumpvars", 32'sb00000000000000000000000000000000, S_0x55922a22efe0 {0 0 0};
    %delay 20000, 0;
    %vpi_call 2 33 "$finish" {0 0 0};
    %end;
    .thread T_9;
# The file index is used to find the file name in the following table.
:file_names 6;
    "N/A";
    "<interactive>";
    "./src/servo_driver_tb.v";
    "./src/servo_driver.v";
    "./src/I2C_frame_output.v";
    "./src/time_divider.v";
