
*** Running vivado
    with args -log servo_driver.vds -m64 -mode batch -messageDb vivado.pb -notrace -source servo_driver.tcl


****** Vivado v2016.2 (64-bit)
  **** SW Build 1577090 on Thu Jun  2 16:32:40 MDT 2016
  **** IP Build 1577682 on Fri Jun  3 12:00:54 MDT 2016
    ** Copyright 1986-2016 Xilinx, Inc. All Rights Reserved.

source servo_driver.tcl -notrace
Command: synth_design -top servo_driver -part xc7a100tcsg324-1
Starting synth_design
Attempting to get a license for feature 'Synthesis' and/or device 'xc7a100t'
INFO: [Common 17-349] Got license for feature 'Synthesis' and/or device 'xc7a100t'
INFO: Launching helper process for spawning children vivado processes
INFO: Helper process launched with PID 17544 
---------------------------------------------------------------------------------
Starting Synthesize : Time (s): cpu = 00:00:06 ; elapsed = 00:00:16 . Memory (MB): peak = 303.859 ; gain = 97.031
---------------------------------------------------------------------------------
INFO: [Synth 8-638] synthesizing module 'servo_driver' [D:/wza/vivado_program_files/project_for_digital_logic/I2C_driver/src/servo_driver.v:2]
	Parameter state_set_mode_sleep bound to: 0 - type: integer 
	Parameter state_set_setf bound to: 1 - type: integer 
	Parameter state_set_mode_run bound to: 2 - type: integer 
	Parameter state_update bound to: 3 - type: integer 
	Parameter state_send_on_h bound to: 4 - type: integer 
	Parameter state_send_on_l bound to: 5 - type: integer 
	Parameter state_send_off_h bound to: 6 - type: integer 
	Parameter state_send_off_l bound to: 7 - type: integer 
	Parameter state_wait bound to: 8 - type: integer 
	Parameter mode_reg_addr bound to: 8'b00000000 
	Parameter mode_sleep_data bound to: 8'b00010000 
	Parameter mode_run_data bound to: 8'b00000000 
	Parameter pwm1_on_h_data bound to: 8'b00000000 
	Parameter pwm1_on_l_data bound to: 8'b00000000 
	Parameter pwm1_off_h_data bound to: 8'b00000000 
	Parameter pwm1_off_l_data bound to: 8'b11011000 
	Parameter pwm1_on_l_addr bound to: 8'b00000110 
	Parameter pwm1_on_h_addr bound to: 8'b00000111 
	Parameter pwm1_off_l_addr bound to: 8'b00001000 
	Parameter pwm1_off_h_addr bound to: 8'b00001001 
INFO: [Synth 8-638] synthesizing module 'time_divider' [D:/wza/vivado_program_files/project_for_digital_logic/I2C_driver/src/time_divider.v:1]
	Parameter ratio bound to: 2 - type: integer 
INFO: [Synth 8-256] done synthesizing module 'time_divider' (1#1) [D:/wza/vivado_program_files/project_for_digital_logic/I2C_driver/src/time_divider.v:1]
INFO: [Synth 8-638] synthesizing module 'I2C_frame_output' [D:/wza/vivado_program_files/project_for_digital_logic/I2C_driver/src/I2C_frame_output.v:3]
	Parameter slave_addr bound to: 16'b0000000001000000 
	Parameter state_idle bound to: 30 - type: integer 
	Parameter state_start bound to: 29 - type: integer 
	Parameter state_slave_h bound to: 28 - type: integer 
	Parameter state_slave_l bound to: 22 - type: integer 
	Parameter state_rw1 bound to: 21 - type: integer 
	Parameter state_ack1 bound to: 20 - type: integer 
	Parameter state_reg_adr_h bound to: 19 - type: integer 
	Parameter state_reg_adr_l bound to: 12 - type: integer 
	Parameter state_ack2 bound to: 11 - type: integer 
	Parameter state_data_h bound to: 10 - type: integer 
	Parameter state_data_l bound to: 3 - type: integer 
	Parameter state_ack bound to: 2 - type: integer 
	Parameter state_stop bound to: 1 - type: integer 
	Parameter state_waitforstart bound to: 0 - type: integer 
WARNING: [Synth 8-567] referenced signal 'i_rst_n' should be on the sensitivity list [D:/wza/vivado_program_files/project_for_digital_logic/I2C_driver/src/I2C_frame_output.v:77]
WARNING: [Synth 8-567] referenced signal 'current_state' should be on the sensitivity list [D:/wza/vivado_program_files/project_for_digital_logic/I2C_driver/src/I2C_frame_output.v:77]
WARNING: [Synth 8-567] referenced signal 'io_SDA' should be on the sensitivity list [D:/wza/vivado_program_files/project_for_digital_logic/I2C_driver/src/I2C_frame_output.v:77]
WARNING: [Synth 8-567] referenced signal 'i_register_addr' should be on the sensitivity list [D:/wza/vivado_program_files/project_for_digital_logic/I2C_driver/src/I2C_frame_output.v:77]
WARNING: [Synth 8-567] referenced signal 'i_data' should be on the sensitivity list [D:/wza/vivado_program_files/project_for_digital_logic/I2C_driver/src/I2C_frame_output.v:77]
INFO: [Synth 8-256] done synthesizing module 'I2C_frame_output' (2#1) [D:/wza/vivado_program_files/project_for_digital_logic/I2C_driver/src/I2C_frame_output.v:3]
INFO: [Synth 8-155] case statement is not full and has no default [D:/wza/vivado_program_files/project_for_digital_logic/I2C_driver/src/servo_driver.v:76]
WARNING: [Synth 8-5788] Register gen_data_reg in module servo_driver is has both Set and reset with same priority. This may cause simulation mismatches. Consider rewriting code  [D:/wza/vivado_program_files/project_for_digital_logic/I2C_driver/src/servo_driver.v:62]
WARNING: [Synth 8-5788] Register gen_register_addr_reg in module servo_driver is has both Set and reset with same priority. This may cause simulation mismatches. Consider rewriting code  [D:/wza/vivado_program_files/project_for_digital_logic/I2C_driver/src/servo_driver.v:61]
INFO: [Synth 8-256] done synthesizing module 'servo_driver' (3#1) [D:/wza/vivado_program_files/project_for_digital_logic/I2C_driver/src/servo_driver.v:2]
---------------------------------------------------------------------------------
Finished Synthesize : Time (s): cpu = 00:00:07 ; elapsed = 00:00:17 . Memory (MB): peak = 341.234 ; gain = 134.406
---------------------------------------------------------------------------------
---------------------------------------------------------------------------------
Finished Constraint Validation : Time (s): cpu = 00:00:07 ; elapsed = 00:00:17 . Memory (MB): peak = 341.234 ; gain = 134.406
---------------------------------------------------------------------------------
---------------------------------------------------------------------------------
Start Loading Part and Timing Information
---------------------------------------------------------------------------------
Loading part: xc7a100tcsg324-1
---------------------------------------------------------------------------------
Finished Loading Part and Timing Information : Time (s): cpu = 00:00:07 ; elapsed = 00:00:17 . Memory (MB): peak = 341.234 ; gain = 134.406
---------------------------------------------------------------------------------
INFO: [Synth 8-5544] ROM "gen_data" won't be mapped to Block RAM because address size (4) smaller than threshold (5)
INFO: [Device 21-403] Loading part xc7a100tcsg324-1
WARNING: [Synth 8-327] inferring latch for variable 'io_SDA_reg' [D:/wza/vivado_program_files/project_for_digital_logic/I2C_driver/src/I2C_frame_output.v:79]
WARNING: [Synth 8-327] inferring latch for variable 'o_SCL_reg' [D:/wza/vivado_program_files/project_for_digital_logic/I2C_driver/src/I2C_frame_output.v:80]
---------------------------------------------------------------------------------
Finished RTL Optimization Phase 2 : Time (s): cpu = 00:00:07 ; elapsed = 00:00:17 . Memory (MB): peak = 356.672 ; gain = 149.844
---------------------------------------------------------------------------------

Report RTL Partitions: 
+-+--------------+------------+----------+
| |RTL Partition |Replication |Instances |
+-+--------------+------------+----------+
+-+--------------+------------+----------+
No constraint files found.
---------------------------------------------------------------------------------
Start RTL Component Statistics 
---------------------------------------------------------------------------------
Detailed RTL Component Info : 
+---Adders : 
	   2 Input      6 Bit       Adders := 1     
	   2 Input      4 Bit       Adders := 1     
	   2 Input      3 Bit       Adders := 2     
+---Registers : 
	                8 Bit    Registers := 2     
	                6 Bit    Registers := 1     
	                4 Bit    Registers := 1     
	                1 Bit    Registers := 1     
+---Muxes : 
	   2 Input      6 Bit        Muxes := 2     
	   2 Input      5 Bit        Muxes := 1     
	   2 Input      1 Bit        Muxes := 13    
---------------------------------------------------------------------------------
Finished RTL Component Statistics 
---------------------------------------------------------------------------------
---------------------------------------------------------------------------------
Start RTL Hierarchical Component Statistics 
---------------------------------------------------------------------------------
Hierarchical RTL Component report 
Module servo_driver 
Detailed RTL Component Info : 
+---Registers : 
	                8 Bit    Registers := 2     
	                4 Bit    Registers := 1     
	                1 Bit    Registers := 1     
+---Muxes : 
	   2 Input      1 Bit        Muxes := 1     
Module I2C_frame_output 
Detailed RTL Component Info : 
+---Adders : 
	   2 Input      6 Bit       Adders := 1     
	   2 Input      4 Bit       Adders := 1     
	   2 Input      3 Bit       Adders := 2     
+---Registers : 
	                6 Bit    Registers := 1     
+---Muxes : 
	   2 Input      6 Bit        Muxes := 2     
	   2 Input      5 Bit        Muxes := 1     
	   2 Input      1 Bit        Muxes := 12    
---------------------------------------------------------------------------------
Finished RTL Hierarchical Component Statistics
---------------------------------------------------------------------------------
---------------------------------------------------------------------------------
Start Part Resource Summary
---------------------------------------------------------------------------------
Part Resources:
DSPs: 240 (col length:80)
BRAMs: 270 (col length: RAMB18 80 RAMB36 40)
---------------------------------------------------------------------------------
Finished Part Resource Summary
---------------------------------------------------------------------------------
Start Parallel Synthesis Optimization  : Time (s): cpu = 00:00:10 ; elapsed = 00:00:23 . Memory (MB): peak = 470.699 ; gain = 263.871
---------------------------------------------------------------------------------
Start Cross Boundary Optimization
---------------------------------------------------------------------------------
---------------------------------------------------------------------------------
Finished Cross Boundary Optimization : Time (s): cpu = 00:00:10 ; elapsed = 00:00:23 . Memory (MB): peak = 471.754 ; gain = 264.926
---------------------------------------------------------------------------------
Finished Parallel Reinference  : Time (s): cpu = 00:00:10 ; elapsed = 00:00:23 . Memory (MB): peak = 471.754 ; gain = 264.926

Report RTL Partitions: 
+-+--------------+------------+----------+
| |RTL Partition |Replication |Instances |
+-+--------------+------------+----------+
+-+--------------+------------+----------+
No constraint files found.
---------------------------------------------------------------------------------
Start Area Optimization
---------------------------------------------------------------------------------
INFO: [Synth 8-3333] propagating constant 0 across sequential element (\current_state_reg[0] )
INFO: [Synth 8-3333] propagating constant 0 across sequential element (\current_state_reg[1] )
INFO: [Synth 8-3333] propagating constant 0 across sequential element (\current_state_reg[3] )
INFO: [Synth 8-3333] propagating constant 0 across sequential element (\current_state_reg[2] )
INFO: [Synth 8-3333] propagating constant 0 across sequential element (start_flag_reg)
INFO: [Synth 8-3886] merging instance 'gen_register_addr_reg[7]' (FDE) to 'gen_data_reg[0]'
INFO: [Synth 8-3886] merging instance 'gen_register_addr_reg[6]' (FDE) to 'gen_data_reg[0]'
INFO: [Synth 8-3886] merging instance 'gen_register_addr_reg[5]' (FDE) to 'gen_data_reg[0]'
INFO: [Synth 8-3886] merging instance 'gen_register_addr_reg[4]' (FDE) to 'gen_data_reg[0]'
INFO: [Synth 8-3886] merging instance 'gen_register_addr_reg[3]' (FDE) to 'gen_data_reg[0]'
INFO: [Synth 8-3886] merging instance 'gen_register_addr_reg[2]' (FDE) to 'gen_data_reg[0]'
INFO: [Synth 8-3886] merging instance 'gen_register_addr_reg[1]' (FDE) to 'gen_data_reg[0]'
INFO: [Synth 8-3886] merging instance 'gen_register_addr_reg[0]' (FDE) to 'gen_data_reg[0]'
INFO: [Synth 8-3886] merging instance 'gen_data_reg[7]' (FDE) to 'gen_data_reg[0]'
INFO: [Synth 8-3886] merging instance 'gen_data_reg[6]' (FDE) to 'gen_data_reg[0]'
INFO: [Synth 8-3886] merging instance 'gen_data_reg[5]' (FDE) to 'gen_data_reg[0]'
INFO: [Synth 8-3333] propagating constant 1 across sequential element (\gen_data_reg[4] )
INFO: [Synth 8-3886] merging instance 'gen_data_reg[3]' (FDE) to 'gen_data_reg[0]'
INFO: [Synth 8-3886] merging instance 'gen_data_reg[2]' (FDE) to 'gen_data_reg[0]'
INFO: [Synth 8-3886] merging instance 'gen_data_reg[1]' (FDE) to 'gen_data_reg[0]'
INFO: [Synth 8-3333] propagating constant 0 across sequential element (\gen_data_reg[0] )
WARNING: [Synth 8-3332] Sequential element (current_state_reg[3]) is unused and will be removed from module servo_driver.
WARNING: [Synth 8-3332] Sequential element (current_state_reg[2]) is unused and will be removed from module servo_driver.
WARNING: [Synth 8-3332] Sequential element (current_state_reg[1]) is unused and will be removed from module servo_driver.
WARNING: [Synth 8-3332] Sequential element (current_state_reg[0]) is unused and will be removed from module servo_driver.
WARNING: [Synth 8-3332] Sequential element (gen_data_reg[4]) is unused and will be removed from module servo_driver.
WARNING: [Synth 8-3332] Sequential element (start_flag_reg) is unused and will be removed from module servo_driver.
WARNING: [Synth 8-3332] Sequential element (gen_data_reg[0]) is unused and will be removed from module servo_driver.
WARNING: [Synth 8-3332] Sequential element (gen_register_addr_reg[7]) is unused and will be removed from module servo_driver.
WARNING: [Synth 8-3332] Sequential element (gen_register_addr_reg[6]) is unused and will be removed from module servo_driver.
WARNING: [Synth 8-3332] Sequential element (gen_register_addr_reg[5]) is unused and will be removed from module servo_driver.
WARNING: [Synth 8-3332] Sequential element (gen_register_addr_reg[4]) is unused and will be removed from module servo_driver.
WARNING: [Synth 8-3332] Sequential element (gen_register_addr_reg[3]) is unused and will be removed from module servo_driver.
WARNING: [Synth 8-3332] Sequential element (gen_register_addr_reg[2]) is unused and will be removed from module servo_driver.
WARNING: [Synth 8-3332] Sequential element (gen_register_addr_reg[1]) is unused and will be removed from module servo_driver.
WARNING: [Synth 8-3332] Sequential element (gen_register_addr_reg[0]) is unused and will be removed from module servo_driver.
WARNING: [Synth 8-3332] Sequential element (gen_data_reg[7]) is unused and will be removed from module servo_driver.
WARNING: [Synth 8-3332] Sequential element (gen_data_reg[6]) is unused and will be removed from module servo_driver.
WARNING: [Synth 8-3332] Sequential element (gen_data_reg[5]) is unused and will be removed from module servo_driver.
WARNING: [Synth 8-3332] Sequential element (gen_data_reg[3]) is unused and will be removed from module servo_driver.
WARNING: [Synth 8-3332] Sequential element (gen_data_reg[2]) is unused and will be removed from module servo_driver.
WARNING: [Synth 8-3332] Sequential element (gen_data_reg[1]) is unused and will be removed from module servo_driver.
INFO: [Synth 8-3886] merging instance 'i_2/I2C_driver/clk_generator/count_reg[20]' (FDC) to 'i_2/I2C_driver/clk_generator/count_reg[31]'
INFO: [Synth 8-3886] merging instance 'i_2/I2C_driver/clk_generator/count_reg[23]' (FDC) to 'i_2/I2C_driver/clk_generator/count_reg[31]'
INFO: [Synth 8-3886] merging instance 'i_2/I2C_driver/clk_generator/count_reg[21]' (FDC) to 'i_2/I2C_driver/clk_generator/count_reg[31]'
INFO: [Synth 8-3886] merging instance 'i_2/I2C_driver/clk_generator/count_reg[22]' (FDC) to 'i_2/I2C_driver/clk_generator/count_reg[31]'
INFO: [Synth 8-3886] merging instance 'i_2/I2C_driver/clk_generator/count_reg[17]' (FDC) to 'i_2/I2C_driver/clk_generator/count_reg[31]'
INFO: [Synth 8-3886] merging instance 'i_2/I2C_driver/clk_generator/count_reg[16]' (FDC) to 'i_2/I2C_driver/clk_generator/count_reg[31]'
INFO: [Synth 8-3886] merging instance 'i_2/I2C_driver/clk_generator/count_reg[19]' (FDC) to 'i_2/I2C_driver/clk_generator/count_reg[31]'
INFO: [Synth 8-3886] merging instance 'i_2/I2C_driver/clk_generator/count_reg[18]' (FDC) to 'i_2/I2C_driver/clk_generator/count_reg[31]'
INFO: [Synth 8-3886] merging instance 'i_2/I2C_driver/clk_generator/count_reg[26]' (FDC) to 'i_2/I2C_driver/clk_generator/count_reg[31]'
INFO: [Synth 8-3886] merging instance 'i_2/I2C_driver/clk_generator/count_reg[25]' (FDC) to 'i_2/I2C_driver/clk_generator/count_reg[31]'
INFO: [Synth 8-3886] merging instance 'i_2/I2C_driver/clk_generator/count_reg[27]' (FDC) to 'i_2/I2C_driver/clk_generator/count_reg[31]'
INFO: [Synth 8-3886] merging instance 'i_2/I2C_driver/clk_generator/count_reg[24]' (FDC) to 'i_2/I2C_driver/clk_generator/count_reg[31]'
INFO: [Synth 8-3886] merging instance 'i_2/I2C_driver/clk_generator/count_reg[28]' (FDC) to 'i_2/I2C_driver/clk_generator/count_reg[31]'
INFO: [Synth 8-3886] merging instance 'i_2/I2C_driver/clk_generator/count_reg[30]' (FDC) to 'i_2/I2C_driver/clk_generator/count_reg[31]'
INFO: [Synth 8-3886] merging instance 'i_2/I2C_driver/clk_generator/count_reg[29]' (FDC) to 'i_2/I2C_driver/clk_generator/count_reg[31]'
INFO: [Synth 8-3886] merging instance 'i_2/I2C_driver/clk_generator/count_reg[31]' (FDC) to 'i_2/I2C_driver/clk_generator/count_reg[15]'
INFO: [Synth 8-3886] merging instance 'i_2/I2C_driver/clk_generator/count_reg[6]' (FDC) to 'i_2/I2C_driver/clk_generator/count_reg[15]'
INFO: [Synth 8-3886] merging instance 'i_2/I2C_driver/clk_generator/count_reg[5]' (FDC) to 'i_2/I2C_driver/clk_generator/count_reg[15]'
INFO: [Synth 8-3886] merging instance 'i_2/I2C_driver/clk_generator/count_reg[7]' (FDC) to 'i_2/I2C_driver/clk_generator/count_reg[15]'
INFO: [Synth 8-3886] merging instance 'i_2/I2C_driver/clk_generator/count_reg[4]' (FDC) to 'i_2/I2C_driver/clk_generator/count_reg[15]'
INFO: [Synth 8-3886] merging instance 'i_2/I2C_driver/clk_generator/count_reg[1]' (FDC) to 'i_2/I2C_driver/clk_generator/count_reg[15]'
INFO: [Synth 8-3886] merging instance 'i_2/I2C_driver/clk_generator/count_reg[3]' (FDC) to 'i_2/I2C_driver/clk_generator/count_reg[15]'
INFO: [Synth 8-3886] merging instance 'i_2/I2C_driver/clk_generator/count_reg[2]' (FDC) to 'i_2/I2C_driver/clk_generator/count_reg[15]'
INFO: [Synth 8-3886] merging instance 'i_2/I2C_driver/clk_generator/count_reg[10]' (FDC) to 'i_2/I2C_driver/clk_generator/count_reg[15]'
INFO: [Synth 8-3886] merging instance 'i_2/I2C_driver/clk_generator/count_reg[9]' (FDC) to 'i_2/I2C_driver/clk_generator/count_reg[15]'
INFO: [Synth 8-3886] merging instance 'i_2/I2C_driver/clk_generator/count_reg[11]' (FDC) to 'i_2/I2C_driver/clk_generator/count_reg[15]'
INFO: [Synth 8-3886] merging instance 'i_2/I2C_driver/clk_generator/count_reg[8]' (FDC) to 'i_2/I2C_driver/clk_generator/count_reg[15]'
INFO: [Synth 8-3886] merging instance 'i_2/I2C_driver/clk_generator/count_reg[13]' (FDC) to 'i_2/I2C_driver/clk_generator/count_reg[15]'
INFO: [Synth 8-3886] merging instance 'i_2/I2C_driver/clk_generator/count_reg[12]' (FDC) to 'i_2/I2C_driver/clk_generator/count_reg[15]'
INFO: [Synth 8-3886] merging instance 'i_2/I2C_driver/clk_generator/count_reg[15]' (FDC) to 'i_2/I2C_driver/clk_generator/count_reg[14]'
INFO: [Synth 8-3333] propagating constant 0 across sequential element (i_2/\I2C_driver/clk_generator/count_reg[14] )
WARNING: [Synth 8-3332] Sequential element (I2C_driver/current_state_reg[5]) is unused and will be removed from module servo_driver.
WARNING: [Synth 8-3332] Sequential element (I2C_driver/clk_generator/count_reg[1]) is unused and will be removed from module servo_driver.
WARNING: [Synth 8-3332] Sequential element (I2C_driver/clk_generator/count_reg[2]) is unused and will be removed from module servo_driver.
WARNING: [Synth 8-3332] Sequential element (I2C_driver/clk_generator/count_reg[3]) is unused and will be removed from module servo_driver.
WARNING: [Synth 8-3332] Sequential element (I2C_driver/clk_generator/count_reg[4]) is unused and will be removed from module servo_driver.
WARNING: [Synth 8-3332] Sequential element (I2C_driver/clk_generator/count_reg[5]) is unused and will be removed from module servo_driver.
WARNING: [Synth 8-3332] Sequential element (I2C_driver/clk_generator/count_reg[6]) is unused and will be removed from module servo_driver.
WARNING: [Synth 8-3332] Sequential element (I2C_driver/clk_generator/count_reg[7]) is unused and will be removed from module servo_driver.
WARNING: [Synth 8-3332] Sequential element (I2C_driver/clk_generator/count_reg[8]) is unused and will be removed from module servo_driver.
WARNING: [Synth 8-3332] Sequential element (I2C_driver/clk_generator/count_reg[9]) is unused and will be removed from module servo_driver.
WARNING: [Synth 8-3332] Sequential element (I2C_driver/clk_generator/count_reg[10]) is unused and will be removed from module servo_driver.
WARNING: [Synth 8-3332] Sequential element (I2C_driver/clk_generator/count_reg[11]) is unused and will be removed from module servo_driver.
WARNING: [Synth 8-3332] Sequential element (I2C_driver/clk_generator/count_reg[12]) is unused and will be removed from module servo_driver.
WARNING: [Synth 8-3332] Sequential element (I2C_driver/clk_generator/count_reg[13]) is unused and will be removed from module servo_driver.
WARNING: [Synth 8-3332] Sequential element (I2C_driver/clk_generator/count_reg[14]) is unused and will be removed from module servo_driver.
WARNING: [Synth 8-3332] Sequential element (I2C_driver/clk_generator/count_reg[15]) is unused and will be removed from module servo_driver.
WARNING: [Synth 8-3332] Sequential element (I2C_driver/clk_generator/count_reg[16]) is unused and will be removed from module servo_driver.
WARNING: [Synth 8-3332] Sequential element (I2C_driver/clk_generator/count_reg[17]) is unused and will be removed from module servo_driver.
WARNING: [Synth 8-3332] Sequential element (I2C_driver/clk_generator/count_reg[18]) is unused and will be removed from module servo_driver.
WARNING: [Synth 8-3332] Sequential element (I2C_driver/clk_generator/count_reg[19]) is unused and will be removed from module servo_driver.
WARNING: [Synth 8-3332] Sequential element (I2C_driver/clk_generator/count_reg[20]) is unused and will be removed from module servo_driver.
WARNING: [Synth 8-3332] Sequential element (I2C_driver/clk_generator/count_reg[21]) is unused and will be removed from module servo_driver.
WARNING: [Synth 8-3332] Sequential element (I2C_driver/clk_generator/count_reg[22]) is unused and will be removed from module servo_driver.
WARNING: [Synth 8-3332] Sequential element (I2C_driver/clk_generator/count_reg[23]) is unused and will be removed from module servo_driver.
WARNING: [Synth 8-3332] Sequential element (I2C_driver/clk_generator/count_reg[24]) is unused and will be removed from module servo_driver.
WARNING: [Synth 8-3332] Sequential element (I2C_driver/clk_generator/count_reg[25]) is unused and will be removed from module servo_driver.
WARNING: [Synth 8-3332] Sequential element (I2C_driver/clk_generator/count_reg[26]) is unused and will be removed from module servo_driver.
WARNING: [Synth 8-3332] Sequential element (I2C_driver/clk_generator/count_reg[27]) is unused and will be removed from module servo_driver.
WARNING: [Synth 8-3332] Sequential element (I2C_driver/clk_generator/count_reg[28]) is unused and will be removed from module servo_driver.
WARNING: [Synth 8-3332] Sequential element (I2C_driver/clk_generator/count_reg[29]) is unused and will be removed from module servo_driver.
WARNING: [Synth 8-3332] Sequential element (I2C_driver/clk_generator/count_reg[30]) is unused and will be removed from module servo_driver.
WARNING: [Synth 8-3332] Sequential element (I2C_driver/clk_generator/count_reg[31]) is unused and will be removed from module servo_driver.
---------------------------------------------------------------------------------
Finished Area Optimization : Time (s): cpu = 00:00:10 ; elapsed = 00:00:24 . Memory (MB): peak = 492.492 ; gain = 285.664
---------------------------------------------------------------------------------
Finished Parallel Area Optimization  : Time (s): cpu = 00:00:10 ; elapsed = 00:00:24 . Memory (MB): peak = 492.492 ; gain = 285.664

Report RTL Partitions: 
+-+--------------+------------+----------+
| |RTL Partition |Replication |Instances |
+-+--------------+------------+----------+
+-+--------------+------------+----------+
---------------------------------------------------------------------------------
Start Timing Optimization
---------------------------------------------------------------------------------
No constraint files found.
---------------------------------------------------------------------------------
Finished Timing Optimization : Time (s): cpu = 00:00:10 ; elapsed = 00:00:24 . Memory (MB): peak = 492.492 ; gain = 285.664
---------------------------------------------------------------------------------

Report RTL Partitions: 
+-+--------------+------------+----------+
| |RTL Partition |Replication |Instances |
+-+--------------+------------+----------+
+-+--------------+------------+----------+
---------------------------------------------------------------------------------
Start Technology Mapping
---------------------------------------------------------------------------------
WARNING: [Synth 8-3332] Sequential element (I2C_driver/current_state_reg[4]) is unused and will be removed from module servo_driver.
WARNING: [Synth 8-3332] Sequential element (I2C_driver/current_state_reg[3]) is unused and will be removed from module servo_driver.
WARNING: [Synth 8-3332] Sequential element (I2C_driver/current_state_reg[2]) is unused and will be removed from module servo_driver.
WARNING: [Synth 8-3332] Sequential element (I2C_driver/current_state_reg[1]) is unused and will be removed from module servo_driver.
WARNING: [Synth 8-3332] Sequential element (I2C_driver/current_state_reg[0]) is unused and will be removed from module servo_driver.
WARNING: [Synth 8-264] enable of latch i_1 is always disabled
WARNING: [Synth 8-264] enable of latch i_1 is always disabled
WARNING: [Synth 8-3332] Sequential element (I2C_driver/io_SDA_reg) is unused and will be removed from module servo_driver.
WARNING: [Synth 8-3332] Sequential element (i_1) is unused and will be removed from module servo_driver.
---------------------------------------------------------------------------------
Finished Technology Mapping : Time (s): cpu = 00:00:10 ; elapsed = 00:00:24 . Memory (MB): peak = 492.492 ; gain = 285.664
---------------------------------------------------------------------------------
Finished Parallel Technology Mapping Optimization  : Time (s): cpu = 00:00:10 ; elapsed = 00:00:24 . Memory (MB): peak = 492.492 ; gain = 285.664

Report RTL Partitions: 
+-+--------------+------------+----------+
| |RTL Partition |Replication |Instances |
+-+--------------+------------+----------+
+-+--------------+------------+----------+
Finished Parallel Synthesis Optimization  : Time (s): cpu = 00:00:10 ; elapsed = 00:00:24 . Memory (MB): peak = 492.492 ; gain = 285.664
---------------------------------------------------------------------------------
Start IO Insertion
---------------------------------------------------------------------------------
---------------------------------------------------------------------------------
Start Flattening Before IO Insertion
---------------------------------------------------------------------------------
---------------------------------------------------------------------------------
Finished Flattening Before IO Insertion
---------------------------------------------------------------------------------
---------------------------------------------------------------------------------
Start Final Netlist Cleanup
---------------------------------------------------------------------------------
---------------------------------------------------------------------------------
Finished Final Netlist Cleanup
---------------------------------------------------------------------------------
---------------------------------------------------------------------------------
Finished IO Insertion : Time (s): cpu = 00:00:10 ; elapsed = 00:00:24 . Memory (MB): peak = 492.492 ; gain = 285.664
---------------------------------------------------------------------------------

Report Check Netlist: 
+------+------------------+-------+---------+-------+------------------+
|      |Item              |Errors |Warnings |Status |Description       |
+------+------------------+-------+---------+-------+------------------+
|1     |multi_driven_nets |      0|        0|Passed |Multi driven nets |
+------+------------------+-------+---------+-------+------------------+
---------------------------------------------------------------------------------
Start Renaming Generated Instances
---------------------------------------------------------------------------------
---------------------------------------------------------------------------------
Finished Renaming Generated Instances : Time (s): cpu = 00:00:10 ; elapsed = 00:00:24 . Memory (MB): peak = 492.492 ; gain = 285.664
---------------------------------------------------------------------------------

Report RTL Partitions: 
+-+--------------+------------+----------+
| |RTL Partition |Replication |Instances |
+-+--------------+------------+----------+
+-+--------------+------------+----------+
---------------------------------------------------------------------------------
Start Rebuilding User Hierarchy
---------------------------------------------------------------------------------
---------------------------------------------------------------------------------
Finished Rebuilding User Hierarchy : Time (s): cpu = 00:00:10 ; elapsed = 00:00:24 . Memory (MB): peak = 492.492 ; gain = 285.664
---------------------------------------------------------------------------------
---------------------------------------------------------------------------------
Start Renaming Generated Ports
---------------------------------------------------------------------------------
---------------------------------------------------------------------------------
Finished Renaming Generated Ports : Time (s): cpu = 00:00:10 ; elapsed = 00:00:24 . Memory (MB): peak = 492.492 ; gain = 285.664
---------------------------------------------------------------------------------
---------------------------------------------------------------------------------
Start Handling Custom Attributes
---------------------------------------------------------------------------------
---------------------------------------------------------------------------------
Finished Handling Custom Attributes : Time (s): cpu = 00:00:11 ; elapsed = 00:00:24 . Memory (MB): peak = 492.492 ; gain = 285.664
---------------------------------------------------------------------------------
---------------------------------------------------------------------------------
Start Renaming Generated Nets
---------------------------------------------------------------------------------
---------------------------------------------------------------------------------
Finished Renaming Generated Nets : Time (s): cpu = 00:00:11 ; elapsed = 00:00:24 . Memory (MB): peak = 492.492 ; gain = 285.664
---------------------------------------------------------------------------------
---------------------------------------------------------------------------------
Start Writing Synthesis Report
---------------------------------------------------------------------------------

Report BlackBoxes: 
+-+--------------+----------+
| |BlackBox name |Instances |
+-+--------------+----------+
+-+--------------+----------+

Report Cell Usage: 
+------+------+------+
|      |Cell  |Count |
+------+------+------+
|1     |BUFG  |     2|
|2     |LUT1  |     3|
|3     |FDCE  |     1|
|4     |LDP   |     1|
|5     |IBUF  |     2|
|6     |OBUF  |     1|
|7     |OBUFT |     1|
+------+------+------+

Report Instance Areas: 
+------+------------------+-----------------+------+
|      |Instance          |Module           |Cells |
+------+------------------+-----------------+------+
|1     |top               |                 |    11|
|2     |  I2C_driver      |I2C_frame_output |     4|
|3     |    clk_generator |time_divider     |     3|
+------+------------------+-----------------+------+
---------------------------------------------------------------------------------
Finished Writing Synthesis Report : Time (s): cpu = 00:00:11 ; elapsed = 00:00:24 . Memory (MB): peak = 492.492 ; gain = 285.664
---------------------------------------------------------------------------------
Synthesis finished with 0 errors, 0 critical warnings and 71 warnings.
Synthesis Optimization Runtime : Time (s): cpu = 00:00:08 ; elapsed = 00:00:14 . Memory (MB): peak = 492.492 ; gain = 265.406
Synthesis Optimization Complete : Time (s): cpu = 00:00:11 ; elapsed = 00:00:25 . Memory (MB): peak = 492.492 ; gain = 285.664
INFO: [Project 1-571] Translating synthesized netlist
INFO: [Netlist 29-17] Analyzing 3 Unisim elements for replacement
INFO: [Netlist 29-28] Unisim Transformation completed in 0 CPU seconds
INFO: [Project 1-570] Preparing netlist for logic optimization
INFO: [Opt 31-138] Pushed 0 inverter(s) to 0 load pin(s).
INFO: [Project 1-111] Unisim Transformation Summary:
  A total of 1 instances were transformed.
  LDP => LDPE: 1 instances

INFO: [Common 17-83] Releasing license: Synthesis
69 Infos, 71 Warnings, 0 Critical Warnings and 0 Errors encountered.
synth_design completed successfully
synth_design: Time (s): cpu = 00:00:10 ; elapsed = 00:00:22 . Memory (MB): peak = 557.762 ; gain = 333.578
report_utilization: Time (s): cpu = 00:00:00 ; elapsed = 00:00:00.114 . Memory (MB): peak = 557.762 ; gain = 0.000
INFO: [Common 17-206] Exiting Vivado at Mon Jan 03 17:11:45 2022...
