#! /usr/bin/vvp
:ivl_version "10.3 (stable)";
:ivl_delay_selection "TYPICAL";
:vpi_time_precision + 0;
:vpi_module "system";
:vpi_module "vhdl_sys";
:vpi_module "v2005_math";
:vpi_module "va_math";
S_0x55a79654c000 .scope module, "pwm_driver_tb" "pwm_driver_tb" 2 1;
 .timescale 0 0;
v0x55a7965673e0_0 .var "data", 12 0;
v0x55a7965674c0_0 .var/i "i", 31 0;
v0x55a796567580_0 .var "i_clk", 0 0;
v0x55a796567650_0 .var "i_rst_n", 0 0;
v0x55a796567740_0 .net "o_signal", 0 0, L_0x55a796577f10;  1 drivers
S_0x55a79654c180 .scope module, "inst" "pwm_driver" 2 6, 3 1 0, S_0x55a79654c000;
 .timescale 0 0;
    .port_info 0 /INPUT 1 "i_clk"
    .port_info 1 /INPUT 1 "i_rst_n"
    .port_info 2 /INPUT 13 "data"
    .port_info 3 /OUTPUT 1 "o_signal"
L_0x55a796577c40 .functor AND 1, L_0x55a796577990, L_0x55a796577b00, C4<1>, C4<1>;
v0x55a796566720_0 .net *"_s0", 31 0, L_0x55a796567830;  1 drivers
v0x55a796566800_0 .net *"_s10", 0 0, L_0x55a796577c40;  1 drivers
L_0x7f2305d010a8 .functor BUFT 1, C4<01>, C4<0>, C4<0>, C4<0>;
v0x55a7965668c0_0 .net/2s *"_s12", 1 0, L_0x7f2305d010a8;  1 drivers
L_0x7f2305d010f0 .functor BUFT 1, C4<00>, C4<0>, C4<0>, C4<0>;
v0x55a796566980_0 .net/2s *"_s14", 1 0, L_0x7f2305d010f0;  1 drivers
v0x55a796566a60_0 .net *"_s16", 1 0, L_0x55a796577d50;  1 drivers
L_0x7f2305d01018 .functor BUFT 1, C4<0000000000000000000>, C4<0>, C4<0>, C4<0>;
v0x55a796566b90_0 .net *"_s3", 18 0, L_0x7f2305d01018;  1 drivers
L_0x7f2305d01060 .functor BUFT 1, C4<00000000000000000000000000000000>, C4<0>, C4<0>, C4<0>;
v0x55a796566c70_0 .net/2u *"_s4", 31 0, L_0x7f2305d01060;  1 drivers
v0x55a796566d50_0 .net *"_s6", 0 0, L_0x55a796577990;  1 drivers
v0x55a796566e10_0 .net *"_s8", 0 0, L_0x55a796577b00;  1 drivers
v0x55a796566ed0_0 .var "counter", 12 0;
v0x55a796566fb0_0 .net "data", 12 0, v0x55a7965673e0_0;  1 drivers
v0x55a796567090_0 .net "gen_clk", 0 0, v0x55a7965664d0_0;  1 drivers
v0x55a796567130_0 .net "i_clk", 0 0, v0x55a796567580_0;  1 drivers
v0x55a796567200_0 .net "i_rst_n", 0 0, v0x55a796567650_0;  1 drivers
v0x55a7965672d0_0 .net "o_signal", 0 0, L_0x55a796577f10;  alias, 1 drivers
E_0x55a7965494c0/0 .event negedge, v0x55a796566590_0;
E_0x55a7965494c0/1 .event posedge, v0x55a7965664d0_0;
E_0x55a7965494c0 .event/or E_0x55a7965494c0/0, E_0x55a7965494c0/1;
L_0x55a796567830 .concat [ 13 19 0 0], v0x55a796566ed0_0, L_0x7f2305d01018;
L_0x55a796577990 .cmp/ge 32, L_0x55a796567830, L_0x7f2305d01060;
L_0x55a796577b00 .cmp/ge 13, v0x55a7965673e0_0, v0x55a796566ed0_0;
L_0x55a796577d50 .functor MUXZ 2, L_0x7f2305d010f0, L_0x7f2305d010a8, L_0x55a796577c40, C4<>;
L_0x55a796577f10 .part L_0x55a796577d50, 0, 1;
S_0x55a79654f6e0 .scope module, "div_inst" "time_divider" 3 11, 4 1 0, S_0x55a79654c180;
 .timescale 0 0;
    .port_info 0 /INPUT 1 "i_clk"
    .port_info 1 /INPUT 1 "rst_n"
    .port_info 2 /OUTPUT 1 "o_clk"
P_0x55a79654f8b0 .param/l "ratio" 0 4 3, +C4<00000000000000000000000000000010>;
v0x55a79654f9c0_0 .var "count", 31 0;
v0x55a796566320_0 .net "i_clk", 0 0, v0x55a796567580_0;  alias, 1 drivers
v0x55a7965663e0_0 .var/i "lim", 31 0;
v0x55a7965664d0_0 .var "o_clk", 0 0;
v0x55a796566590_0 .net "rst_n", 0 0, v0x55a796567650_0;  alias, 1 drivers
E_0x55a796549810/0 .event negedge, v0x55a796566590_0;
E_0x55a796549810/1 .event posedge, v0x55a796566320_0;
E_0x55a796549810 .event/or E_0x55a796549810/0, E_0x55a796549810/1;
    .scope S_0x55a79654f6e0;
T_0 ;
    %pushi/vec4 0, 0, 1;
    %store/vec4 v0x55a7965664d0_0, 0, 1;
    %pushi/vec4 1, 0, 32;
    %store/vec4 v0x55a7965663e0_0, 0, 32;
    %end;
    .thread T_0;
    .scope S_0x55a79654f6e0;
T_1 ;
    %wait E_0x55a796549810;
    %load/vec4 v0x55a796566590_0;
    %nor/r;
    %flag_set/vec4 8;
    %jmp/0xz  T_1.0, 8;
    %pushi/vec4 0, 0, 32;
    %assign/vec4 v0x55a79654f9c0_0, 0;
    %jmp T_1.1;
T_1.0 ;
    %load/vec4 v0x55a79654f9c0_0;
    %load/vec4 v0x55a7965663e0_0;
    %cmp/u;
    %jmp/0xz  T_1.2, 5;
    %load/vec4 v0x55a79654f9c0_0;
    %addi 1, 0, 32;
    %assign/vec4 v0x55a79654f9c0_0, 0;
    %jmp T_1.3;
T_1.2 ;
    %pushi/vec4 0, 0, 32;
    %assign/vec4 v0x55a79654f9c0_0, 0;
    %load/vec4 v0x55a7965664d0_0;
    %inv;
    %assign/vec4 v0x55a7965664d0_0, 0;
T_1.3 ;
T_1.1 ;
    %jmp T_1;
    .thread T_1;
    .scope S_0x55a79654c180;
T_2 ;
    %wait E_0x55a7965494c0;
    %load/vec4 v0x55a796567200_0;
    %nor/r;
    %flag_set/vec4 8;
    %jmp/0xz  T_2.0, 8;
    %pushi/vec4 0, 0, 13;
    %store/vec4 v0x55a796566ed0_0, 0, 13;
    %jmp T_2.1;
T_2.0 ;
    %load/vec4 v0x55a796566ed0_0;
    %pad/u 32;
    %cmpi/e 2000, 0, 32;
    %jmp/0xz  T_2.2, 4;
    %pushi/vec4 0, 0, 13;
    %store/vec4 v0x55a796566ed0_0, 0, 13;
    %jmp T_2.3;
T_2.2 ;
    %load/vec4 v0x55a796566ed0_0;
    %addi 1, 0, 13;
    %store/vec4 v0x55a796566ed0_0, 0, 13;
T_2.3 ;
T_2.1 ;
    %jmp T_2;
    .thread T_2;
    .scope S_0x55a79654c000;
T_3 ;
    %pushi/vec4 50, 0, 13;
    %store/vec4 v0x55a7965673e0_0, 0, 13;
    %pushi/vec4 0, 0, 1;
    %store/vec4 v0x55a796567580_0, 0, 1;
    %pushi/vec4 1, 0, 1;
    %store/vec4 v0x55a796567650_0, 0, 1;
    %delay 5, 0;
    %pushi/vec4 0, 0, 1;
    %store/vec4 v0x55a796567650_0, 0, 1;
    %delay 5, 0;
    %pushi/vec4 1, 0, 1;
    %store/vec4 v0x55a796567650_0, 0, 1;
    %pushi/vec4 0, 0, 32;
    %store/vec4 v0x55a7965674c0_0, 0, 32;
T_3.0 ;
    %load/vec4 v0x55a7965674c0_0;
    %cmpi/s 20000, 0, 32;
    %jmp/0xz T_3.1, 5;
    %delay 5, 0;
    %pushi/vec4 1, 0, 1;
    %store/vec4 v0x55a796567580_0, 0, 1;
    %delay 5, 0;
    %pushi/vec4 0, 0, 1;
    %store/vec4 v0x55a796567580_0, 0, 1;
    %load/vec4 v0x55a7965674c0_0;
    %addi 1, 0, 32;
    %store/vec4 v0x55a7965674c0_0, 0, 32;
    %jmp T_3.0;
T_3.1 ;
    %end;
    .thread T_3;
    .scope S_0x55a79654c000;
T_4 ;
    %vpi_call 2 24 "$dumpfile", "./build/wave.vcd" {0 0 0};
    %vpi_call 2 25 "$dumpvars", 32'sb00000000000000000000000000000000, S_0x55a79654c000 {0 0 0};
    %delay 100000, 0;
    %vpi_call 2 26 "$finish" {0 0 0};
    %end;
    .thread T_4;
# The file index is used to find the file name in the following table.
:file_names 5;
    "N/A";
    "<interactive>";
    "./src/pwm_driver_tb.v";
    "./src/pwm_driver.v";
    "./src/time_divider.v";
